#
# A fatal error has been detected by the Java Runtime Environment:
#
#  SIGSEGV (0xb) at pc=0x00007f120a6989b3, pid=8549, tid=8578
#
# JRE version: OpenJDK Runtime Environment (11.0.13+8) (build 11.0.13+8-Ubuntu-0ubuntu1.20.04)
# Java VM: OpenJDK 64-Bit Server VM (11.0.13+8-Ubuntu-0ubuntu1.20.04, mixed mode, sharing, tiered, compressed oops, g1 gc, linux-amd64)
# Problematic frame:
# V  [libjvm.so+0x7909b3]
#
# Core dump will be written. Default location: Core dumps may be processed with "/usr/share/apport/apport %p %s %c %d %P %E" (or dumping to /home/windows/Vídeos/Criando um Banco Digital com Java e Orientação a Objetos/projeto/bdb/core.8549)
#
# If you would like to submit a bug report, please visit:
#   https://bugs.launchpad.net/ubuntu/+source/openjdk-lts
#

---------------  S U M M A R Y ------------

Command Line: -agentlib:jdwp=transport=dt_socket,server=n,suspend=y,address=127.0.0.1:42435 -Dfile.encoding=UTF-8 -Duser.country=BR -Duser.language=pt -Duser.variant com.bruno.bdb.BasicDigitalBankApplication

Host: Intel(R) Core(TM) i5-2520M CPU @ 2.50GHz, 4 cores, 7G, Ubuntu 20.04.3 LTS
Time: Mon Jan 24 21:23:51 2022 -03 elapsed time: 8.398968 seconds (0d 0h 0m 8s)

---------------  T H R E A D  ---------------

Current thread (0x00007f11d0002800):  GCTaskThread "GC Thread#2" [stack: 0x00007f11dcb60000,0x00007f11dcc60000] [id=8578]

Stack: [0x00007f11dcb60000,0x00007f11dcc60000],  sp=0x00007f11dcc5e930,  free space=1018k
Native frames: (J=compiled Java code, A=aot compiled Java code, j=interpreted, Vv=VM code, C=native code)
V  [libjvm.so+0x7909b3]
V  [libjvm.so+0x78e423]
V  [libjvm.so+0x78be7b]
V  [libjvm.so+0x79f20d]
V  [libjvm.so+0x6ff26f]
V  [libjvm.so+0x742cc2]
V  [libjvm.so+0x79a32f]
V  [libjvm.so+0x79a4a0]
V  [libjvm.so+0x753102]
V  [libjvm.so+0xeba7cd]
V  [libjvm.so+0xe21850]
V  [libjvm.so+0xbe0406]


siginfo: si_signo: 11 (SIGSEGV), si_code: 128 (SI_KERNEL), si_addr: 0x0000000000000000

Register to memory mapping:

RAX=0x4141414141414141 is an unknown value
RBX=0x00007f11980025b0 points into unknown readable memory: 0x00007f120b071130 | 30 11 07 0b 12 7f 00 00
RCX=0x0000000000000014 is an unknown value
RDX=0x00007f1204044130 points into unknown readable memory: 0x00007f1208f4e000 | 00 e0 f4 08 12 7f 00 00
RSP=0x00007f11dcc5e930 points into unknown readable memory: 0x00007f120b178368 | 68 83 17 0b 12 7f 00 00
RBP=0x00007f11dcc5e970 points into unknown readable memory: 0x00007f11dcc5ea00 | 00 ea c5 dc 11 7f 00 00
RSI=0x0000000000000856 is an unknown value
RDI=0x0 is NULL
R8 =0x0000000800000000 is pointing into metadata
R9 =0x0000000085658130 points into unknown readable memory: 0x0000000000000019 | 19 00 00 00 00 00 00 00
R10=0x0000000000000019 is an unknown value
R11=0x0000000000000002 is an unknown value
R12=0x0000000085658160 points into unknown readable memory: 0x0000000000000001 | 01 00 00 00 00 00 00 00
R13=0x00007f1198002720 points into unknown readable memory: 0x00007f120b0710f0 | f0 10 07 0b 12 7f 00 00
R14=0x0000000085658180 points into unknown readable memory: 0x0000000000000000 | 00 00 00 00 00 00 00 00
R15=0x0 is NULL


Registers:
RAX=0x4141414141414141, RBX=0x00007f11980025b0, RCX=0x0000000000000014, RDX=0x00007f1204044130
RSP=0x00007f11dcc5e930, RBP=0x00007f11dcc5e970, RSI=0x0000000000000856, RDI=0x0000000000000000
R8 =0x0000000800000000, R9 =0x0000000085658130, R10=0x0000000000000019, R11=0x0000000000000002
R12=0x0000000085658160, R13=0x00007f1198002720, R14=0x0000000085658180, R15=0x0000000000000000
RIP=0x00007f120a6989b3, EFLAGS=0x0000000000010246, CSGSFS=0x002b000000000033, ERR=0x0000000000000000
  TRAPNO=0x000000000000000d

Top of Stack: (sp=0x00007f11dcc5e930)
0x00007f11dcc5e930:   00007f120b178368 00000000856580f8
0x00007f11dcc5e940:   00007f120b146938 000000000000000a
0x00007f11dcc5e950:   000000008cf9efa8 00007f11980025b0
0x00007f11dcc5e960:   00007f1198002720 0000000000000001 

Instructions: (pc=0x00007f120a6989b3)
0x00007f120a6988b3:   e8 08 e3 fa ff 84 c0 0f 84 d8 fd ff ff 41 80 7c
0x00007f120a6988c3:   24 28 00 0f 84 cc fd ff ff 49 8b 44 24 50 48 8b
0x00007f120a6988d3:   55 c8 49 8d 7c 24 18 48 03 50 40 48 89 d6 e8 2a
0x00007f120a6988e3:   a0 4d 00 e9 ad fd ff ff 0f 1f 44 00 00 49 8d bc
0x00007f120a6988f3:   24 90 00 00 00 e8 03 25 fc ff 49 8b 84 24 b0 00
0x00007f120a698903:   00 00 e9 1d fe ff ff 66 0f 1f 44 00 00 f3 0f 1e
0x00007f120a698913:   fa 55 48 89 e5 41 57 41 56 41 55 41 54 53 48 83
0x00007f120a698923:   ec 18 48 8d 15 60 df ad 00 80 3a 01 48 19 c0 83
0x00007f120a698933:   e0 04 80 3a 01 48 19 d2 48 63 44 06 0c 83 e2 08
0x00007f120a698943:   4c 8d 64 16 10 4d 8d 34 84 4d 39 f4 0f 83 33 01
0x00007f120a698953:   00 00 49 89 fd 45 31 ff eb 78 0f 1f 00 48 8d 0d
0x00007f120a698963:   65 f2 ad 00 4c 89 e6 48 31 c6 8b 09 48 d3 ee 48
0x00007f120a698973:   85 f6 74 51 40 80 ff ff 0f 84 47 01 00 00 49 8b
0x00007f120a698983:   55 20 8b 92 04 01 00 00 83 e2 02 75 38 49 8b 5d
0x00007f120a698993:   18 48 8b 53 08 8b 8a c0 02 00 00 48 8b 92 b0 02
0x00007f120a6989a3:   00 00 48 d3 e8 48 8b 04 c2 48 8b 80 f8 00 00 00
0x00007f120a6989b3:   8b 80 18 01 00 00 85 c0 0f 85 3f 01 00 00 0f 1f
0x00007f120a6989c3:   80 00 00 00 00 49 83 c4 04 4d 39 e6 0f 86 b3 00
0x00007f120a6989d3:   00 00 41 8b 04 24 85 c0 74 eb 48 8d 15 3c 0e ab
0x00007f120a6989e3:   00 8b 4a 08 48 d3 e0 48 03 02 49 8b 55 10 48 89
0x00007f120a6989f3:   c7 8b 8a f0 06 00 00 48 8b b2 e0 06 00 00 48 d3
0x00007f120a698a03:   ef 0f b6 3c 3e 40 84 ff 0f 8e 4f ff ff ff 42 0f
0x00007f120a698a13:   18 0c 38 ba 10 00 00 00 0f 18 0c 10 49 8b 45 18
0x00007f120a698a23:   4c 89 e1 48 83 c9 01 48 8b 58 10 8b 03 8b 93 80
0x00007f120a698a33:   00 00 00 89 c7 89 c6 29 d7 89 fa 81 e2 ff ff 01
0x00007f120a698a43:   00 81 fa fd ff 01 00 76 59 81 fa ff ff 01 00 74
0x00007f120a698a53:   4c 48 8b 83 b0 00 00 00 48 3b 83 98 00 00 00 0f
0x00007f120a698a63:   84 e8 00 00 00 48 8b 93 c8 00 00 00 49 83 c4 04
0x00007f120a698a73:   48 89 0c c2 48 83 83 b0 00 00 00 01 4d 39 e6 0f
0x00007f120a698a83:   87 4d ff ff ff 48 83 c4 18 5b 41 5c 41 5d 41 5e
0x00007f120a698a93:   41 5f 5d c3 66 0f 1f 84 00 00 00 00 00 8b 33 48
0x00007f120a698aa3:   89 f0 48 8b 93 88 00 00 00 83 c0 01 25 ff ff 01 


Stack slot to memory mapping:
stack at sp + 0 slots: 0x00007f120b178368: <offset 0x0000000001270368> in /usr/lib/jvm/java-11-openjdk-amd64/lib/server/libjvm.so at 0x00007f1209f08000
stack at sp + 1 slots: 0x00000000856580f8 points into unknown readable memory: 0x000000000000001d | 1d 00 00 00 00 00 00 00
stack at sp + 2 slots: 0x00007f120b146938: <offset 0x000000000123e938> in /usr/lib/jvm/java-11-openjdk-amd64/lib/server/libjvm.so at 0x00007f1209f08000
stack at sp + 3 slots: 0x000000000000000a is an unknown value
stack at sp + 4 slots: 0x000000008cf9efa8 points into unknown readable memory: 0x0000000085658133 | 33 81 65 85 00 00 00 00
stack at sp + 5 slots: 0x00007f11980025b0 points into unknown readable memory: 0x00007f120b071130 | 30 11 07 0b 12 7f 00 00
stack at sp + 6 slots: 0x00007f1198002720 points into unknown readable memory: 0x00007f120b0710f0 | f0 10 07 0b 12 7f 00 00
stack at sp + 7 slots: 0x0000000000000001 is an unknown value


---------------  P R O C E S S  ---------------

Threads class SMR info:
_java_thread_list=0x00007f12055bf040, length=17, elements={
0x00007f120401b000, 0x00007f1204114000, 0x00007f1204116000, 0x00007f120411c000,
0x00007f120411e000, 0x00007f1204120000, 0x00007f1204122000, 0x00007f1204124000,
0x00007f120416c800, 0x00007f1204170000, 0x00007f11b0001800, 0x00007f1204176800,
0x00007f1205584000, 0x00007f118c05e000, 0x00007f12055a1800, 0x00007f117c001800,
0x00007f12055a3800
}

Java Threads: ( => current thread )
  0x00007f120401b000 JavaThread "main" [_thread_blocked, id=8551, stack(0x00007f1209abb000,0x00007f1209bbc000)]
  0x00007f1204114000 JavaThread "Reference Handler" daemon [_thread_blocked, id=8562, stack(0x00007f11ec44a000,0x00007f11ec54b000)]
  0x00007f1204116000 JavaThread "Finalizer" daemon [_thread_blocked, id=8563, stack(0x00007f11ec349000,0x00007f11ec44a000)]
  0x00007f120411c000 JavaThread "Signal Dispatcher" daemon [_thread_blocked, id=8564, stack(0x00007f11ec248000,0x00007f11ec349000)]
  0x00007f120411e000 JavaThread "Service Thread" daemon [_thread_blocked, id=8565, stack(0x00007f11ec147000,0x00007f11ec248000)]
  0x00007f1204120000 JavaThread "C2 CompilerThread0" daemon [_thread_blocked, id=8566, stack(0x00007f11ec046000,0x00007f11ec147000)]
  0x00007f1204122000 JavaThread "C1 CompilerThread0" daemon [_thread_blocked, id=8567, stack(0x00007f11e414f000,0x00007f11e4250000)]
  0x00007f1204124000 JavaThread "Sweeper thread" daemon [_thread_blocked, id=8568, stack(0x00007f11e404e000,0x00007f11e414f000)]
  0x00007f120416c800 JavaThread "JDWP Transport Listener: dt_socket" daemon [_thread_blocked, id=8569, stack(0x00007f11dd18d000,0x00007f11dd28e000)]
  0x00007f1204170000 JavaThread "JDWP Event Helper Thread" daemon [_thread_blocked, id=8571, stack(0x00007f11dd08c000,0x00007f11dd18d000)]
  0x00007f11b0001800 JavaThread "JDWP Command Reader" daemon [_thread_in_native, id=8572, stack(0x00007f11dcf8b000,0x00007f11dd08c000)]
  0x00007f1204176800 JavaThread "Common-Cleaner" daemon [_thread_blocked, id=8576, stack(0x00007f11dcd88000,0x00007f11dce89000)]
  0x00007f1205584000 JavaThread "HikariPool-1 housekeeper" daemon [_thread_blocked, id=8612, stack(0x00007f11dc769000,0x00007f11dc86a000)]
  0x00007f118c05e000 JavaThread "HikariPool-1 connection adder" daemon [_thread_blocked, id=8613, stack(0x00007f11dc06f000,0x00007f11dc170000)]
  0x00007f12055a1800 JavaThread "Catalina-utility-1" [_thread_blocked, id=8614, stack(0x00007f118a961000,0x00007f118aa62000)]
  0x00007f117c001800 JavaThread "Catalina-utility-2" [_thread_blocked, id=8615, stack(0x00007f118a860000,0x00007f118a961000)]
  0x00007f12055a3800 JavaThread "container-0" [_thread_blocked, id=8616, stack(0x00007f118a75f000,0x00007f118a860000)]

Other Threads:
  0x00007f1204111000 VMThread "VM Thread" [stack: 0x00007f11ec54d000,0x00007f11ec64d000] [id=8561]
  0x00007f1204172800 WatcherThread [stack: 0x00007f11dce8b000,0x00007f11dcf8b000] [id=8575]
  0x00007f1204032800 GCTaskThread "GC Thread#0" [stack: 0x00007f120972f000,0x00007f120982f000] [id=8556]
  0x00007f11d0001000 GCTaskThread "GC Thread#1" [stack: 0x00007f11dcc62000,0x00007f11dcd62000] [id=8577]
=>0x00007f11d0002800 GCTaskThread "GC Thread#2" [stack: 0x00007f11dcb60000,0x00007f11dcc60000] [id=8578]
  0x00007f11d0005000 GCTaskThread "GC Thread#3" [stack: 0x00007f11dc572000,0x00007f11dc672000] [id=8590]
  0x00007f1204064000 ConcurrentGCThread "G1 Main Marker" [stack: 0x00007f1208656000,0x00007f1208756000] [id=8557]
  0x00007f1204066000 ConcurrentGCThread "G1 Conc#0" [stack: 0x00007f1208554000,0x00007f1208654000] [id=8558]
  0x00007f12040de000 ConcurrentGCThread "G1 Refine#0" [stack: 0x00007f120804e000,0x00007f120814e000] [id=8559]
  0x00007f12040e0000 ConcurrentGCThread "G1 Young RemSet Sampling" [stack: 0x00007f11ec753000,0x00007f11ec853000] [id=8560]

Threads with active compile tasks:
C2 CompilerThread0   8406 4237   !   4       jdk.internal.loader.BuiltinClassLoader::findClassOnClassPathOrNull (64 bytes)

VM state:at safepoint (normal execution)

VM Mutex/Monitor currently owned by a thread:  ([mutex/lock_event])
[0x00007f12040175b0] Threads_lock - owner thread: 0x00007f1204111000
[0x00007f1204017d90] Heap_lock - owner thread: 0x00007f120401b000

Heap address: 0x0000000084a00000, size: 1974 MB, Compressed Oops mode: 32-bit
Narrow klass base: 0x0000000800000000, Narrow klass shift: 3
Compressed class space size: 1073741824 Address: 0x0000000840000000

Heap:
 garbage-first heap   total 206848K, used 109117K [0x0000000084a00000, 0x0000000100000000)
  region size 1024K, 95 young (97280K), 7 survivors (7168K)
 Metaspace       used 49378K, capacity 50693K, committed 51100K, reserved 1093632K
  class space    used 6306K, capacity 6815K, committed 6912K, reserved 1048576K
Heap Regions: E=young(eden), S=young(survivor), O=old, HS=humongous(starts), HC=humongous(continues), CS=collection set, F=free, A=archive, TAMS=top-at-mark-start (previous, next)
|   0|0x0000000084a00000, 0x0000000084b00000, 0x0000000084b00000|100%|HS|  |TAMS 0x0000000084b00000, 0x0000000084b00000| Complete 
|   1|0x0000000084b00000, 0x0000000084c00000, 0x0000000084c00000|100%| O|  |TAMS 0x0000000084c00000, 0x0000000084c00000| Untracked 
|   2|0x0000000084c00000, 0x0000000084d00000, 0x0000000084d00000|100%| O|  |TAMS 0x0000000084d00000, 0x0000000084d00000| Untracked 
|   3|0x0000000084d00000, 0x0000000084e00000, 0x0000000084e00000|100%| O|  |TAMS 0x0000000084e00000, 0x0000000084e00000| Untracked 
|   4|0x0000000084e00000, 0x0000000084f00000, 0x0000000084f00000|100%| O|  |TAMS 0x0000000084f00000, 0x0000000084f00000| Untracked 
|   5|0x0000000084f00000, 0x0000000085000000, 0x0000000085000000|100%| O|  |TAMS 0x0000000085000000, 0x0000000085000000| Untracked 
|   6|0x0000000085000000, 0x0000000085100000, 0x0000000085100000|100%| O|  |TAMS 0x0000000085100000, 0x0000000085100000| Untracked 
|   7|0x0000000085100000, 0x0000000085200000, 0x0000000085200000|100%| O|  |TAMS 0x0000000085200000, 0x0000000085200000| Untracked 
|   8|0x0000000085200000, 0x0000000085300000, 0x0000000085300000|100%| O|  |TAMS 0x0000000085300000, 0x0000000085300000| Untracked 
|   9|0x0000000085300000, 0x0000000085400000, 0x0000000085400000|100%| O|  |TAMS 0x0000000085400000, 0x0000000085400000| Untracked 
|  10|0x0000000085400000, 0x0000000085500000, 0x0000000085500000|100%| O|  |TAMS 0x0000000085463a00, 0x0000000085500000| Untracked 
|  11|0x0000000085500000, 0x0000000085600000, 0x0000000085600000|100%| O|  |TAMS 0x0000000085500000, 0x0000000085600000| Untracked 
|  12|0x0000000085600000, 0x0000000085700000, 0x0000000085700000|100%| O|  |TAMS 0x0000000085600000, 0x0000000085700000| Untracked 
|  13|0x0000000085700000, 0x00000000857b5440, 0x0000000085800000| 70%| O|  |TAMS 0x0000000085700000, 0x0000000085800000| Untracked 
|  14|0x0000000085800000, 0x0000000085800000, 0x0000000085900000|  0%| F|  |TAMS 0x0000000085800000, 0x0000000085800000| Untracked 
|  15|0x0000000085900000, 0x0000000085900000, 0x0000000085a00000|  0%| F|  |TAMS 0x0000000085900000, 0x0000000085900000| Untracked 
|  16|0x0000000085a00000, 0x0000000085a00000, 0x0000000085b00000|  0%| F|  |TAMS 0x0000000085a00000, 0x0000000085a00000| Untracked 
|  17|0x0000000085b00000, 0x0000000085b00000, 0x0000000085c00000|  0%| F|  |TAMS 0x0000000085b00000, 0x0000000085b00000| Untracked 
|  18|0x0000000085c00000, 0x0000000085c00000, 0x0000000085d00000|  0%| F|  |TAMS 0x0000000085c00000, 0x0000000085c00000| Untracked 
|  19|0x0000000085d00000, 0x0000000085d00000, 0x0000000085e00000|  0%| F|  |TAMS 0x0000000085d00000, 0x0000000085d00000| Untracked 
|  20|0x0000000085e00000, 0x0000000085e00000, 0x0000000085f00000|  0%| F|  |TAMS 0x0000000085e00000, 0x0000000085e00000| Untracked 
|  21|0x0000000085f00000, 0x0000000085f00000, 0x0000000086000000|  0%| F|  |TAMS 0x0000000085f00000, 0x0000000085f00000| Untracked 
|  22|0x0000000086000000, 0x0000000086000000, 0x0000000086100000|  0%| F|  |TAMS 0x0000000086000000, 0x0000000086000000| Untracked 
|  23|0x0000000086100000, 0x0000000086100000, 0x0000000086200000|  0%| F|  |TAMS 0x0000000086100000, 0x0000000086100000| Untracked 
|  24|0x0000000086200000, 0x0000000086200000, 0x0000000086300000|  0%| F|  |TAMS 0x0000000086200000, 0x0000000086200000| Untracked 
|  25|0x0000000086300000, 0x0000000086300000, 0x0000000086400000|  0%| F|  |TAMS 0x0000000086300000, 0x0000000086300000| Untracked 
|  26|0x0000000086400000, 0x0000000086400000, 0x0000000086500000|  0%| F|  |TAMS 0x0000000086400000, 0x0000000086400000| Untracked 
|  27|0x0000000086500000, 0x0000000086500000, 0x0000000086600000|  0%| F|  |TAMS 0x0000000086500000, 0x0000000086500000| Untracked 
|  28|0x0000000086600000, 0x0000000086600000, 0x0000000086700000|  0%| F|  |TAMS 0x0000000086600000, 0x0000000086600000| Untracked 
|  29|0x0000000086700000, 0x0000000086700000, 0x0000000086800000|  0%| F|  |TAMS 0x0000000086700000, 0x0000000086700000| Untracked 
|  30|0x0000000086800000, 0x0000000086800000, 0x0000000086900000|  0%| F|  |TAMS 0x0000000086800000, 0x0000000086800000| Untracked 
|  31|0x0000000086900000, 0x0000000086900000, 0x0000000086a00000|  0%| F|  |TAMS 0x0000000086900000, 0x0000000086900000| Untracked 
|  32|0x0000000086a00000, 0x0000000086a00000, 0x0000000086b00000|  0%| F|  |TAMS 0x0000000086a00000, 0x0000000086a00000| Untracked 
|  33|0x0000000086b00000, 0x0000000086b00000, 0x0000000086c00000|  0%| F|  |TAMS 0x0000000086b00000, 0x0000000086b00000| Untracked 
|  34|0x0000000086c00000, 0x0000000086c00000, 0x0000000086d00000|  0%| F|  |TAMS 0x0000000086c00000, 0x0000000086c00000| Untracked 
|  35|0x0000000086d00000, 0x0000000086d00000, 0x0000000086e00000|  0%| F|  |TAMS 0x0000000086d00000, 0x0000000086d00000| Untracked 
|  36|0x0000000086e00000, 0x0000000086e00000, 0x0000000086f00000|  0%| F|  |TAMS 0x0000000086e00000, 0x0000000086e00000| Untracked 
|  37|0x0000000086f00000, 0x0000000086f00000, 0x0000000087000000|  0%| F|  |TAMS 0x0000000086f00000, 0x0000000086f00000| Untracked 
|  38|0x0000000087000000, 0x0000000087000000, 0x0000000087100000|  0%| F|  |TAMS 0x0000000087000000, 0x0000000087000000| Untracked 
|  39|0x0000000087100000, 0x0000000087100000, 0x0000000087200000|  0%| F|  |TAMS 0x0000000087100000, 0x0000000087100000| Untracked 
|  40|0x0000000087200000, 0x0000000087200000, 0x0000000087300000|  0%| F|  |TAMS 0x0000000087200000, 0x0000000087200000| Untracked 
|  41|0x0000000087300000, 0x0000000087300000, 0x0000000087400000|  0%| F|  |TAMS 0x0000000087300000, 0x0000000087300000| Untracked 
|  42|0x0000000087400000, 0x0000000087400000, 0x0000000087500000|  0%| F|  |TAMS 0x0000000087400000, 0x0000000087400000| Untracked 
|  43|0x0000000087500000, 0x0000000087500000, 0x0000000087600000|  0%| F|  |TAMS 0x0000000087500000, 0x0000000087500000| Untracked 
|  44|0x0000000087600000, 0x0000000087600000, 0x0000000087700000|  0%| F|  |TAMS 0x0000000087600000, 0x0000000087600000| Untracked 
|  45|0x0000000087700000, 0x0000000087700000, 0x0000000087800000|  0%| F|  |TAMS 0x0000000087700000, 0x0000000087700000| Untracked 
|  46|0x0000000087800000, 0x0000000087800000, 0x0000000087900000|  0%| F|  |TAMS 0x0000000087800000, 0x0000000087800000| Untracked 
|  47|0x0000000087900000, 0x0000000087900000, 0x0000000087a00000|  0%| F|  |TAMS 0x0000000087900000, 0x0000000087900000| Untracked 
|  48|0x0000000087a00000, 0x0000000087a00000, 0x0000000087b00000|  0%| F|  |TAMS 0x0000000087a00000, 0x0000000087a00000| Untracked 
|  49|0x0000000087b00000, 0x0000000087b00000, 0x0000000087c00000|  0%| F|  |TAMS 0x0000000087b00000, 0x0000000087b00000| Untracked 
|  50|0x0000000087c00000, 0x0000000087c00000, 0x0000000087d00000|  0%| F|  |TAMS 0x0000000087c00000, 0x0000000087c00000| Untracked 
|  51|0x0000000087d00000, 0x0000000087d00000, 0x0000000087e00000|  0%| F|  |TAMS 0x0000000087d00000, 0x0000000087d00000| Untracked 
|  52|0x0000000087e00000, 0x0000000087e00000, 0x0000000087f00000|  0%| F|  |TAMS 0x0000000087e00000, 0x0000000087e00000| Untracked 
|  53|0x0000000087f00000, 0x0000000087f00000, 0x0000000088000000|  0%| F|  |TAMS 0x0000000087f00000, 0x0000000087f00000| Untracked 
|  54|0x0000000088000000, 0x0000000088000000, 0x0000000088100000|  0%| F|  |TAMS 0x0000000088000000, 0x0000000088000000| Untracked 
|  55|0x0000000088100000, 0x0000000088100000, 0x0000000088200000|  0%| F|  |TAMS 0x0000000088100000, 0x0000000088100000| Untracked 
|  56|0x0000000088200000, 0x0000000088200000, 0x0000000088300000|  0%| F|  |TAMS 0x0000000088200000, 0x0000000088200000| Untracked 
|  57|0x0000000088300000, 0x0000000088300000, 0x0000000088400000|  0%| F|  |TAMS 0x0000000088300000, 0x0000000088300000| Untracked 
|  58|0x0000000088400000, 0x0000000088400000, 0x0000000088500000|  0%| F|  |TAMS 0x0000000088400000, 0x0000000088400000| Untracked 
|  59|0x0000000088500000, 0x0000000088500000, 0x0000000088600000|  0%| F|  |TAMS 0x0000000088500000, 0x0000000088500000| Untracked 
|  60|0x0000000088600000, 0x0000000088600000, 0x0000000088700000|  0%| F|  |TAMS 0x0000000088600000, 0x0000000088600000| Untracked 
|  61|0x0000000088700000, 0x0000000088700000, 0x0000000088800000|  0%| F|  |TAMS 0x0000000088700000, 0x0000000088700000| Untracked 
|  62|0x0000000088800000, 0x0000000088800000, 0x0000000088900000|  0%| F|  |TAMS 0x0000000088800000, 0x0000000088800000| Untracked 
|  63|0x0000000088900000, 0x0000000088900000, 0x0000000088a00000|  0%| F|  |TAMS 0x0000000088900000, 0x0000000088900000| Untracked 
|  64|0x0000000088a00000, 0x0000000088a00000, 0x0000000088b00000|  0%| F|  |TAMS 0x0000000088a00000, 0x0000000088a00000| Untracked 
|  65|0x0000000088b00000, 0x0000000088b00000, 0x0000000088c00000|  0%| F|  |TAMS 0x0000000088b00000, 0x0000000088b00000| Untracked 
|  66|0x0000000088c00000, 0x0000000088c00000, 0x0000000088d00000|  0%| F|  |TAMS 0x0000000088c00000, 0x0000000088c00000| Untracked 
|  67|0x0000000088d00000, 0x0000000088d00000, 0x0000000088e00000|  0%| F|  |TAMS 0x0000000088d00000, 0x0000000088d00000| Untracked 
|  68|0x0000000088e00000, 0x0000000088e00000, 0x0000000088f00000|  0%| F|  |TAMS 0x0000000088e00000, 0x0000000088e00000| Untracked 
|  69|0x0000000088f00000, 0x0000000088f00000, 0x0000000089000000|  0%| F|  |TAMS 0x0000000088f00000, 0x0000000088f00000| Untracked 
|  70|0x0000000089000000, 0x0000000089000000, 0x0000000089100000|  0%| F|  |TAMS 0x0000000089000000, 0x0000000089000000| Untracked 
|  71|0x0000000089100000, 0x0000000089100000, 0x0000000089200000|  0%| F|  |TAMS 0x0000000089100000, 0x0000000089100000| Untracked 
|  72|0x0000000089200000, 0x0000000089200000, 0x0000000089300000|  0%| F|  |TAMS 0x0000000089200000, 0x0000000089200000| Untracked 
|  73|0x0000000089300000, 0x0000000089300000, 0x0000000089400000|  0%| F|  |TAMS 0x0000000089300000, 0x0000000089300000| Untracked 
|  74|0x0000000089400000, 0x0000000089400000, 0x0000000089500000|  0%| F|  |TAMS 0x0000000089400000, 0x0000000089400000| Untracked 
|  75|0x0000000089500000, 0x0000000089500000, 0x0000000089600000|  0%| F|  |TAMS 0x0000000089500000, 0x0000000089500000| Untracked 
|  76|0x0000000089600000, 0x0000000089600000, 0x0000000089700000|  0%| F|  |TAMS 0x0000000089600000, 0x0000000089600000| Untracked 
|  77|0x0000000089700000, 0x0000000089700000, 0x0000000089800000|  0%| F|  |TAMS 0x0000000089700000, 0x0000000089700000| Untracked 
|  78|0x0000000089800000, 0x0000000089800000, 0x0000000089900000|  0%| F|  |TAMS 0x0000000089800000, 0x0000000089800000| Untracked 
|  79|0x0000000089900000, 0x0000000089900000, 0x0000000089a00000|  0%| F|  |TAMS 0x0000000089900000, 0x0000000089900000| Untracked 
|  80|0x0000000089a00000, 0x0000000089a00000, 0x0000000089b00000|  0%| F|  |TAMS 0x0000000089a00000, 0x0000000089a00000| Untracked 
|  81|0x0000000089b00000, 0x0000000089b00000, 0x0000000089c00000|  0%| F|  |TAMS 0x0000000089b00000, 0x0000000089b00000| Untracked 
|  82|0x0000000089c00000, 0x0000000089c00000, 0x0000000089d00000|  0%| F|  |TAMS 0x0000000089c00000, 0x0000000089c00000| Untracked 
|  83|0x0000000089d00000, 0x0000000089d00000, 0x0000000089e00000|  0%| F|  |TAMS 0x0000000089d00000, 0x0000000089d00000| Untracked 
|  84|0x0000000089e00000, 0x0000000089e00000, 0x0000000089f00000|  0%| F|  |TAMS 0x0000000089e00000, 0x0000000089e00000| Untracked 
|  85|0x0000000089f00000, 0x0000000089f00000, 0x000000008a000000|  0%| F|  |TAMS 0x0000000089f00000, 0x0000000089f00000| Untracked 
|  86|0x000000008a000000, 0x000000008a000000, 0x000000008a100000|  0%| F|  |TAMS 0x000000008a000000, 0x000000008a000000| Untracked 
|  87|0x000000008a100000, 0x000000008a100000, 0x000000008a200000|  0%| F|  |TAMS 0x000000008a100000, 0x000000008a100000| Untracked 
|  88|0x000000008a200000, 0x000000008a200000, 0x000000008a300000|  0%| F|  |TAMS 0x000000008a200000, 0x000000008a200000| Untracked 
|  89|0x000000008a300000, 0x000000008a300000, 0x000000008a400000|  0%| F|  |TAMS 0x000000008a300000, 0x000000008a300000| Untracked 
|  90|0x000000008a400000, 0x000000008a400000, 0x000000008a500000|  0%| F|  |TAMS 0x000000008a400000, 0x000000008a400000| Untracked 
|  91|0x000000008a500000, 0x000000008a500000, 0x000000008a600000|  0%| F|  |TAMS 0x000000008a500000, 0x000000008a500000| Untracked 
|  92|0x000000008a600000, 0x000000008a600000, 0x000000008a700000|  0%| F|  |TAMS 0x000000008a600000, 0x000000008a600000| Untracked 
|  93|0x000000008a700000, 0x000000008a700000, 0x000000008a800000|  0%| F|  |TAMS 0x000000008a700000, 0x000000008a700000| Untracked 
|  94|0x000000008a800000, 0x000000008a800000, 0x000000008a900000|  0%| F|  |TAMS 0x000000008a800000, 0x000000008a800000| Untracked 
|  95|0x000000008a900000, 0x000000008a900000, 0x000000008aa00000|  0%| F|  |TAMS 0x000000008a900000, 0x000000008a900000| Untracked 
|  96|0x000000008aa00000, 0x000000008aa00000, 0x000000008ab00000|  0%| F|  |TAMS 0x000000008aa00000, 0x000000008aa00000| Untracked 
|  97|0x000000008ab00000, 0x000000008ac00000, 0x000000008ac00000|100%| S|  |TAMS 0x000000008ab00000, 0x000000008ab00000| Complete 
|  98|0x000000008ac00000, 0x000000008ad00000, 0x000000008ad00000|100%| S|  |TAMS 0x000000008ac00000, 0x000000008ac00000| Complete 
|  99|0x000000008ad00000, 0x000000008ae00000, 0x000000008ae00000|100%| S|  |TAMS 0x000000008ad00000, 0x000000008ad00000| Complete 
| 100|0x000000008ae00000, 0x000000008af00000, 0x000000008af00000|100%| S|  |TAMS 0x000000008ae00000, 0x000000008ae00000| Complete 
| 101|0x000000008af00000, 0x000000008b000000, 0x000000008b000000|100%| S|  |TAMS 0x000000008af00000, 0x000000008af00000| Complete 
| 102|0x000000008b000000, 0x000000008b100000, 0x000000008b100000|100%| S|  |TAMS 0x000000008b000000, 0x000000008b000000| Complete 
| 103|0x000000008b100000, 0x000000008b200000, 0x000000008b200000|100%| S|  |TAMS 0x000000008b100000, 0x000000008b100000| Complete 
| 104|0x000000008b200000, 0x000000008b300000, 0x000000008b300000|100%| E|CS|TAMS 0x000000008b200000, 0x000000008b300000| Complete 
| 105|0x000000008b300000, 0x000000008b400000, 0x000000008b400000|100%| E|CS|TAMS 0x000000008b300000, 0x000000008b400000| Complete 
| 106|0x000000008b400000, 0x000000008b500000, 0x000000008b500000|100%| E|CS|TAMS 0x000000008b400000, 0x000000008b500000| Complete 
| 107|0x000000008b500000, 0x000000008b600000, 0x000000008b600000|100%| E|CS|TAMS 0x000000008b500000, 0x000000008b600000| Complete 
| 108|0x000000008b600000, 0x000000008b700000, 0x000000008b700000|100%| E|CS|TAMS 0x000000008b600000, 0x000000008b700000| Complete 
| 109|0x000000008b700000, 0x000000008b800000, 0x000000008b800000|100%| E|CS|TAMS 0x000000008b700000, 0x000000008b800000| Complete 
| 110|0x000000008b800000, 0x000000008b900000, 0x000000008b900000|100%| E|CS|TAMS 0x000000008b800000, 0x000000008b900000| Complete 
| 111|0x000000008b900000, 0x000000008ba00000, 0x000000008ba00000|100%| E|CS|TAMS 0x000000008b900000, 0x000000008ba00000| Complete 
| 112|0x000000008ba00000, 0x000000008bb00000, 0x000000008bb00000|100%| E|CS|TAMS 0x000000008ba00000, 0x000000008bb00000| Complete 
| 113|0x000000008bb00000, 0x000000008bc00000, 0x000000008bc00000|100%| E|CS|TAMS 0x000000008bb00000, 0x000000008bc00000| Complete 
| 114|0x000000008bc00000, 0x000000008bd00000, 0x000000008bd00000|100%| E|CS|TAMS 0x000000008bc00000, 0x000000008bd00000| Complete 
| 115|0x000000008bd00000, 0x000000008be00000, 0x000000008be00000|100%| E|CS|TAMS 0x000000008bd00000, 0x000000008be00000| Complete 
| 116|0x000000008be00000, 0x000000008bf00000, 0x000000008bf00000|100%| E|CS|TAMS 0x000000008be00000, 0x000000008bf00000| Complete 
| 117|0x000000008bf00000, 0x000000008c000000, 0x000000008c000000|100%| E|CS|TAMS 0x000000008bf00000, 0x000000008c000000| Complete 
| 118|0x000000008c000000, 0x000000008c100000, 0x000000008c100000|100%| E|CS|TAMS 0x000000008c000000, 0x000000008c100000| Complete 
| 119|0x000000008c100000, 0x000000008c200000, 0x000000008c200000|100%| E|CS|TAMS 0x000000008c100000, 0x000000008c200000| Complete 
| 120|0x000000008c200000, 0x000000008c300000, 0x000000008c300000|100%| E|CS|TAMS 0x000000008c200000, 0x000000008c300000| Complete 
| 121|0x000000008c300000, 0x000000008c400000, 0x000000008c400000|100%| E|CS|TAMS 0x000000008c300000, 0x000000008c400000| Complete 
| 122|0x000000008c400000, 0x000000008c500000, 0x000000008c500000|100%| E|CS|TAMS 0x000000008c400000, 0x000000008c500000| Complete 
| 123|0x000000008c500000, 0x000000008c600000, 0x000000008c600000|100%| E|CS|TAMS 0x000000008c500000, 0x000000008c600000| Complete 
| 124|0x000000008c600000, 0x000000008c700000, 0x000000008c700000|100%| E|CS|TAMS 0x000000008c600000, 0x000000008c700000| Complete 
| 125|0x000000008c700000, 0x000000008c800000, 0x000000008c800000|100%| E|CS|TAMS 0x000000008c700000, 0x000000008c800000| Complete 
| 126|0x000000008c800000, 0x000000008c900000, 0x000000008c900000|100%| E|CS|TAMS 0x000000008c800000, 0x000000008c900000| Complete 
| 127|0x000000008c900000, 0x000000008ca00000, 0x000000008ca00000|100%| E|CS|TAMS 0x000000008c900000, 0x000000008ca00000| Complete 
| 128|0x000000008ca00000, 0x000000008cb00000, 0x000000008cb00000|100%| E|CS|TAMS 0x000000008ca00000, 0x000000008cb00000| Complete 
| 129|0x000000008cb00000, 0x000000008cc00000, 0x000000008cc00000|100%| E|CS|TAMS 0x000000008cb00000, 0x000000008cc00000| Complete 
| 130|0x000000008cc00000, 0x000000008cd00000, 0x000000008cd00000|100%| E|CS|TAMS 0x000000008cc00000, 0x000000008cd00000| Complete 
| 131|0x000000008cd00000, 0x000000008ce00000, 0x000000008ce00000|100%| E|CS|TAMS 0x000000008cd00000, 0x000000008ce00000| Complete 
| 132|0x000000008ce00000, 0x000000008ce79a58, 0x000000008cf00000| 47%| E|CS|TAMS 0x000000008ce00000, 0x000000008ce79a58| Complete 
| 133|0x000000008cf00000, 0x000000008d000000, 0x000000008d000000|100%| E|CS|TAMS 0x000000008cf00000, 0x000000008d000000| Complete 
| 134|0x000000008d000000, 0x000000008d100000, 0x000000008d100000|100%| E|CS|TAMS 0x000000008d000000, 0x000000008d100000| Complete 
| 135|0x000000008d100000, 0x000000008d200000, 0x000000008d200000|100%| E|CS|TAMS 0x000000008d100000, 0x000000008d200000| Complete 
| 136|0x000000008d200000, 0x000000008d300000, 0x000000008d300000|100%| E|CS|TAMS 0x000000008d200000, 0x000000008d300000| Complete 
| 137|0x000000008d300000, 0x000000008d400000, 0x000000008d400000|100%| E|CS|TAMS 0x000000008d300000, 0x000000008d400000| Complete 
| 138|0x000000008d400000, 0x000000008d500000, 0x000000008d500000|100%| E|CS|TAMS 0x000000008d400000, 0x000000008d500000| Complete 
| 139|0x000000008d500000, 0x000000008d600000, 0x000000008d600000|100%| E|CS|TAMS 0x000000008d500000, 0x000000008d600000| Complete 
| 140|0x000000008d600000, 0x000000008d700000, 0x000000008d700000|100%| E|CS|TAMS 0x000000008d600000, 0x000000008d700000| Complete 
| 141|0x000000008d700000, 0x000000008d800000, 0x000000008d800000|100%| E|CS|TAMS 0x000000008d700000, 0x000000008d800000| Complete 
| 142|0x000000008d800000, 0x000000008d900000, 0x000000008d900000|100%| E|CS|TAMS 0x000000008d800000, 0x000000008d900000| Complete 
| 143|0x000000008d900000, 0x000000008da00000, 0x000000008da00000|100%| E|CS|TAMS 0x000000008d900000, 0x000000008da00000| Complete 
| 144|0x000000008da00000, 0x000000008db00000, 0x000000008db00000|100%| E|CS|TAMS 0x000000008da00000, 0x000000008db00000| Complete 
| 145|0x000000008db00000, 0x000000008dc00000, 0x000000008dc00000|100%| E|CS|TAMS 0x000000008db00000, 0x000000008dc00000| Complete 
| 146|0x000000008dc00000, 0x000000008dd00000, 0x000000008dd00000|100%| E|CS|TAMS 0x000000008dc00000, 0x000000008dd00000| Complete 
| 147|0x000000008dd00000, 0x000000008de00000, 0x000000008de00000|100%| E|CS|TAMS 0x000000008dd00000, 0x000000008de00000| Complete 
| 148|0x000000008de00000, 0x000000008df00000, 0x000000008df00000|100%| E|CS|TAMS 0x000000008de00000, 0x000000008df00000| Complete 
| 149|0x000000008df00000, 0x000000008e000000, 0x000000008e000000|100%| E|CS|TAMS 0x000000008df00000, 0x000000008e000000| Complete 
| 150|0x000000008e000000, 0x000000008e100000, 0x000000008e100000|100%| E|CS|TAMS 0x000000008e000000, 0x000000008e100000| Complete 
| 151|0x000000008e100000, 0x000000008e200000, 0x000000008e200000|100%| E|CS|TAMS 0x000000008e100000, 0x000000008e200000| Complete 
| 152|0x000000008e200000, 0x000000008e300000, 0x000000008e300000|100%| E|CS|TAMS 0x000000008e200000, 0x000000008e300000| Complete 
| 153|0x000000008e300000, 0x000000008e400000, 0x000000008e400000|100%| E|CS|TAMS 0x000000008e300000, 0x000000008e400000| Complete 
| 154|0x000000008e400000, 0x000000008e500000, 0x000000008e500000|100%| E|CS|TAMS 0x000000008e400000, 0x000000008e500000| Complete 
| 155|0x000000008e500000, 0x000000008e600000, 0x000000008e600000|100%| E|CS|TAMS 0x000000008e500000, 0x000000008e600000| Complete 
| 156|0x000000008e600000, 0x000000008e700000, 0x000000008e700000|100%| E|CS|TAMS 0x000000008e600000, 0x000000008e700000| Complete 
| 157|0x000000008e700000, 0x000000008e800000, 0x000000008e800000|100%| E|CS|TAMS 0x000000008e700000, 0x000000008e800000| Complete 
| 158|0x000000008e800000, 0x000000008e900000, 0x000000008e900000|100%| E|CS|TAMS 0x000000008e800000, 0x000000008e900000| Complete 
| 159|0x000000008e900000, 0x000000008ea00000, 0x000000008ea00000|100%| E|CS|TAMS 0x000000008e900000, 0x000000008ea00000| Complete 
| 160|0x000000008ea00000, 0x000000008eb00000, 0x000000008eb00000|100%| E|CS|TAMS 0x000000008ea00000, 0x000000008eb00000| Complete 
| 161|0x000000008eb00000, 0x000000008ec00000, 0x000000008ec00000|100%| E|CS|TAMS 0x000000008eb00000, 0x000000008ec00000| Complete 
| 162|0x000000008ec00000, 0x000000008ed00000, 0x000000008ed00000|100%| E|CS|TAMS 0x000000008ec00000, 0x000000008ed00000| Complete 
| 163|0x000000008ed00000, 0x000000008ee00000, 0x000000008ee00000|100%| E|CS|TAMS 0x000000008ed00000, 0x000000008ee00000| Complete 
| 164|0x000000008ee00000, 0x000000008ef00000, 0x000000008ef00000|100%| E|CS|TAMS 0x000000008ee00000, 0x000000008ef00000| Complete 
| 165|0x000000008ef00000, 0x000000008f000000, 0x000000008f000000|100%| E|CS|TAMS 0x000000008ef00000, 0x000000008f000000| Complete 
| 166|0x000000008f000000, 0x000000008f100000, 0x000000008f100000|100%| E|CS|TAMS 0x000000008f000000, 0x000000008f100000| Complete 
| 167|0x000000008f100000, 0x000000008f200000, 0x000000008f200000|100%| E|CS|TAMS 0x000000008f100000, 0x000000008f200000| Complete 
| 168|0x000000008f200000, 0x000000008f300000, 0x000000008f300000|100%| E|CS|TAMS 0x000000008f200000, 0x000000008f300000| Complete 
| 169|0x000000008f300000, 0x000000008f400000, 0x000000008f400000|100%| E|CS|TAMS 0x000000008f300000, 0x000000008f400000| Complete 
| 170|0x000000008f400000, 0x000000008f500000, 0x000000008f500000|100%| E|CS|TAMS 0x000000008f400000, 0x000000008f500000| Complete 
| 171|0x000000008f500000, 0x000000008f600000, 0x000000008f600000|100%| E|CS|TAMS 0x000000008f500000, 0x000000008f600000| Complete 
| 172|0x000000008f600000, 0x000000008f700000, 0x000000008f700000|100%| E|CS|TAMS 0x000000008f600000, 0x000000008f700000| Complete 
| 173|0x000000008f700000, 0x000000008f800000, 0x000000008f800000|100%| E|CS|TAMS 0x000000008f700000, 0x000000008f800000| Complete 
| 174|0x000000008f800000, 0x000000008f900000, 0x000000008f900000|100%| E|CS|TAMS 0x000000008f800000, 0x000000008f900000| Complete 
| 175|0x000000008f900000, 0x000000008fa00000, 0x000000008fa00000|100%| E|CS|TAMS 0x000000008f900000, 0x000000008fa00000| Complete 
| 176|0x000000008fa00000, 0x000000008fb00000, 0x000000008fb00000|100%| E|CS|TAMS 0x000000008fa00000, 0x000000008fb00000| Complete 
| 177|0x000000008fb00000, 0x000000008fc00000, 0x000000008fc00000|100%| E|CS|TAMS 0x000000008fb00000, 0x000000008fc00000| Complete 
| 178|0x000000008fc00000, 0x000000008fd00000, 0x000000008fd00000|100%| E|CS|TAMS 0x000000008fc00000, 0x000000008fd00000| Complete 
| 179|0x000000008fd00000, 0x000000008fe00000, 0x000000008fe00000|100%| E|CS|TAMS 0x000000008fd00000, 0x000000008fe00000| Complete 
| 180|0x000000008fe00000, 0x000000008ff00000, 0x000000008ff00000|100%| E|CS|TAMS 0x000000008fe00000, 0x000000008ff00000| Complete 
| 181|0x000000008ff00000, 0x0000000090000000, 0x0000000090000000|100%| E|CS|TAMS 0x000000008ff00000, 0x0000000090000000| Complete 
| 182|0x0000000090000000, 0x0000000090100000, 0x0000000090100000|100%| E|CS|TAMS 0x0000000090000000, 0x0000000090100000| Complete 
| 183|0x0000000090100000, 0x0000000090200000, 0x0000000090200000|100%| E|CS|TAMS 0x0000000090100000, 0x0000000090200000| Complete 
| 184|0x0000000090200000, 0x0000000090300000, 0x0000000090300000|100%| E|CS|TAMS 0x0000000090200000, 0x0000000090300000| Complete 
| 185|0x0000000090300000, 0x0000000090400000, 0x0000000090400000|100%| E|CS|TAMS 0x0000000090300000, 0x0000000090400000| Complete 
| 186|0x0000000090400000, 0x0000000090500000, 0x0000000090500000|100%| E|CS|TAMS 0x0000000090400000, 0x0000000090500000| Complete 
| 187|0x0000000090500000, 0x0000000090600000, 0x0000000090600000|100%| E|CS|TAMS 0x0000000090500000, 0x0000000090600000| Complete 
| 188|0x0000000090600000, 0x0000000090700000, 0x0000000090700000|100%| E|CS|TAMS 0x0000000090600000, 0x0000000090700000| Complete 
| 189|0x0000000090700000, 0x0000000090800000, 0x0000000090800000|100%| E|CS|TAMS 0x0000000090700000, 0x0000000090800000| Complete 
| 190|0x0000000090800000, 0x0000000090900000, 0x0000000090900000|100%| E|CS|TAMS 0x0000000090800000, 0x0000000090900000| Complete 
| 191|0x0000000090900000, 0x0000000090a00000, 0x0000000090a00000|100%| E|CS|TAMS 0x0000000090900000, 0x0000000090a00000| Complete 
| 192|0x0000000090a00000, 0x0000000090b00000, 0x0000000090b00000|100%| E|CS|TAMS 0x0000000090a00000, 0x0000000090b00000| Complete 
| 193|0x0000000090b00000, 0x0000000090c00000, 0x0000000090c00000|100%| E|CS|TAMS 0x0000000090b00000, 0x0000000090c00000| Complete 
| 194|0x0000000090c00000, 0x0000000090d00000, 0x0000000090d00000|100%| E|CS|TAMS 0x0000000090c00000, 0x0000000090d00000| Complete 
| 195|0x0000000090d00000, 0x0000000090e00000, 0x0000000090e00000|100%| E|CS|TAMS 0x0000000090d00000, 0x0000000090e00000| Complete 
| 196|0x0000000090e00000, 0x0000000090f00000, 0x0000000090f00000|100%| E|CS|TAMS 0x0000000090e00000, 0x0000000090f00000| Complete 
| 197|0x0000000090f00000, 0x0000000091000000, 0x0000000091000000|100%| E|CS|TAMS 0x0000000090f00000, 0x0000000091000000| Complete 
| 198|0x0000000091000000, 0x0000000091100000, 0x0000000091100000|100%| E|CS|TAMS 0x0000000091000000, 0x0000000091100000| Complete 
| 199|0x0000000091100000, 0x0000000091200000, 0x0000000091200000|100%| E|CS|TAMS 0x0000000091100000, 0x0000000091200000| Complete 
|1972|0x00000000ffe00000, 0x00000000ffe47000, 0x00000000fff00000| 27%|OA|  |TAMS 0x00000000ffe47000, 0x00000000ffe47000| Untracked 
|1973|0x00000000fff00000, 0x00000000fff6b000, 0x0000000100000000| 41%|CA|  |TAMS 0x00000000fff6b000, 0x00000000fff6b000| Untracked 

Card table byte_map: [0x00007f1208b73000,0x00007f1208f4e000] _byte_map_base: 0x00007f120874e000

Marking Bits (Prev, Next): (CMBitMap*) 0x00007f120405b558, (CMBitMap*) 0x00007f120405b590
 Prev Bits: [0x00007f11e6128000, 0x00007f11e8000000)
 Next Bits: [0x00007f11e4250000, 0x00007f11e6128000)

Polling page: 0x00007f120b3f5000

Metaspace:

Usage:
  Non-class:     42,85 MB capacity,    42,06 MB ( 98%) used,   647,15 KB (  1%) free+waste,   159,00 KB ( <1%) overhead. 
      Class:      6,66 MB capacity,     6,16 MB ( 93%) used,   434,30 KB (  6%) free+waste,    73,75 KB (  1%) overhead. 
       Both:     49,50 MB capacity,    48,22 MB ( 97%) used,     1,06 MB (  2%) free+waste,   232,75 KB ( <1%) overhead. 

Virtual space:
  Non-class space:       44,00 MB reserved,      43,15 MB ( 98%) committed 
      Class space:        1,00 GB reserved,       6,75 MB ( <1%) committed 
             Both:        1,04 GB reserved,      49,90 MB (  5%) committed 

Chunk freelists:
   Non-Class:  250,00 KB
       Class:  1,00 KB
        Both:  251,00 KB

MaxMetaspaceSize: unlimited
CompressedClassSpaceSize: 1,00 GB
Initial GC threshold: 20,80 MB
Current GC threshold: 59,42 MB
CDS: on

CodeHeap 'non-profiled nmethods': size=120032Kb used=1868Kb max_used=1868Kb free=118163Kb
 bounds [0x00007f11f431b000, 0x00007f11f458b000, 0x00007f11fb853000]
CodeHeap 'profiled nmethods': size=120032Kb used=9519Kb max_used=9519Kb free=110512Kb
 bounds [0x00007f11ecde3000, 0x00007f11ed733000, 0x00007f11f431b000]
CodeHeap 'non-nmethods': size=5696Kb used=1337Kb max_used=1376Kb free=4358Kb
 bounds [0x00007f11ec853000, 0x00007f11ecac3000, 0x00007f11ecde3000]
 total_blobs=4914 nmethods=4349 adapters=486
 compilation: enabled
              stopped_count=0, restarted_count=0
 full_count=0

Compilation events (20 events):
Event: 8,118 Thread 0x00007f1204122000 4436       1       java.util.Spliterators$EmptySpliterator::estimateSize (2 bytes)
Event: 8,118 Thread 0x00007f1204122000 nmethod 4436 0x00007f11f44ed490 code [0x00007f11f44ed640, 0x00007f11f44ed710]
Event: 8,118 Thread 0x00007f1204122000 4441       2       org.hibernate.validator.internal.metadata.aggregated.ExecutableMetaData$Builder::assertCorrectnessOfConfiguration (136 bytes)
Event: 8,118 Thread 0x00007f1204122000 nmethod 4441 0x00007f11ed72c690 code [0x00007f11ed72c920, 0x00007f11ed72cf50]
Event: 8,118 Thread 0x00007f1204122000 4442       2       org.hibernate.validator.internal.metadata.aggregated.BeanMetaDataBuilder$BuilderDelegate::build (48 bytes)
Event: 8,119 Thread 0x00007f1204122000 nmethod 4442 0x00007f11ed72d310 code [0x00007f11ed72d500, 0x00007f11ed72d870]
Event: 8,119 Thread 0x00007f1204122000 4443       2       org.hibernate.validator.internal.metadata.aggregated.ExecutableMetaData$Builder::build (156 bytes)
Event: 8,120 Thread 0x00007f1204122000 nmethod 4443 0x00007f11ed72da90 code [0x00007f11ed72dce0, 0x00007f11ed72e270]
Event: 8,120 Thread 0x00007f1204122000 4440       1       org.hibernate.validator.internal.properties.javabean.JavaBeanHelper$JavaBeanPropertyImpl::getName (5 bytes)
Event: 8,120 Thread 0x00007f1204122000 nmethod 4440 0x00007f11f44ed790 code [0x00007f11f44ed940, 0x00007f11f44eda10]
Event: 8,121 Thread 0x00007f1204122000 4444       2       java.util.Locale::getCountry (8 bytes)
Event: 8,121 Thread 0x00007f1204122000 nmethod 4444 0x00007f11ed72e610 code [0x00007f11ed72e7c0, 0x00007f11ed72e8d0]
Event: 8,124 Thread 0x00007f1204122000 4445       1       org.hibernate.engine.jdbc.env.internal.JdbcEnvironmentImpl::getDialect (5 bytes)
Event: 8,124 Thread 0x00007f1204122000 nmethod 4445 0x00007f11f44eda90 code [0x00007f11f44edc40, 0x00007f11f44edd10]
Event: 8,125 Thread 0x00007f1204122000 4446       2       org.hibernate.internal.util.collections.JoinedIterator::hasNext (14 bytes)
Event: 8,125 Thread 0x00007f1204122000 nmethod 4446 0x00007f11ed72e990 code [0x00007f11ed72eb60, 0x00007f11ed72ecd0]
Event: 8,125 Thread 0x00007f1204122000 4447       1       org.hibernate.mapping.Property::getValue (5 bytes)
Event: 8,126 Thread 0x00007f1204122000 nmethod 4447 0x00007f11f44edd90 code [0x00007f11f44edf40, 0x00007f11f44ee010]
Event: 8,139 Thread 0x00007f1204122000 4448       1       org.hibernate.service.spi.ServiceBinding::getService (5 bytes)
Event: 8,139 Thread 0x00007f1204122000 nmethod 4448 0x00007f11f44ee090 code [0x00007f11f44ee240, 0x00007f11f44ee310]

GC Heap History (19 events):
Event: 0,946 GC heap before
{Heap before GC invocations=0 (full 0):
 garbage-first heap   total 129024K, used 15048K [0x0000000084a00000, 0x0000000100000000)
  region size 1024K, 14 young (14336K), 0 survivors (0K)
 Metaspace       used 2089K, capacity 5391K, committed 5632K, reserved 1056768K
  class space    used 192K, capacity 499K, committed 512K, reserved 1048576K
}
Event: 0,962 GC heap after
{Heap after GC invocations=1 (full 0):
 garbage-first heap   total 129024K, used 6400K [0x0000000084a00000, 0x0000000100000000)
  region size 1024K, 2 young (2048K), 2 survivors (2048K)
 Metaspace       used 2089K, capacity 5391K, committed 5632K, reserved 1056768K
  class space    used 192K, capacity 499K, committed 512K, reserved 1048576K
}
Event: 1,311 GC heap before
{Heap before GC invocations=1 (full 0):
 garbage-first heap   total 129024K, used 17664K [0x0000000084a00000, 0x0000000100000000)
  region size 1024K, 13 young (13312K), 2 survivors (2048K)
 Metaspace       used 4102K, capacity 6704K, committed 6912K, reserved 1056768K
  class space    used 444K, capacity 685K, committed 768K, reserved 1048576K
}
Event: 1,320 GC heap after
{Heap after GC invocations=2 (full 0):
 garbage-first heap   total 129024K, used 7055K [0x0000000084a00000, 0x0000000100000000)
  region size 1024K, 1 young (1024K), 1 survivors (1024K)
 Metaspace       used 4102K, capacity 6704K, committed 6912K, reserved 1056768K
  class space    used 444K, capacity 685K, committed 768K, reserved 1048576K
}
Event: 2,091 GC heap before
{Heap before GC invocations=2 (full 0):
 garbage-first heap   total 129024K, used 34703K [0x0000000084a00000, 0x0000000100000000)
  region size 1024K, 28 young (28672K), 1 survivors (1024K)
 Metaspace       used 8555K, capacity 9982K, committed 10368K, reserved 1058816K
  class space    used 1066K, capacity 1299K, committed 1408K, reserved 1048576K
}
Event: 2,099 GC heap after
{Heap after GC invocations=3 (full 0):
 garbage-first heap   total 129024K, used 8674K [0x0000000084a00000, 0x0000000100000000)
  region size 1024K, 3 young (3072K), 3 survivors (3072K)
 Metaspace       used 8555K, capacity 9982K, committed 10368K, reserved 1058816K
  class space    used 1066K, capacity 1299K, committed 1408K, reserved 1048576K
}
Event: 2,690 GC heap before
{Heap before GC invocations=3 (full 0):
 garbage-first heap   total 129024K, used 49634K [0x0000000084a00000, 0x0000000100000000)
  region size 1024K, 43 young (44032K), 3 survivors (3072K)
 Metaspace       used 13988K, capacity 14580K, committed 14592K, reserved 1062912K
  class space    used 1855K, capacity 2042K, committed 2048K, reserved 1048576K
}
Event: 2,704 GC heap after
{Heap after GC invocations=4 (full 0):
 garbage-first heap   total 129024K, used 9880K [0x0000000084a00000, 0x0000000100000000)
  region size 1024K, 4 young (4096K), 4 survivors (4096K)
 Metaspace       used 13988K, capacity 14580K, committed 14592K, reserved 1062912K
  class space    used 1855K, capacity 2042K, committed 2048K, reserved 1048576K
}
Event: 3,103 GC heap before
{Heap before GC invocations=4 (full 0):
 garbage-first heap   total 129024K, used 80536K [0x0000000084a00000, 0x0000000100000000)
  region size 1024K, 74 young (75776K), 4 survivors (4096K)
 Metaspace       used 18820K, capacity 19386K, committed 19584K, reserved 1067008K
  class space    used 2361K, capacity 2572K, committed 2688K, reserved 1048576K
}
Event: 3,118 GC heap after
{Heap after GC invocations=5 (full 0):
 garbage-first heap   total 155648K, used 11497K [0x0000000084a00000, 0x0000000100000000)
  region size 1024K, 5 young (5120K), 5 survivors (5120K)
 Metaspace       used 18820K, capacity 19386K, committed 19584K, reserved 1067008K
  class space    used 2361K, capacity 2572K, committed 2688K, reserved 1048576K
}
Event: 3,372 GC heap before
{Heap before GC invocations=5 (full 0):
 garbage-first heap   total 155648K, used 28905K [0x0000000084a00000, 0x0000000100000000)
  region size 1024K, 23 young (23552K), 5 survivors (5120K)
 Metaspace       used 20423K, capacity 21093K, committed 21296K, reserved 1067008K
  class space    used 2587K, capacity 2845K, committed 2944K, reserved 1048576K
}
Event: 3,393 GC heap after
{Heap after GC invocations=6 (full 0):
 garbage-first heap   total 155648K, used 12149K [0x0000000084a00000, 0x0000000100000000)
  region size 1024K, 6 young (6144K), 6 survivors (6144K)
 Metaspace       used 20423K, capacity 21093K, committed 21296K, reserved 1067008K
  class space    used 2587K, capacity 2845K, committed 2944K, reserved 1048576K
}
Event: 5,004 GC heap before
{Heap before GC invocations=7 (full 0):
 garbage-first heap   total 155648K, used 86901K [0x0000000084a00000, 0x0000000100000000)
  region size 1024K, 79 young (80896K), 6 survivors (6144K)
 Metaspace       used 27462K, capacity 28338K, committed 28720K, reserved 1075200K
  class space    used 3501K, capacity 3847K, committed 3968K, reserved 1048576K
}
Event: 5,030 GC heap after
{Heap after GC invocations=8 (full 0):
 garbage-first heap   total 155648K, used 15116K [0x0000000084a00000, 0x0000000100000000)
  region size 1024K, 8 young (8192K), 8 survivors (8192K)
 Metaspace       used 27462K, capacity 28338K, committed 28720K, reserved 1075200K
  class space    used 3501K, capacity 3847K, committed 3968K, reserved 1048576K
}
Event: 5,852 GC heap before
{Heap before GC invocations=8 (full 0):
 garbage-first heap   total 155648K, used 96012K [0x0000000084a00000, 0x0000000100000000)
  region size 1024K, 88 young (90112K), 8 survivors (8192K)
 Metaspace       used 32112K, capacity 33277K, committed 33456K, reserved 1079296K
  class space    used 4066K, capacity 4534K, committed 4608K, reserved 1048576K
}
Event: 5,875 GC heap after
{Heap after GC invocations=9 (full 0):
 garbage-first heap   total 155648K, used 17170K [0x0000000084a00000, 0x0000000100000000)
  region size 1024K, 8 young (8192K), 8 survivors (8192K)
 Metaspace       used 32112K, capacity 33277K, committed 33456K, reserved 1079296K
  class space    used 4066K, capacity 4534K, committed 4608K, reserved 1048576K
}
Event: 6,104 GC heap before
{Heap before GC invocations=9 (full 0):
 garbage-first heap   total 155648K, used 26386K [0x0000000084a00000, 0x0000000100000000)
  region size 1024K, 18 young (18432K), 8 survivors (8192K)
 Metaspace       used 34535K, capacity 35672K, committed 35888K, reserved 1081344K
  class space    used 4276K, capacity 4734K, committed 4736K, reserved 1048576K
}
Event: 6,120 GC heap after
{Heap after GC invocations=10 (full 0):
 garbage-first heap   total 206848K, used 19005K [0x0000000084a00000, 0x0000000100000000)
  region size 1024K, 8 young (8192K), 8 survivors (8192K)
 Metaspace       used 34535K, capacity 35672K, committed 35888K, reserved 1081344K
  class space    used 4276K, capacity 4734K, committed 4736K, reserved 1048576K
}
Event: 8,167 GC heap before
{Heap before GC invocations=11 (full 0):
 garbage-first heap   total 206848K, used 109117K [0x0000000084a00000, 0x0000000100000000)
  region size 1024K, 96 young (98304K), 8 survivors (8192K)
 Metaspace       used 49378K, capacity 50693K, committed 51100K, reserved 1093632K
  class space    used 6306K, capacity 6815K, committed 6912K, reserved 1048576K
}

Deoptimization events (20 events):
Event: 8,137 Thread 0x00007f120401b000 DEOPT PACKING pc=0x00007f11ecfc68cc sp=0x00007f1209bb9180
Event: 8,137 Thread 0x00007f120401b000 DEOPT UNPACKING pc=0x00007f11ec89d64a sp=0x00007f1209bb8690 mode 1
Event: 8,137 Thread 0x00007f120401b000 DEOPT PACKING pc=0x00007f11ecee3ad4 sp=0x00007f1209bb8930
Event: 8,137 Thread 0x00007f120401b000 DEOPT UNPACKING pc=0x00007f11ec89d64a sp=0x00007f1209bb7de8 mode 1
Event: 8,137 Thread 0x00007f120401b000 DEOPT PACKING pc=0x00007f11ecede404 sp=0x00007f1209bb8a00
Event: 8,137 Thread 0x00007f120401b000 DEOPT UNPACKING pc=0x00007f11ec89d64a sp=0x00007f1209bb7ed8 mode 1
Event: 8,137 Thread 0x00007f120401b000 DEOPT PACKING pc=0x00007f11ecfc68cc sp=0x00007f1209bb9180
Event: 8,137 Thread 0x00007f120401b000 DEOPT UNPACKING pc=0x00007f11ec89d64a sp=0x00007f1209bb8690 mode 1
Event: 8,166 Thread 0x00007f120401b000 DEOPT PACKING pc=0x00007f11ecee3ad4 sp=0x00007f1209bb83e0
Event: 8,166 Thread 0x00007f120401b000 DEOPT UNPACKING pc=0x00007f11ec89d64a sp=0x00007f1209bb7898 mode 1
Event: 8,166 Thread 0x00007f120401b000 DEOPT PACKING pc=0x00007f11ecede404 sp=0x00007f1209bb84b0
Event: 8,166 Thread 0x00007f120401b000 DEOPT UNPACKING pc=0x00007f11ec89d64a sp=0x00007f1209bb7988 mode 1
Event: 8,166 Thread 0x00007f120401b000 DEOPT PACKING pc=0x00007f11ecfc68cc sp=0x00007f1209bb8c30
Event: 8,166 Thread 0x00007f120401b000 DEOPT UNPACKING pc=0x00007f11ec89d64a sp=0x00007f1209bb8140 mode 1
Event: 8,166 Thread 0x00007f120401b000 DEOPT PACKING pc=0x00007f11ecee3ad4 sp=0x00007f1209bb83e0
Event: 8,166 Thread 0x00007f120401b000 DEOPT UNPACKING pc=0x00007f11ec89d64a sp=0x00007f1209bb7898 mode 1
Event: 8,166 Thread 0x00007f120401b000 DEOPT PACKING pc=0x00007f11ecede404 sp=0x00007f1209bb84b0
Event: 8,166 Thread 0x00007f120401b000 DEOPT UNPACKING pc=0x00007f11ec89d64a sp=0x00007f1209bb7988 mode 1
Event: 8,166 Thread 0x00007f120401b000 DEOPT PACKING pc=0x00007f11ecfc68cc sp=0x00007f1209bb8c30
Event: 8,166 Thread 0x00007f120401b000 DEOPT UNPACKING pc=0x00007f11ec89d64a sp=0x00007f1209bb8140 mode 1

Classes redefined (0 events):
No events

Internal exceptions (20 events):
Event: 5,060 Thread 0x00007f120401b000 Exception <a 'java/lang/ClassNotFoundException'{0x000000008de85a48}: java/lang/ObjectCustomizer> (0x000000008de85a48) thrown at [src/hotspot/share/classfile/systemDictionary.cpp, line 231]
Event: 5,061 Thread 0x00007f120401b000 Exception <a 'java/lang/ClassNotFoundException'{0x000000008de9cbf0}: org/springframework/aop/support/AbstractPointcutAdvisorCustomizer> (0x000000008de9cbf0) thrown at [src/hotspot/share/classfile/systemDictionary.cpp, line 231]
Event: 5,062 Thread 0x00007f120401b000 Exception <a 'java/lang/ClassNotFoundException'{0x000000008debaca8}: org/springframework/security/access/intercept/aopalliance/MethodSecurityMetadataSourceAdvisorCustomizer> (0x000000008debaca8) thrown at [src/hotspot/share/classfile/systemDictionary.cpp, line 231]
Event: 5,064 Thread 0x00007f120401b000 Exception <a 'java/lang/ClassNotFoundException'{0x000000008ded5ac0}: org/springframework/beans/factory/BeanFactoryAwareCustomizer> (0x000000008ded5ac0) thrown at [src/hotspot/share/classfile/systemDictionary.cpp, line 231]
Event: 5,065 Thread 0x00007f120401b000 Exception <a 'java/lang/ClassNotFoundException'{0x000000008dee8668}: org/springframework/beans/factory/AwareCustomizer> (0x000000008dee8668) thrown at [src/hotspot/share/classfile/systemDictionary.cpp, line 231]
Event: 5,065 Thread 0x00007f120401b000 Exception <a 'java/lang/ClassNotFoundException'{0x000000008def9f78}: org/springframework/aop/PointcutAdvisorCustomizer> (0x000000008def9f78) thrown at [src/hotspot/share/classfile/systemDictionary.cpp, line 231]
Event: 5,066 Thread 0x00007f120401b000 Exception <a 'java/lang/ClassNotFoundException'{0x000000008dd0bbe0}: org/springframework/aop/AdvisorCustomizer> (0x000000008dd0bbe0) thrown at [src/hotspot/share/classfile/systemDictionary.cpp, line 231]
Event: 5,067 Thread 0x00007f120401b000 Exception <a 'java/lang/ClassNotFoundException'{0x000000008dd1e0e8}: org/springframework/core/OrderedCustomizer> (0x000000008dd1e0e8) thrown at [src/hotspot/share/classfile/systemDictionary.cpp, line 231]
Event: 5,208 Thread 0x00007f120401b000 Exception <a 'java/lang/NoSuchMethodError'{0x000000008d777188}: 'void java.lang.invoke.DelegatingMethodHandle$Holder.delegate(java.lang.Object, java.lang.Object, int, java.lang.Object)'> (0x000000008d777188) thrown at [src/hotspot/share/interpreter/linkResolver.cpp, line 772]
Event: 5,276 Thread 0x00007f120401b000 Exception <a 'java/lang/NoSuchMethodError'{0x000000008d6aa4d0}: 'void java.lang.invoke.DirectMethodHandle$Holder.invokeInterface(java.lang.Object, java.lang.Object, int)'> (0x000000008d6aa4d0) thrown at [src/hotspot/share/interpreter/linkResolver.cpp, line 772]
Event: 5,281 Thread 0x00007f120401b000 Exception <a 'java/lang/NoSuchMethodError'{0x000000008d6c2878}: 'int java.lang.invoke.DirectMethodHandle$Holder.invokeVirtual(java.lang.Object, java.lang.Object)'> (0x000000008d6c2878) thrown at [src/hotspot/share/interpreter/linkResolver.cpp, line 772]
Event: 5,289 Thread 0x00007f120401b000 Exception <a 'java/lang/IncompatibleClassChangeError'{0x000000008d6f8458}: Found class java.lang.Object, but interface was expected> (0x000000008d6f8458) thrown at [src/hotspot/share/interpreter/linkResolver.cpp, line 839]
Event: 5,290 Thread 0x00007f120401b000 Exception <a 'java/lang/NoSuchMethodError'{0x000000008d6fd300}: 'void java.lang.invoke.DirectMethodHandle$Holder.invokeStatic(java.lang.Object, int, java.lang.Object)'> (0x000000008d6fd300) thrown at [src/hotspot/share/interpreter/linkResolver.cpp, line 772]
Event: 5,661 Thread 0x00007f120401b000 Implicit null exception at 0x00007f11f43bdd17 to 0x00007f11f43bfd10
Event: 5,741 Thread 0x00007f120401b000 Exception <a 'java/io/FileNotFoundException'{0x0000000089624a00}> (0x0000000089624a00) thrown at [src/hotspot/share/prims/jni.cpp, line 616]
Event: 5,741 Thread 0x00007f120401b000 Exception <a 'java/io/FileNotFoundException'{0x0000000089626560}> (0x0000000089626560) thrown at [src/hotspot/share/prims/jni.cpp, line 616]
Event: 5,778 Thread 0x00007f120401b000 Exception <a 'java/lang/NoSuchMethodError'{0x00000000893b0998}: 'int java.lang.invoke.DirectMethodHandle$Holder.invokeInterface(java.lang.Object, java.lang.Object, java.lang.Object, java.lang.Object)'> (0x00000000893b0998) thrown at [src/hotspot/share/interpreter/linkResolver.cpp, line 772]
Event: 6,354 Thread 0x00007f120401b000 Exception <a 'java/lang/NoSuchMethodError'{0x00000000908ea2a0}: 'java.lang.Object java.lang.invoke.DirectMethodHandle$Holder.invokeStaticInit(java.lang.Object, java.lang.Object, java.lang.Object, java.lang.Object)'> (0x00000000908ea2a0) thrown at [src/hotspot/share/interpreter/linkResolver.cpp, line 772]
Event: 6,483 Thread 0x00007f120401b000 Exception <a 'java/io/FileNotFoundException'{0x0000000090276b08}> (0x0000000090276b08) thrown at [src/hotspot/share/prims/jni.cpp, line 616]
Event: 7,763 Thread 0x00007f120401b000 Exception <a 'java/lang/NoSuchMethodError'{0x000000008bf7cd88}: 'java.lang.Object java.lang.invoke.DirectMethodHandle$Holder.newInvokeSpecial(java.lang.Object, java.lang.Object, int, java.lang.Object, java.lang.Object)'> (0x000000008bf7cd88) thrown at [src/hotspot/share/interpreter/linkResolver.cpp, line 772]

Events (20 events):
Event: 8,162 loading class org/hibernate/loader/entity/UniqueEntityLoader done
Event: 8,162 loading class org/hibernate/sql/Insert
Event: 8,162 loading class org/hibernate/sql/Insert done
Event: 8,163 loading class org/hibernate/id/insert/IdentifierGeneratingInsert
Event: 8,163 loading class org/hibernate/id/insert/IdentifierGeneratingInsert done
Event: 8,164 loading class org/hibernate/persister/walking/spi/AttributeDefinition
Event: 8,164 loading class org/hibernate/persister/walking/spi/AttributeDefinition done
Event: 8,165 loading class org/hibernate/internal/FilterAliasGenerator
Event: 8,165 loading class org/hibernate/internal/FilterAliasGenerator done
Event: 8,166 loading class org/hibernate/internal/CoreMessageLogger_$logger_pt_BR
Event: 8,166 loading class org/hibernate/internal/CoreMessageLogger_$logger_pt_BR done
Event: 8,166 loading class org/hibernate/internal/CoreMessageLogger_$logger_pt
Event: 8,166 loading class org/hibernate/internal/CoreMessageLogger_$logger_pt done
Event: 8,166 loading class org/hibernate/internal/util/MarkerObject
Event: 8,166 loading class org/hibernate/internal/util/MarkerObject done
Event: 8,167 loading class org/hibernate/internal/util/collections/LockModeEnumMap
Event: 8,167 loading class org/hibernate/internal/util/collections/LockModeEnumMap done
Event: 8,167 loading class org/hibernate/internal/util/collections/LazyIndexedMap
Event: 8,167 loading class org/hibernate/internal/util/collections/LazyIndexedMap done
Event: 8,167 Executing VM operation: G1CollectForAllocation


Dynamic libraries:
84a00000-91200000 rw-p 00000000 00:00 0 
91200000-ffe00000 ---p 00000000 00:00 0 
ffe00000-ffe47000 rw-p 01114000 08:05 8650790                            /usr/lib/jvm/java-11-openjdk-amd64/lib/server/classes.jsa
ffe47000-fff00000 rw-p 00000000 00:00 0 
fff00000-fff6b000 rw-p 010a9000 08:05 8650790                            /usr/lib/jvm/java-11-openjdk-amd64/lib/server/classes.jsa
fff6b000-100000000 rw-p 00000000 00:00 0 
800000000-800002000 rwxp 00001000 08:05 8650790                          /usr/lib/jvm/java-11-openjdk-amd64/lib/server/classes.jsa
800002000-8010a8000 rw-p 00003000 08:05 8650790                          /usr/lib/jvm/java-11-openjdk-amd64/lib/server/classes.jsa
840000000-8406c0000 rw-p 00000000 00:00 0 
8406c0000-880000000 ---p 00000000 00:00 0 
561aae4f0000-561aae4f1000 r--p 00000000 08:05 2363934                    /usr/lib/jvm/java-11-openjdk-amd64/bin/java
561aae4f1000-561aae4f2000 r-xp 00001000 08:05 2363934                    /usr/lib/jvm/java-11-openjdk-amd64/bin/java
561aae4f2000-561aae4f3000 r--p 00002000 08:05 2363934                    /usr/lib/jvm/java-11-openjdk-amd64/bin/java
561aae4f3000-561aae4f4000 r--p 00002000 08:05 2363934                    /usr/lib/jvm/java-11-openjdk-amd64/bin/java
561aae4f4000-561aae4f5000 rw-p 00003000 08:05 2363934                    /usr/lib/jvm/java-11-openjdk-amd64/bin/java
561aaf526000-561aaf547000 rw-p 00000000 00:00 0                          [heap]
7f1174000000-7f1174021000 rw-p 00000000 00:00 0 
7f1174021000-7f1178000000 ---p 00000000 00:00 0 
7f117c000000-7f117c021000 rw-p 00000000 00:00 0 
7f117c021000-7f1180000000 ---p 00000000 00:00 0 
7f1180000000-7f1180021000 rw-p 00000000 00:00 0 
7f1180021000-7f1184000000 ---p 00000000 00:00 0 
7f1184000000-7f1184076000 rw-p 00000000 00:00 0 
7f1184076000-7f1188000000 ---p 00000000 00:00 0 
7f1189d5f000-7f1189e9f000 rw-p 00000000 00:00 0 
7f1189e9f000-7f1189f5f000 ---p 00000000 00:00 0 
7f1189f5f000-7f118a15f000 rw-p 00000000 00:00 0 
7f118a15f000-7f118a35f000 rw-p 00000000 00:00 0 
7f118a35f000-7f118a55f000 rw-p 00000000 00:00 0 
7f118a55f000-7f118a75f000 rw-p 00000000 00:00 0 
7f118a75f000-7f118a763000 ---p 00000000 00:00 0 
7f118a763000-7f118a860000 rw-p 00000000 00:00 0 
7f118a860000-7f118a864000 ---p 00000000 00:00 0 
7f118a864000-7f118a961000 rw-p 00000000 00:00 0 
7f118a961000-7f118a965000 ---p 00000000 00:00 0 
7f118a965000-7f118ac62000 rw-p 00000000 00:00 0 
7f118ac62000-7f118ae62000 rw-p 00000000 00:00 0 
7f118af2c000-7f118b12c000 rw-p 00000000 00:00 0 
7f118b12c000-7f118b327000 rw-p 00000000 00:00 0 
7f118b327000-7f118b32c000 ---p 00000000 00:00 0 
7f118b32c000-7f118b52c000 rw-p 00000000 00:00 0 
7f118b52c000-7f118b72c000 rw-p 00000000 00:00 0 
7f118b72c000-7f118b92c000 rw-p 00000000 00:00 0 
7f118ba00000-7f118bc00000 rw-p 00000000 00:00 0 
7f118bc00000-7f118bdec000 rw-p 00000000 00:00 0 
7f118bdec000-7f118be00000 ---p 00000000 00:00 0 
7f118be00000-7f118c000000 rw-p 00000000 00:00 0 
7f118c000000-7f118c35d000 rw-p 00000000 00:00 0 
7f118c35d000-7f1190000000 ---p 00000000 00:00 0 
7f1190000000-7f1190021000 rw-p 00000000 00:00 0 
7f1190021000-7f1194000000 ---p 00000000 00:00 0 
7f1194000000-7f1194050000 rw-p 00000000 00:00 0 
7f1194050000-7f1198000000 ---p 00000000 00:00 0 
7f1198000000-7f1198021000 rw-p 00000000 00:00 0 
7f1198021000-7f119c000000 ---p 00000000 00:00 0 
7f119c000000-7f119c021000 rw-p 00000000 00:00 0 
7f119c021000-7f11a0000000 ---p 00000000 00:00 0 
7f11a0000000-7f11a0021000 rw-p 00000000 00:00 0 
7f11a0021000-7f11a4000000 ---p 00000000 00:00 0 
7f11a4000000-7f11a40b3000 rw-p 00000000 00:00 0 
7f11a40b3000-7f11a8000000 ---p 00000000 00:00 0 
7f11a8000000-7f11a8021000 rw-p 00000000 00:00 0 
7f11a8021000-7f11ac000000 ---p 00000000 00:00 0 
7f11ac000000-7f11ac021000 rw-p 00000000 00:00 0 
7f11ac021000-7f11b0000000 ---p 00000000 00:00 0 
7f11b0000000-7f11b0021000 rw-p 00000000 00:00 0 
7f11b0021000-7f11b4000000 ---p 00000000 00:00 0 
7f11b4000000-7f11b6208000 rw-p 00000000 00:00 0 
7f11b6208000-7f11b8000000 ---p 00000000 00:00 0 
7f11b8000000-7f11b8bd1000 rw-p 00000000 00:00 0 
7f11b8bd1000-7f11bc000000 ---p 00000000 00:00 0 
7f11bc000000-7f11bc021000 rw-p 00000000 00:00 0 
7f11bc021000-7f11c0000000 ---p 00000000 00:00 0 
7f11c0000000-7f11c0021000 rw-p 00000000 00:00 0 
7f11c0021000-7f11c4000000 ---p 00000000 00:00 0 
7f11c4000000-7f11c4021000 rw-p 00000000 00:00 0 
7f11c4021000-7f11c8000000 ---p 00000000 00:00 0 
7f11c8000000-7f11c8021000 rw-p 00000000 00:00 0 
7f11c8021000-7f11cc000000 ---p 00000000 00:00 0 
7f11cc000000-7f11cc021000 rw-p 00000000 00:00 0 
7f11cc021000-7f11d0000000 ---p 00000000 00:00 0 
7f11d0000000-7f11d00f1000 rw-p 00000000 00:00 0 
7f11d00f1000-7f11d4000000 ---p 00000000 00:00 0 
7f11d4000000-7f11d4021000 rw-p 00000000 00:00 0 
7f11d4021000-7f11d8000000 ---p 00000000 00:00 0 
7f11d8000000-7f11d8021000 rw-p 00000000 00:00 0 
7f11d8021000-7f11dc000000 ---p 00000000 00:00 0 
7f11dc06f000-7f11dc073000 ---p 00000000 00:00 0 
7f11dc073000-7f11dc370000 rw-p 00000000 00:00 0 
7f11dc370000-7f11dc570000 rw-p 00000000 00:00 0 
7f11dc570000-7f11dc571000 ---p 00000000 00:00 0 
7f11dc571000-7f11dc672000 rw-p 00000000 00:00 0 
7f11dc769000-7f11dc76d000 ---p 00000000 00:00 0 
7f11dc76d000-7f11dc86a000 rw-p 00000000 00:00 0 
7f11dc95e000-7f11dcb5e000 rw-p 00000000 00:00 0 
7f11dcb5e000-7f11dcb5f000 ---p 00000000 00:00 0 
7f11dcb5f000-7f11dcc60000 rw-p 00000000 00:00 0 
7f11dcc60000-7f11dcc61000 ---p 00000000 00:00 0 
7f11dcc61000-7f11dcd62000 rw-p 00000000 00:00 0 
7f11dcd62000-7f11dcd88000 r--p 00000000 08:05 4590128                    /usr/share/locale-langpack/pt_BR/LC_MESSAGES/libc.mo
7f11dcd88000-7f11dcd8c000 ---p 00000000 00:00 0 
7f11dcd8c000-7f11dce89000 rw-p 00000000 00:00 0 
7f11dce89000-7f11dce8a000 ---p 00000000 00:00 0 
7f11dce8a000-7f11dcf8b000 rw-p 00000000 00:00 0 
7f11dcf8b000-7f11dcf8f000 ---p 00000000 00:00 0 
7f11dcf8f000-7f11dd08c000 rw-p 00000000 00:00 0 
7f11dd08c000-7f11dd090000 ---p 00000000 00:00 0 
7f11dd090000-7f11dd18d000 rw-p 00000000 00:00 0 
7f11dd18d000-7f11dd191000 ---p 00000000 00:00 0 
7f11dd191000-7f11dd28e000 rw-p 00000000 00:00 0 
7f11dd28e000-7f11dd800000 r--p 00000000 08:05 2360242                    /usr/lib/locale/locale-archive
7f11dd800000-7f11e0000000 rw-p 00000000 00:00 0 
7f11e0000000-7f11e0021000 rw-p 00000000 00:00 0 
7f11e0021000-7f11e4000000 ---p 00000000 00:00 0 
7f11e401d000-7f11e404e000 rw-p 00000000 00:00 0 
7f11e404e000-7f11e4052000 ---p 00000000 00:00 0 
7f11e4052000-7f11e414f000 rw-p 00000000 00:00 0 
7f11e414f000-7f11e4153000 ---p 00000000 00:00 0 
7f11e4153000-7f11e4570000 rw-p 00000000 00:00 0 
7f11e4570000-7f11e6120000 ---p 00000000 00:00 0 
7f11e6120000-7f11e6448000 rw-p 00000000 00:00 0 
7f11e6448000-7f11e7ff8000 ---p 00000000 00:00 0 
7f11e7ff8000-7f11e8000000 rw-p 00000000 00:00 0 
7f11e8000000-7f11e8021000 rw-p 00000000 00:00 0 
7f11e8021000-7f11ec000000 ---p 00000000 00:00 0 
7f11ec000000-7f11ec002000 r--p 00000000 08:05 8650915                    /usr/lib/jvm/java-11-openjdk-amd64/lib/libmanagement_ext.so
7f11ec002000-7f11ec005000 r-xp 00002000 08:05 8650915                    /usr/lib/jvm/java-11-openjdk-amd64/lib/libmanagement_ext.so
7f11ec005000-7f11ec007000 r--p 00005000 08:05 8650915                    /usr/lib/jvm/java-11-openjdk-amd64/lib/libmanagement_ext.so
7f11ec007000-7f11ec008000 r--p 00006000 08:05 8650915                    /usr/lib/jvm/java-11-openjdk-amd64/lib/libmanagement_ext.so
7f11ec008000-7f11ec009000 rw-p 00007000 08:05 8650915                    /usr/lib/jvm/java-11-openjdk-amd64/lib/libmanagement_ext.so
7f11ec009000-7f11ec00c000 r--p 00000000 08:05 8650913                    /usr/lib/jvm/java-11-openjdk-amd64/lib/libmanagement.so
7f11ec00c000-7f11ec00d000 r-xp 00003000 08:05 8650913                    /usr/lib/jvm/java-11-openjdk-amd64/lib/libmanagement.so
7f11ec00d000-7f11ec00e000 r--p 00004000 08:05 8650913                    /usr/lib/jvm/java-11-openjdk-amd64/lib/libmanagement.so
7f11ec00e000-7f11ec00f000 r--p 00004000 08:05 8650913                    /usr/lib/jvm/java-11-openjdk-amd64/lib/libmanagement.so
7f11ec00f000-7f11ec010000 rw-p 00005000 08:05 8650913                    /usr/lib/jvm/java-11-openjdk-amd64/lib/libmanagement.so
7f11ec010000-7f11ec014000 r--p 00000000 08:05 8650917                    /usr/lib/jvm/java-11-openjdk-amd64/lib/libnet.so
7f11ec014000-7f11ec023000 r-xp 00004000 08:05 8650917                    /usr/lib/jvm/java-11-openjdk-amd64/lib/libnet.so
7f11ec023000-7f11ec027000 r--p 00013000 08:05 8650917                    /usr/lib/jvm/java-11-openjdk-amd64/lib/libnet.so
7f11ec027000-7f11ec028000 r--p 00016000 08:05 8650917                    /usr/lib/jvm/java-11-openjdk-amd64/lib/libnet.so
7f11ec028000-7f11ec029000 rw-p 00017000 08:05 8650917                    /usr/lib/jvm/java-11-openjdk-amd64/lib/libnet.so
7f11ec029000-7f11ec030000 r--p 00000000 08:05 8650918                    /usr/lib/jvm/java-11-openjdk-amd64/lib/libnio.so
7f11ec030000-7f11ec038000 r-xp 00007000 08:05 8650918                    /usr/lib/jvm/java-11-openjdk-amd64/lib/libnio.so
7f11ec038000-7f11ec03b000 r--p 0000f000 08:05 8650918                    /usr/lib/jvm/java-11-openjdk-amd64/lib/libnio.so
7f11ec03b000-7f11ec03c000 r--p 00011000 08:05 8650918                    /usr/lib/jvm/java-11-openjdk-amd64/lib/libnio.so
7f11ec03c000-7f11ec03d000 rw-p 00012000 08:05 8650918                    /usr/lib/jvm/java-11-openjdk-amd64/lib/libnio.so
7f11ec03d000-7f11ec03f000 r--p 00000000 08:05 8650892                    /usr/lib/jvm/java-11-openjdk-amd64/lib/libdt_socket.so
7f11ec03f000-7f11ec042000 r-xp 00002000 08:05 8650892                    /usr/lib/jvm/java-11-openjdk-amd64/lib/libdt_socket.so
7f11ec042000-7f11ec043000 r--p 00005000 08:05 8650892                    /usr/lib/jvm/java-11-openjdk-amd64/lib/libdt_socket.so
7f11ec043000-7f11ec044000 ---p 00006000 08:05 8650892                    /usr/lib/jvm/java-11-openjdk-amd64/lib/libdt_socket.so
7f11ec044000-7f11ec045000 r--p 00006000 08:05 8650892                    /usr/lib/jvm/java-11-openjdk-amd64/lib/libdt_socket.so
7f11ec045000-7f11ec046000 rw-p 00007000 08:05 8650892                    /usr/lib/jvm/java-11-openjdk-amd64/lib/libdt_socket.so
7f11ec046000-7f11ec04a000 ---p 00000000 00:00 0 
7f11ec04a000-7f11ec147000 rw-p 00000000 00:00 0 
7f11ec147000-7f11ec14b000 ---p 00000000 00:00 0 
7f11ec14b000-7f11ec248000 rw-p 00000000 00:00 0 
7f11ec248000-7f11ec24c000 ---p 00000000 00:00 0 
7f11ec24c000-7f11ec349000 rw-p 00000000 00:00 0 
7f11ec349000-7f11ec34d000 ---p 00000000 00:00 0 
7f11ec34d000-7f11ec44a000 rw-p 00000000 00:00 0 
7f11ec44a000-7f11ec44e000 ---p 00000000 00:00 0 
7f11ec44e000-7f11ec54b000 rw-p 00000000 00:00 0 
7f11ec54b000-7f11ec54c000 ---p 00000000 00:00 0 
7f11ec54c000-7f11ec751000 rw-p 00000000 00:00 0 
7f11ec751000-7f11ec752000 ---p 00000000 00:00 0 
7f11ec752000-7f11ec853000 rw-p 00000000 00:00 0 
7f11ec853000-7f11ecac3000 rwxp 00000000 00:00 0 
7f11ecac3000-7f11ecde3000 ---p 00000000 00:00 0 
7f11ecde3000-7f11ed733000 rwxp 00000000 00:00 0 
7f11ed733000-7f11f431b000 ---p 00000000 00:00 0 
7f11f431b000-7f11f458b000 rwxp 00000000 00:00 0 
7f11f458b000-7f11fb853000 ---p 00000000 00:00 0 
7f11fb853000-7f1204000000 r--s 00000000 08:05 8650927                    /usr/lib/jvm/java-11-openjdk-amd64/lib/modules
7f1204000000-7f1205aab000 rw-p 00000000 00:00 0 
7f1205aab000-7f1208000000 ---p 00000000 00:00 0 
7f1208003000-7f120800a000 r--s 00000000 08:05 3020613                    /usr/lib/x86_64-linux-gnu/gconv/gconv-modules.cache
7f120800a000-7f120804c000 rw-p 00000000 00:00 0 
7f120804c000-7f120804d000 ---p 00000000 00:00 0 
7f120804d000-7f1208552000 rw-p 00000000 00:00 0 
7f1208552000-7f1208553000 ---p 00000000 00:00 0 
7f1208553000-7f1208654000 rw-p 00000000 00:00 0 
7f1208654000-7f1208655000 ---p 00000000 00:00 0 
7f1208655000-7f12087fc000 rw-p 00000000 00:00 0 
7f12087fc000-7f1208b72000 ---p 00000000 00:00 0 
7f1208b72000-7f1208bd7000 rw-p 00000000 00:00 0 
7f1208bd7000-7f1208f4d000 ---p 00000000 00:00 0 
7f1208f4d000-7f1208fb2000 rw-p 00000000 00:00 0 
7f1208fb2000-7f1209328000 ---p 00000000 00:00 0 
7f1209328000-7f120972d000 rw-p 00000000 00:00 0 
7f120972d000-7f120972e000 ---p 00000000 00:00 0 
7f120972e000-7f1209834000 rw-p 00000000 00:00 0 
7f1209834000-7f120991a000 ---p 00000000 00:00 0 
7f120991a000-7f120992d000 rw-p 00000000 00:00 0 
7f120992d000-7f1209a05000 ---p 00000000 00:00 0 
7f1209a05000-7f1209a0a000 rw-p 00000000 00:00 0 
7f1209a0a000-7f1209a11000 ---p 00000000 00:00 0 
7f1209a11000-7f1209a14000 r--p 00000000 08:05 2359419                    /usr/lib/x86_64-linux-gnu/libnss_files-2.31.so
7f1209a14000-7f1209a1b000 r-xp 00003000 08:05 2359419                    /usr/lib/x86_64-linux-gnu/libnss_files-2.31.so
7f1209a1b000-7f1209a1d000 r--p 0000a000 08:05 2359419                    /usr/lib/x86_64-linux-gnu/libnss_files-2.31.so
7f1209a1d000-7f1209a1e000 r--p 0000b000 08:05 2359419                    /usr/lib/x86_64-linux-gnu/libnss_files-2.31.so
7f1209a1e000-7f1209a1f000 rw-p 0000c000 08:05 2359419                    /usr/lib/x86_64-linux-gnu/libnss_files-2.31.so
7f1209a1f000-7f1209a25000 rw-p 00000000 00:00 0 
7f1209a29000-7f1209a2b000 r--p 00000000 08:05 8650926                    /usr/lib/jvm/java-11-openjdk-amd64/lib/libzip.so
7f1209a2b000-7f1209a2f000 r-xp 00002000 08:05 8650926                    /usr/lib/jvm/java-11-openjdk-amd64/lib/libzip.so
7f1209a2f000-7f1209a31000 r--p 00006000 08:05 8650926                    /usr/lib/jvm/java-11-openjdk-amd64/lib/libzip.so
7f1209a31000-7f1209a32000 r--p 00007000 08:05 8650926                    /usr/lib/jvm/java-11-openjdk-amd64/lib/libzip.so
7f1209a32000-7f1209a33000 rw-p 00008000 08:05 8650926                    /usr/lib/jvm/java-11-openjdk-amd64/lib/libzip.so
7f1209a33000-7f1209a3b000 rw-s 00000000 08:05 9047417                    /tmp/hsperfdata_windows/8549
7f1209a3b000-7f1209a3d000 r--p 00000000 08:05 8650908                    /usr/lib/jvm/java-11-openjdk-amd64/lib/libjdwp.so
7f1209a3d000-7f1209a69000 r-xp 00002000 08:05 8650908                    /usr/lib/jvm/java-11-openjdk-amd64/lib/libjdwp.so
7f1209a69000-7f1209a77000 r--p 0002e000 08:05 8650908                    /usr/lib/jvm/java-11-openjdk-amd64/lib/libjdwp.so
7f1209a77000-7f1209a78000 r--p 0003b000 08:05 8650908                    /usr/lib/jvm/java-11-openjdk-amd64/lib/libjdwp.so
7f1209a78000-7f1209a79000 rw-p 0003c000 08:05 8650908                    /usr/lib/jvm/java-11-openjdk-amd64/lib/libjdwp.so
7f1209a79000-7f1209a7b000 r--p 00000000 08:05 8650909                    /usr/lib/jvm/java-11-openjdk-amd64/lib/libjimage.so
7f1209a7b000-7f1209a7e000 r-xp 00002000 08:05 8650909                    /usr/lib/jvm/java-11-openjdk-amd64/lib/libjimage.so
7f1209a7e000-7f1209a7f000 r--p 00005000 08:05 8650909                    /usr/lib/jvm/java-11-openjdk-amd64/lib/libjimage.so
7f1209a7f000-7f1209a80000 ---p 00006000 08:05 8650909                    /usr/lib/jvm/java-11-openjdk-amd64/lib/libjimage.so
7f1209a80000-7f1209a81000 r--p 00006000 08:05 8650909                    /usr/lib/jvm/java-11-openjdk-amd64/lib/libjimage.so
7f1209a81000-7f1209a82000 rw-p 00007000 08:05 8650909                    /usr/lib/jvm/java-11-openjdk-amd64/lib/libjimage.so
7f1209a82000-7f1209a90000 r--p 00000000 08:05 8650906                    /usr/lib/jvm/java-11-openjdk-amd64/lib/libjava.so
7f1209a90000-7f1209aa6000 r-xp 0000e000 08:05 8650906                    /usr/lib/jvm/java-11-openjdk-amd64/lib/libjava.so
7f1209aa6000-7f1209aad000 r--p 00024000 08:05 8650906                    /usr/lib/jvm/java-11-openjdk-amd64/lib/libjava.so
7f1209aad000-7f1209aae000 r--p 0002a000 08:05 8650906                    /usr/lib/jvm/java-11-openjdk-amd64/lib/libjava.so
7f1209aae000-7f1209aaf000 rw-p 0002b000 08:05 8650906                    /usr/lib/jvm/java-11-openjdk-amd64/lib/libjava.so
7f1209aaf000-7f1209ab0000 rw-p 00000000 00:00 0 
7f1209ab0000-7f1209ab3000 r--p 00000000 08:05 2359463                    /usr/lib/x86_64-linux-gnu/librt-2.31.so
7f1209ab3000-7f1209ab7000 r-xp 00003000 08:05 2359463                    /usr/lib/x86_64-linux-gnu/librt-2.31.so
7f1209ab7000-7f1209ab8000 r--p 00007000 08:05 2359463                    /usr/lib/x86_64-linux-gnu/librt-2.31.so
7f1209ab8000-7f1209ab9000 ---p 00008000 08:05 2359463                    /usr/lib/x86_64-linux-gnu/librt-2.31.so
7f1209ab9000-7f1209aba000 r--p 00008000 08:05 2359463                    /usr/lib/x86_64-linux-gnu/librt-2.31.so
7f1209aba000-7f1209abb000 rw-p 00009000 08:05 2359463                    /usr/lib/x86_64-linux-gnu/librt-2.31.so
7f1209abb000-7f1209abf000 ---p 00000000 00:00 0 
7f1209abf000-7f1209bbc000 rw-p 00000000 00:00 0 
7f1209bbc000-7f1209bbf000 r--p 00000000 08:05 2361475                    /usr/lib/x86_64-linux-gnu/libgcc_s.so.1
7f1209bbf000-7f1209bd1000 r-xp 00003000 08:05 2361475                    /usr/lib/x86_64-linux-gnu/libgcc_s.so.1
7f1209bd1000-7f1209bd5000 r--p 00015000 08:05 2361475                    /usr/lib/x86_64-linux-gnu/libgcc_s.so.1
7f1209bd5000-7f1209bd6000 r--p 00018000 08:05 2361475                    /usr/lib/x86_64-linux-gnu/libgcc_s.so.1
7f1209bd6000-7f1209bd7000 rw-p 00019000 08:05 2361475                    /usr/lib/x86_64-linux-gnu/libgcc_s.so.1
7f1209bd7000-7f1209be6000 r--p 00000000 08:05 2359396                    /usr/lib/x86_64-linux-gnu/libm-2.31.so
7f1209be6000-7f1209c8d000 r-xp 0000f000 08:05 2359396                    /usr/lib/x86_64-linux-gnu/libm-2.31.so
7f1209c8d000-7f1209d24000 r--p 000b6000 08:05 2359396                    /usr/lib/x86_64-linux-gnu/libm-2.31.so
7f1209d24000-7f1209d25000 r--p 0014c000 08:05 2359396                    /usr/lib/x86_64-linux-gnu/libm-2.31.so
7f1209d25000-7f1209d26000 rw-p 0014d000 08:05 2359396                    /usr/lib/x86_64-linux-gnu/libm-2.31.so
7f1209d26000-7f1209dbc000 r--p 00000000 08:05 2361076                    /usr/lib/x86_64-linux-gnu/libstdc++.so.6.0.28
7f1209dbc000-7f1209ead000 r-xp 00096000 08:05 2361076                    /usr/lib/x86_64-linux-gnu/libstdc++.so.6.0.28
7f1209ead000-7f1209ef6000 r--p 00187000 08:05 2361076                    /usr/lib/x86_64-linux-gnu/libstdc++.so.6.0.28
7f1209ef6000-7f1209ef7000 ---p 001d0000 08:05 2361076                    /usr/lib/x86_64-linux-gnu/libstdc++.so.6.0.28
7f1209ef7000-7f1209f02000 r--p 001d0000 08:05 2361076                    /usr/lib/x86_64-linux-gnu/libstdc++.so.6.0.28
7f1209f02000-7f1209f05000 rw-p 001db000 08:05 2361076                    /usr/lib/x86_64-linux-gnu/libstdc++.so.6.0.28
7f1209f05000-7f1209f08000 rw-p 00000000 00:00 0 
7f1209f08000-7f120a189000 r--p 00000000 08:05 8650930                    /usr/lib/jvm/java-11-openjdk-amd64/lib/server/libjvm.so
7f120a189000-7f120ae09000 r-xp 00281000 08:05 8650930                    /usr/lib/jvm/java-11-openjdk-amd64/lib/server/libjvm.so
7f120ae09000-7f120b064000 r--p 00f01000 08:05 8650930                    /usr/lib/jvm/java-11-openjdk-amd64/lib/server/libjvm.so
7f120b064000-7f120b128000 r--p 0115b000 08:05 8650930                    /usr/lib/jvm/java-11-openjdk-amd64/lib/server/libjvm.so
7f120b128000-7f120b163000 rw-p 0121f000 08:05 8650930                    /usr/lib/jvm/java-11-openjdk-amd64/lib/server/libjvm.so
7f120b163000-7f120b1bc000 rw-p 00000000 00:00 0 
7f120b1bc000-7f120b1c3000 r--p 00000000 08:05 2359446                    /usr/lib/x86_64-linux-gnu/libpthread-2.31.so
7f120b1c3000-7f120b1d4000 r-xp 00007000 08:05 2359446                    /usr/lib/x86_64-linux-gnu/libpthread-2.31.so
7f120b1d4000-7f120b1d9000 r--p 00018000 08:05 2359446                    /usr/lib/x86_64-linux-gnu/libpthread-2.31.so
7f120b1d9000-7f120b1da000 r--p 0001c000 08:05 2359446                    /usr/lib/x86_64-linux-gnu/libpthread-2.31.so
7f120b1da000-7f120b1db000 rw-p 0001d000 08:05 2359446                    /usr/lib/x86_64-linux-gnu/libpthread-2.31.so
7f120b1db000-7f120b1df000 rw-p 00000000 00:00 0 
7f120b1df000-7f120b1e0000 r--p 00000000 08:05 2359372                    /usr/lib/x86_64-linux-gnu/libdl-2.31.so
7f120b1e0000-7f120b1e2000 r-xp 00001000 08:05 2359372                    /usr/lib/x86_64-linux-gnu/libdl-2.31.so
7f120b1e2000-7f120b1e3000 r--p 00003000 08:05 2359372                    /usr/lib/x86_64-linux-gnu/libdl-2.31.so
7f120b1e3000-7f120b1e4000 r--p 00003000 08:05 2359372                    /usr/lib/x86_64-linux-gnu/libdl-2.31.so
7f120b1e4000-7f120b1e5000 rw-p 00004000 08:05 2359372                    /usr/lib/x86_64-linux-gnu/libdl-2.31.so
7f120b1e5000-7f120b1e7000 r--p 00000000 08:05 2359490                    /usr/lib/x86_64-linux-gnu/libz.so.1.2.11
7f120b1e7000-7f120b1f8000 r-xp 00002000 08:05 2359490                    /usr/lib/x86_64-linux-gnu/libz.so.1.2.11
7f120b1f8000-7f120b1fe000 r--p 00013000 08:05 2359490                    /usr/lib/x86_64-linux-gnu/libz.so.1.2.11
7f120b1fe000-7f120b1ff000 ---p 00019000 08:05 2359490                    /usr/lib/x86_64-linux-gnu/libz.so.1.2.11
7f120b1ff000-7f120b200000 r--p 00019000 08:05 2359490                    /usr/lib/x86_64-linux-gnu/libz.so.1.2.11
7f120b200000-7f120b201000 rw-p 0001a000 08:05 2359490                    /usr/lib/x86_64-linux-gnu/libz.so.1.2.11
7f120b201000-7f120b226000 r--p 00000000 08:05 2359371                    /usr/lib/x86_64-linux-gnu/libc-2.31.so
7f120b226000-7f120b39e000 r-xp 00025000 08:05 2359371                    /usr/lib/x86_64-linux-gnu/libc-2.31.so
7f120b39e000-7f120b3e8000 r--p 0019d000 08:05 2359371                    /usr/lib/x86_64-linux-gnu/libc-2.31.so
7f120b3e8000-7f120b3e9000 ---p 001e7000 08:05 2359371                    /usr/lib/x86_64-linux-gnu/libc-2.31.so
7f120b3e9000-7f120b3ec000 r--p 001e7000 08:05 2359371                    /usr/lib/x86_64-linux-gnu/libc-2.31.so
7f120b3ec000-7f120b3ef000 rw-p 001ea000 08:05 2359371                    /usr/lib/x86_64-linux-gnu/libc-2.31.so
7f120b3ef000-7f120b3f3000 rw-p 00000000 00:00 0 
7f120b3f3000-7f120b3f5000 r--s 0000c000 08:05 3155171                    /usr/share/java/java-atk-wrapper.jar
7f120b3f5000-7f120b3f6000 ---p 00000000 00:00 0 
7f120b3f6000-7f120b3f7000 r--p 00000000 00:00 0 
7f120b3f7000-7f120b3fc000 r--p 00000000 08:05 8650925                    /usr/lib/jvm/java-11-openjdk-amd64/lib/libverify.so
7f120b3fc000-7f120b403000 r-xp 00005000 08:05 8650925                    /usr/lib/jvm/java-11-openjdk-amd64/lib/libverify.so
7f120b403000-7f120b405000 r--p 0000c000 08:05 8650925                    /usr/lib/jvm/java-11-openjdk-amd64/lib/libverify.so
7f120b405000-7f120b406000 ---p 0000e000 08:05 8650925                    /usr/lib/jvm/java-11-openjdk-amd64/lib/libverify.so
7f120b406000-7f120b408000 r--p 0000e000 08:05 8650925                    /usr/lib/jvm/java-11-openjdk-amd64/lib/libverify.so
7f120b408000-7f120b409000 rw-p 00010000 08:05 8650925                    /usr/lib/jvm/java-11-openjdk-amd64/lib/libverify.so
7f120b409000-7f120b40c000 r--p 00000000 08:05 8650878                    /usr/lib/jvm/java-11-openjdk-amd64/lib/jli/libjli.so
7f120b40c000-7f120b416000 r-xp 00003000 08:05 8650878                    /usr/lib/jvm/java-11-openjdk-amd64/lib/jli/libjli.so
7f120b416000-7f120b419000 r--p 0000d000 08:05 8650878                    /usr/lib/jvm/java-11-openjdk-amd64/lib/jli/libjli.so
7f120b419000-7f120b41a000 ---p 00010000 08:05 8650878                    /usr/lib/jvm/java-11-openjdk-amd64/lib/jli/libjli.so
7f120b41a000-7f120b41b000 r--p 00010000 08:05 8650878                    /usr/lib/jvm/java-11-openjdk-amd64/lib/jli/libjli.so
7f120b41b000-7f120b41c000 rw-p 00011000 08:05 8650878                    /usr/lib/jvm/java-11-openjdk-amd64/lib/jli/libjli.so
7f120b41c000-7f120b41e000 rw-p 00000000 00:00 0 
7f120b41e000-7f120b41f000 r--p 00000000 08:05 2359348                    /usr/lib/x86_64-linux-gnu/ld-2.31.so
7f120b41f000-7f120b442000 r-xp 00001000 08:05 2359348                    /usr/lib/x86_64-linux-gnu/ld-2.31.so
7f120b442000-7f120b44a000 r--p 00024000 08:05 2359348                    /usr/lib/x86_64-linux-gnu/ld-2.31.so
7f120b44b000-7f120b44c000 r--p 0002c000 08:05 2359348                    /usr/lib/x86_64-linux-gnu/ld-2.31.so
7f120b44c000-7f120b44d000 rw-p 0002d000 08:05 2359348                    /usr/lib/x86_64-linux-gnu/ld-2.31.so
7f120b44d000-7f120b44e000 rw-p 00000000 00:00 0 
7ffea1a8f000-7ffea1ab4000 rw-p 00000000 00:00 0                          [stack]
7ffea1ae0000-7ffea1ae4000 r--p 00000000 00:00 0                          [vvar]
7ffea1ae4000-7ffea1ae6000 r-xp 00000000 00:00 0                          [vdso]
ffffffffff600000-ffffffffff601000 --xp 00000000 00:00 0                  [vsyscall]


VM Arguments:
jvm_args: -agentlib:jdwp=transport=dt_socket,server=n,suspend=y,address=127.0.0.1:42435 -Dfile.encoding=UTF-8 -Duser.country=BR -Duser.language=pt -Duser.variant 
java_command: com.bruno.bdb.BasicDigitalBankApplication
java_class_path (initial): /home/windows/Vídeos/Criando um Banco Digital com Java e Orientação a Objetos/projeto/bdb/build/classes/java/main:/home/windows/Vídeos/Criando um Banco Digital com Java e Orientação a Objetos/projeto/bdb/build/resources/main:/home/windows/.gradle/caches/modules-2/files-2.1/org.springframework.boot/spring-boot-starter-data-jpa/2.6.2/3eb637ccd03194f1d639b9efed1ff7d73c8592e3/spring-boot-starter-data-jpa-2.6.2.jar:/home/windows/.gradle/caches/modules-2/files-2.1/org.springframework.boot/spring-boot-starter-hateoas/2.6.2/38a43417f6f12b75a6b7ea71762dbfb38d94a629/spring-boot-starter-hateoas-2.6.2.jar:/home/windows/.gradle/caches/modules-2/files-2.1/org.springframework.boot/spring-boot-starter-security/2.6.2/43ee0478a25124223e4bc0300d94239f96086253/spring-boot-starter-security-2.6.2.jar:/home/windows/.gradle/caches/modules-2/files-2.1/org.springframework.boot/spring-boot-starter-validation/2.6.2/3380b0ca1276496b2af424138db70c621e4a4d5/spring-boot-starter-validation-2.6.2.jar:/home/windows/.gradle/caches/modules-2/files-2.1/org.springframework.boot/spring-boot-starter-web/2.6.2/685b236afc0144a52383cd2c52731dd016f9badd/spring-boot-starter-web-2.6.2.jar:/home/windows/.gradle/caches/modules-2/files-2.1/io.jsonwebtoken/jjwt/0.9.1/54d2abfc3e63a28824d35bf600d6a5d627da681a/jjwt-0.9.1.jar:/home/windows/.gradle/caches/modules-2/files-2.1/org.springdoc/springdoc-openapi-ui/1.6.3/a5d0b3220c59c70b9c3cd4579886e758ec0d1e36/springdoc-openapi-ui-1.6.3.jar:/home/windows/.gradle/caches/modules-2/files-2.1/com.h2database/h2/1.4.200/f7533fe7cb8e99c87a43d325a77b4b678ad9031a/h2-1.4.200.jar:/home/windows/.gradle/caches/modules-2/files-2.1/com.microsoft.sqlserver/mssql-jdbc/9.4.1.jre8/add1e80b29faaf3daef2ff503b572bd2b41c0439/mssql-jdbc-9.4.1.jre8.jar:/home/windows/.gradle/caches/modules-2/files-2.1/org.springframework.boot/spring-boot-starter-aop/2.6.2/af16c0de56462ef8a6a9ac63cff30bf5120fc5b3/spring-boot-starter-aop-2.6.2.jar:/home/windows/.gradle/caches/modules-2
Launcher Type: SUN_STANDARD

[Global flags]
     intx CICompilerCount                          = 3                                         {product} {ergonomic}
     uint ConcGCThreads                            = 1                                         {product} {ergonomic}
     uint G1ConcRefinementThreads                  = 4                                         {product} {ergonomic}
   size_t G1HeapRegionSize                         = 1048576                                   {product} {ergonomic}
    uintx GCDrainStackTargetSize                   = 64                                        {product} {ergonomic}
   size_t InitialHeapSize                          = 130023424                                 {product} {ergonomic}
   size_t MarkStackSize                            = 4194304                                   {product} {ergonomic}
   size_t MaxHeapSize                              = 2069889024                                {product} {ergonomic}
   size_t MaxNewSize                               = 1241513984                                {product} {ergonomic}
   size_t MinHeapDeltaBytes                        = 1048576                                   {product} {ergonomic}
    uintx NonNMethodCodeHeapSize                   = 5830732                                {pd product} {ergonomic}
    uintx NonProfiledCodeHeapSize                  = 122913754                              {pd product} {ergonomic}
    uintx ProfiledCodeHeapSize                     = 122913754                              {pd product} {ergonomic}
    uintx ReservedCodeCacheSize                    = 251658240                              {pd product} {ergonomic}
     bool SegmentedCodeCache                       = true                                      {product} {ergonomic}
     bool UseCompressedClassPointers               = true                                 {lp64_product} {ergonomic}
     bool UseCompressedOops                        = true                                 {lp64_product} {ergonomic}
     bool UseG1GC                                  = true                                      {product} {ergonomic}

Logging:
Log output configuration:
 #0: stdout all=warning uptime,level,tags
 #1: stderr all=off uptime,level,tags

Environment Variables:
JAVA_HOME=/usr/lib/jvm/java-11-openjdk-amd64
PATH=/usr/lib/jvm/java-11-openjdk-amd64/bin:/opt/apache-maven-3.8.1/bin:/home/windows/.local/bin:/usr/local/sbin:/usr/local/bin:/usr/sbin:/usr/bin:/sbin:/bin:/usr/games:/usr/local/games:/snap/bin:/usr/lib/jvm/java-16-oracle/bin:/usr/lib/jvm/java-16-oracle/db/bin
USERNAME=windows
SHELL=/bin/bash
DISPLAY=:0
LANG=pt_BR.UTF-8

Signal Handlers:
SIGSEGV: [libjvm.so+0xe8e8d0], sa_mask[0]=11111111011111111101111111111110, sa_flags=SA_RESTART|SA_SIGINFO
SIGBUS: [libjvm.so+0xe8e8d0], sa_mask[0]=11111111011111111101111111111110, sa_flags=SA_RESTART|SA_SIGINFO
SIGFPE: [libjvm.so+0xe8e8d0], sa_mask[0]=11111111011111111101111111111110, sa_flags=SA_RESTART|SA_SIGINFO
SIGPIPE: [libjvm.so+0xbd6910], sa_mask[0]=11111111011111111101111111111110, sa_flags=SA_RESTART|SA_SIGINFO
SIGXFSZ: [libjvm.so+0xbd6910], sa_mask[0]=11111111011111111101111111111110, sa_flags=SA_RESTART|SA_SIGINFO
SIGILL: [libjvm.so+0xe8e8d0], sa_mask[0]=11111111011111111101111111111110, sa_flags=SA_RESTART|SA_SIGINFO
SIGUSR2: [libjvm.so+0xbd67b0], sa_mask[0]=00100000000000000000000000000000, sa_flags=SA_RESTART|SA_SIGINFO
SIGHUP: [libjvm.so+0xbd6c50], sa_mask[0]=11111111011111111101111111111110, sa_flags=SA_RESTART|SA_SIGINFO
SIGINT: [libjvm.so+0xbd6c50], sa_mask[0]=11111111011111111101111111111110, sa_flags=SA_RESTART|SA_SIGINFO
SIGTERM: [libjvm.so+0xbd6c50], sa_mask[0]=11111111011111111101111111111110, sa_flags=SA_RESTART|SA_SIGINFO
SIGQUIT: [libjvm.so+0xbd6c50], sa_mask[0]=11111111011111111101111111111110, sa_flags=SA_RESTART|SA_SIGINFO


---------------  S Y S T E M  ---------------

OS:DISTRIB_ID=Ubuntu
DISTRIB_RELEASE=20.04
DISTRIB_CODENAME=focal
DISTRIB_DESCRIPTION="Ubuntu 20.04.3 LTS"
uname:Linux 5.11.0-38-generic #42~20.04.1-Ubuntu SMP Tue Sep 28 20:41:07 UTC 2021 x86_64
OS uptime: 0 days 1:03 hours
libc:glibc 2.31 NPTL 2.31 
rlimit (soft/hard): STACK 8192k/infinity , CORE 0k/infinity , NPROC 31356/31356 , NOFILE 1048576/1048576 , AS infinity/infinity , CPU infinity/infinity , DATA infinity/infinity , FSIZE infinity/infinity , MEMLOCK 65536k/65536k
load average:2,54 1,87 1,77

/proc/meminfo:
MemTotal:        8082048 kB
MemFree:          139028 kB
MemAvailable:    1881636 kB
Buffers:          161388 kB
Cached:          2102152 kB
SwapCached:         9696 kB
Active:          1667020 kB
Inactive:        5866456 kB
Active(anon):     336760 kB
Inactive(anon):  5296604 kB
Active(file):    1330260 kB
Inactive(file):   569852 kB
Unevictable:         992 kB
Mlocked:               0 kB
SwapTotal:       2097148 kB
SwapFree:        1965308 kB
Dirty:              1576 kB
Writeback:          6852 kB
AnonPages:       5261848 kB
Mapped:           832272 kB
Shmem:            370556 kB
KReclaimable:     126460 kB
Slab:             253924 kB
SReclaimable:     126460 kB
SUnreclaim:       127464 kB
KernelStack:       23472 kB
PageTables:        56172 kB
NFS_Unstable:          0 kB
Bounce:                0 kB
WritebackTmp:          0 kB
CommitLimit:     6138172 kB
Committed_AS:   13199100 kB
VmallocTotal:   34359738367 kB
VmallocUsed:       48452 kB
VmallocChunk:          0 kB
Percpu:             8160 kB
HardwareCorrupted:     0 kB
AnonHugePages:         0 kB
ShmemHugePages:        0 kB
ShmemPmdMapped:        0 kB
FileHugePages:         0 kB
FilePmdMapped:         0 kB
HugePages_Total:       0
HugePages_Free:        0
HugePages_Rsvd:        0
HugePages_Surp:        0
Hugepagesize:       2048 kB
Hugetlb:               0 kB
DirectMap4k:      303868 kB
DirectMap2M:     8017920 kB

/sys/kernel/mm/transparent_hugepage/enabled:
always [madvise] never
/sys/kernel/mm/transparent_hugepage/defrag (defrag/compaction efforts parameter):
always defer defer+madvise [madvise] never

Process Memory:
Virtual Size: 5465900K (peak: 13452628K)
Resident Set Size: 351604K (peak: 351604K) (anon: 322916K, file: 28688K, shmem: 0K)
Swapped out: 0K
C-Heap outstanding allocations: 72709K

/proc/sys/kernel/threads-max (system-wide limit on the number of threads):
62713
/proc/sys/vm/max_map_count (maximum number of memory map areas a process may have):
65530
/proc/sys/kernel/pid_max (system-wide limit on number of process identifiers):
4194304

container (cgroup) information:
container_type: cgroupv1
cpu_cpuset_cpus: 0-3
cpu_memory_nodes: 0
active_processor_count: 4
cpu_quota: -1
cpu_period: 100000
cpu_shares: -1
memory_limit_in_bytes: -1
memory_and_swap_limit_in_bytes: -1
memory_soft_limit_in_bytes: -1
memory_usage_in_bytes: 7008595968
memory_max_usage_in_bytes: 7030411264

Steal ticks since vm start: 0
Steal ticks percentage since vm start:  0,000

CPU:total 4 (initial active 4) (2 cores per cpu, 2 threads per core) family 6 model 42 stepping 7 microcode 0x14, cmov, cx8, fxsr, mmx, sse, sse2, sse3, ssse3, sse4.1, sse4.2, popcnt, avx, aes, clmul, ht, tsc, tscinvbit
CPU Model and flags from /proc/cpuinfo:
model name	: Intel(R) Core(TM) i5-2520M CPU @ 2.50GHz
flags		: fpu vme de pse tsc msr pae mce cx8 apic sep mtrr pge mca cmov pat pse36 clflush dts acpi mmx fxsr sse sse2 ht tm pbe syscall nx rdtscp lm constant_tsc arch_perfmon pebs bts rep_good nopl xtopology nonstop_tsc cpuid aperfmperf pni pclmulqdq dtes64 monitor ds_cpl vmx smx est tm2 ssse3 cx16 xtpr pdcm pcid sse4_1 sse4_2 x2apic popcnt tsc_deadline_timer aes xsave avx lahf_lm epb pti tpr_shadow vnmi flexpriority ept vpid xsaveopt dtherm ida arat pln pts
Online cpus:
0-3
Offline cpus:
4-7
BIOS frequency limitation:
<Not Available>
Frequency switch latency (ns):
20000
Available cpu frequencies:
<Not Available>
Current governor:
ondemand
Core performance/turbo boost:
<Not Available>

Memory: 4k page, physical 8082048k(138524k free), swap 2097148k(1965308k free)

vm_info: OpenJDK 64-Bit Server VM (11.0.13+8-Ubuntu-0ubuntu1.20.04) for linux-amd64 JRE (11.0.13+8-Ubuntu-0ubuntu1.20.04), built on Oct 29 2021 09:11:30 by "unknown" with gcc 9.3.0

END.
