#
# A fatal error has been detected by the Java Runtime Environment:
#
#  SIGSEGV (0xb) at pc=0x00007f517a518508, pid=14564, tid=14573
#
# JRE version: OpenJDK Runtime Environment (11.0.13+8) (build 11.0.13+8-Ubuntu-0ubuntu1.20.04)
# Java VM: OpenJDK 64-Bit Server VM (11.0.13+8-Ubuntu-0ubuntu1.20.04, mixed mode, sharing, tiered, compressed oops, g1 gc, linux-amd64)
# Problematic frame:
# V  [libjvm.so+0x5bf508]
#
# Core dump will be written. Default location: Core dumps may be processed with "/usr/share/apport/apport %p %s %c %d %P %E" (or dumping to /home/windows/Vídeos/Criando um Banco Digital com Java e Orientação a Objetos/projeto/bdb/core.14564)
#
# If you would like to submit a bug report, please visit:
#   https://bugs.launchpad.net/ubuntu/+source/openjdk-lts
#

---------------  S U M M A R Y ------------

Command Line: -agentlib:jdwp=transport=dt_socket,server=n,suspend=y,address=127.0.0.1:39733 -Dfile.encoding=UTF-8 -Duser.country=BR -Duser.language=pt -Duser.variant com.bruno.bdb.BasicDigitalBankApplication

Host: Intel(R) Core(TM) i5-2520M CPU @ 2.50GHz, 4 cores, 7G, Ubuntu 20.04.3 LTS
Time: Thu Jan 27 11:25:18 2022 -03 elapsed time: 7.904068 seconds (0d 0h 0m 7s)

---------------  T H R E A D  ---------------

Current thread (0x00007f5174066000):  ConcurrentGCThread "G1 Conc#0" [stack: 0x00007f51785a5000,0x00007f51786a5000] [id=14573]

Stack: [0x00007f51785a5000,0x00007f51786a5000],  sp=0x00007f51786a3c48,  free space=1019k
Native frames: (J=compiled Java code, A=aot compiled Java code, j=interpreted, Vv=VM code, C=native code)
V  [libjvm.so+0x5bf508]
V  [libjvm.so+0x7609d6]
V  [libjvm.so+0x75ba22]
V  [libjvm.so+0x7617e5]
V  [libjvm.so+0xeba7cd]
V  [libjvm.so+0xe21850]
V  [libjvm.so+0xbe0406]


siginfo: si_signo: 11 (SIGSEGV), si_code: 128 (SI_KERNEL), si_addr: 0x0000000000000000

Register to memory mapping:

RAX=0x00007f517b1c5f40: <offset 0x000000000126cf40> in /usr/lib/jvm/java-11-openjdk-amd64/lib/server/libjvm.so at 0x00007f5179f59000
RBX=0x000000000000000a is an unknown value
RCX=0x0 is NULL
RDX=0x0000000000000001 is an unknown value
RSP=0x00007f51786a3c48 points into unknown readable memory: 0x00007f517a6a9715 | 15 97 6a 7a 51 7f 00 00
RBP=0x00007f51786a3c90 points into unknown readable memory: 0x00007f51786a3cd0 | d0 3c 6a 78 51 7f 00 00
RSI=0x00007f51786a3d40 points into unknown readable memory: 0x00007f517b0c16e8 | e8 16 0c 7b 51 7f 00 00
RDI=0x2320003000000018 is an unknown value
R8 =0x000000008510efd0 points into unknown readable memory: 0x0000000000000035 | 35 00 00 00 00 00 00 00
R9 =0x0000002000000000 is an unknown value
R10=0x0000000000100000 is an unknown value
R11=0x0000000000000202 is an unknown value
R12=0x00007f5174067680 points into unknown readable memory: 0x00007f517b0c1980 | 80 19 0c 7b 51 7f 00 00
R13=0x00000008001f8658 is pointing into metadata
R14=0x00000008001f8658 is pointing into metadata
R15=0x00007f51786a3d40 points into unknown readable memory: 0x00007f517b0c16e8 | e8 16 0c 7b 51 7f 00 00


Registers:
RAX=0x00007f517b1c5f40, RBX=0x000000000000000a, RCX=0x0000000000000000, RDX=0x0000000000000001
RSP=0x00007f51786a3c48, RBP=0x00007f51786a3c90, RSI=0x00007f51786a3d40, RDI=0x2320003000000018
R8 =0x000000008510efd0, R9 =0x0000002000000000, R10=0x0000000000100000, R11=0x0000000000000202
R12=0x00007f5174067680, R13=0x00000008001f8658, R14=0x00000008001f8658, R15=0x00007f51786a3d40
RIP=0x00007f517a518508, EFLAGS=0x0000000000010202, CSGSFS=0x002b000000000033, ERR=0x0000000000000000
  TRAPNO=0x000000000000000d

Top of Stack: (sp=0x00007f51786a3c48)
0x00007f51786a3c48:   00007f517a6a9715 000000084007e0f0
0x00007f51786a3c58:   000000008510efd0 00007f51786a3c90
0x00007f51786a3c68:   000000000000000a 00007f5174067680
0x00007f51786a3c78:   000000008510efd0 00000008001f8658 

Instructions: (pc=0x00007f517a518508)
0x00007f517a518408:   48 83 3b 00 74 0c 49 8b 04 24 48 89 de 4c 89 e7
0x00007f517a518418:   ff 10 48 83 c3 08 4c 39 eb 75 e5 4d 8b b6 08 01
0x00007f517a518428:   00 00 4d 85 f6 74 40 41 8b 86 00 01 00 00 85 c0
0x00007f517a518438:   74 e9 83 e8 01 4c 89 f3 4d 8d 6c c6 08 0f 1f 00
0x00007f517a518448:   48 83 3b 00 74 0c 49 8b 04 24 48 89 de 4c 89 e7
0x00007f517a518458:   ff 10 48 83 c3 08 4c 39 eb 75 e5 4d 8b b6 08 01
0x00007f517a518468:   00 00 4d 85 f6 75 c0 5b 41 5c 41 5d 41 5e 5d c3
0x00007f517a518478:   0f 1f 84 00 00 00 00 00 f3 0f 1e fa 55 48 8d 05
0x00007f517a518488:   7c 5e ba 00 48 89 e5 48 83 ec 20 48 89 75 e8 48
0x00007f517a518498:   8d 75 e0 48 89 45 e0 c6 45 f0 00 e8 68 fb ff ff
0x00007f517a5184a8:   0f b6 45 f0 c9 c3 66 90 f3 0f 1e fa 8b 57 28 31
0x00007f517a5184b8:   c0 83 fa 01 74 14 48 83 c7 28 ba 01 00 00 00 31
0x00007f517a5184c8:   c0 f0 0f b1 17 85 c0 0f 94 c0 c3 90 66 66 2e 0f
0x00007f517a5184d8:   1f 84 00 00 00 00 00 90 f3 0f 1e fa 80 7f 21 00
0x00007f517a5184e8:   74 05 66 83 47 24 01 c3 f3 0f 1e fa 80 7f 21 00
0x00007f517a5184f8:   74 05 66 83 6f 24 01 c3 f3 0f 1e fa 84 d2 74 1c
0x00007f517a518508:   8b 47 28 83 f8 01 74 28 4c 8d 47 28 ba 01 00 00
0x00007f517a518518:   00 31 c0 f0 41 0f b1 10 85 c0 75 1c 84 c9 74 04
0x00007f517a518528:   c6 47 22 00 48 83 c7 30 e9 9b fe ff ff 0f 1f 00
0x00007f517a518538:   c3 0f 1f 80 00 00 00 00 c3 90 66 66 2e 0f 1f 84
0x00007f517a518548:   00 00 00 00 00 0f 1f 00 f3 0f 1e fa 55 48 89 e5
0x00007f517a518558:   41 55 41 54 53 48 83 ec 08 48 8b 5f 38 48 85 db
0x00007f517a518568:   74 55 49 89 f4 4c 8d 2d 4c 3f 00 00 eb 1c 66 2e
0x00007f517a518578:   0f 1f 84 00 00 00 00 00 49 83 44 24 10 01 48 8b
0x00007f517a518588:   9b 90 00 00 00 48 85 db 74 2d 49 8b 04 24 48 8b
0x00007f517a518598:   00 4c 39 e8 75 32 8b 43 08 85 c0 78 db 49 83 44
0x00007f517a5185a8:   24 08 01 48 89 df e8 dd ca 27 00 48 8b 9b 90 00
0x00007f517a5185b8:   00 00 48 85 db 75 d3 48 83 c4 08 5b 41 5c 41 5d
0x00007f517a5185c8:   5d c3 66 0f 1f 44 00 00 48 89 de 4c 89 e7 ff d0
0x00007f517a5185d8:   eb ac 66 0f 1f 44 00 00 f3 0f 1e fa 55 48 89 e5
0x00007f517a5185e8:   41 54 53 48 8b 5f 38 48 85 db 74 1e 49 89 f4 66
0x00007f517a5185f8:   0f 1f 84 00 00 00 00 00 48 89 df 41 ff d4 48 8b 


Stack slot to memory mapping:
stack at sp + 0 slots: 0x00007f517a6a9715: <offset 0x0000000000750715> in /usr/lib/jvm/java-11-openjdk-amd64/lib/server/libjvm.so at 0x00007f5179f59000
stack at sp + 1 slots: 0x000000084007e0f0 is a pointer to class: 
stack at sp + 2 slots: 0x000000008510efd0 points into unknown readable memory: 0x0000000000000035 | 35 00 00 00 00 00 00 00
stack at sp + 3 slots: 0x00007f51786a3c90 points into unknown readable memory: 0x00007f51786a3cd0 | d0 3c 6a 78 51 7f 00 00
stack at sp + 4 slots: 0x000000000000000a is an unknown value
stack at sp + 5 slots: 0x00007f5174067680 points into unknown readable memory: 0x00007f517b0c1980 | 80 19 0c 7b 51 7f 00 00
stack at sp + 6 slots: 0x000000008510efd0 points into unknown readable memory: 0x0000000000000035 | 35 00 00 00 00 00 00 00
stack at sp + 7 slots: 0x00000008001f8658 is pointing into metadata


---------------  P R O C E S S  ---------------

Threads class SMR info:
_java_thread_list=0x00007f50fc3ce2e0, length=12, elements={
0x00007f517401b000, 0x00007f5174114000, 0x00007f5174116000, 0x00007f517411c000,
0x00007f517411e000, 0x00007f5174120000, 0x00007f5174122000, 0x00007f5174124000,
0x00007f5174174000, 0x00007f5174177800, 0x00007f5120001800, 0x00007f517417e000
}

Java Threads: ( => current thread )
  0x00007f517401b000 JavaThread "main" [_thread_blocked, id=14565, stack(0x00007f5179b0c000,0x00007f5179c0d000)]
  0x00007f5174114000 JavaThread "Reference Handler" daemon [_thread_blocked, id=14577, stack(0x00007f515c472000,0x00007f515c573000)]
  0x00007f5174116000 JavaThread "Finalizer" daemon [_thread_blocked, id=14578, stack(0x00007f515c371000,0x00007f515c472000)]
  0x00007f517411c000 JavaThread "Signal Dispatcher" daemon [_thread_blocked, id=14579, stack(0x00007f515c270000,0x00007f515c371000)]
  0x00007f517411e000 JavaThread "Service Thread" daemon [_thread_blocked, id=14580, stack(0x00007f515c16f000,0x00007f515c270000)]
  0x00007f5174120000 JavaThread "C2 CompilerThread0" daemon [_thread_in_native, id=14581, stack(0x00007f515c06e000,0x00007f515c16f000)]
  0x00007f5174122000 JavaThread "C1 CompilerThread0" daemon [_thread_blocked, id=14582, stack(0x00007f515414f000,0x00007f5154250000)]
  0x00007f5174124000 JavaThread "Sweeper thread" daemon [_thread_blocked, id=14583, stack(0x00007f515404e000,0x00007f515414f000)]
  0x00007f5174174000 JavaThread "JDWP Transport Listener: dt_socket" daemon [_thread_blocked, id=14584, stack(0x00007f514d18d000,0x00007f514d28e000)]
  0x00007f5174177800 JavaThread "JDWP Event Helper Thread" daemon [_thread_blocked, id=14587, stack(0x00007f514d08c000,0x00007f514d18d000)]
  0x00007f5120001800 JavaThread "JDWP Command Reader" daemon [_thread_in_native, id=14588, stack(0x00007f514cf8b000,0x00007f514d08c000)]
  0x00007f517417e000 JavaThread "Common-Cleaner" daemon [_thread_blocked, id=14591, stack(0x00007f514cd88000,0x00007f514ce89000)]

Other Threads:
  0x00007f5174111000 VMThread "VM Thread" [stack: 0x00007f515c575000,0x00007f515c675000] [id=14576]
  0x00007f517417a000 WatcherThread [stack: 0x00007f514ce8b000,0x00007f514cf8b000] [id=14590]
  0x00007f5174032800 GCTaskThread "GC Thread#0" [stack: 0x00007f5179780000,0x00007f5179880000] [id=14571]
  0x00007f5140001000 GCTaskThread "GC Thread#1" [stack: 0x00007f514cc88000,0x00007f514cd88000] [id=14597]
  0x00007f5140002800 GCTaskThread "GC Thread#2" [stack: 0x00007f514cb86000,0x00007f514cc86000] [id=14598]
  0x00007f514005d000 GCTaskThread "GC Thread#3" [stack: 0x00007f514ca84000,0x00007f514cb84000] [id=14605]
  0x00007f5174064000 ConcurrentGCThread "G1 Main Marker" [stack: 0x00007f51786a7000,0x00007f51787a7000] [id=14572]
=>0x00007f5174066000 ConcurrentGCThread "G1 Conc#0" [stack: 0x00007f51785a5000,0x00007f51786a5000] [id=14573]
  0x00007f51740de000 ConcurrentGCThread "G1 Refine#0" [stack: 0x00007f517809f000,0x00007f517819f000] [id=14574]
  0x00007f51740e0000 ConcurrentGCThread "G1 Young RemSet Sampling" [stack: 0x00007f515c753000,0x00007f515c853000] [id=14575]

Threads with active compile tasks:
C2 CompilerThread0   7909 3817   !   4       org.springframework.core.annotation.AnnotationsScanner::processMethodHierarchy (276 bytes)

VM state:not at safepoint (normal execution)

VM Mutex/Monitor currently owned by a thread:  ([mutex/lock_event])
[0x00007f5174017d90] Heap_lock - owner thread: 0x00007f517401b000

Heap address: 0x0000000084a00000, size: 1974 MB, Compressed Oops mode: 32-bit
Narrow klass base: 0x0000000800000000, Narrow klass shift: 3
Compressed class space size: 1073741824 Address: 0x0000000840000000

Heap:
 garbage-first heap   total 187392K, used 20156K [0x0000000084a00000, 0x0000000100000000)
  region size 1024K, 6 young (6144K), 4 survivors (4096K)
 Metaspace       used 34919K, capacity 36053K, committed 36252K, reserved 1081344K
  class space    used 4325K, capacity 4798K, committed 4864K, reserved 1048576K
Heap Regions: E=young(eden), S=young(survivor), O=old, HS=humongous(starts), HC=humongous(continues), CS=collection set, F=free, A=archive, TAMS=top-at-mark-start (previous, next)
|   0|0x0000000084a00000, 0x0000000084b00000, 0x0000000084b00000|100%|HS|  |TAMS 0x0000000084b00000, 0x0000000084b00000| Complete 
|   1|0x0000000084b00000, 0x0000000084c00000, 0x0000000084c00000|100%| O|  |TAMS 0x0000000084c00000, 0x0000000084c00000| Untracked 
|   2|0x0000000084c00000, 0x0000000084d00000, 0x0000000084d00000|100%| O|  |TAMS 0x0000000084d00000, 0x0000000084d00000| Untracked 
|   3|0x0000000084d00000, 0x0000000084e00000, 0x0000000084e00000|100%| O|  |TAMS 0x0000000084e00000, 0x0000000084e00000| Untracked 
|   4|0x0000000084e00000, 0x0000000084f00000, 0x0000000084f00000|100%| O|  |TAMS 0x0000000084f00000, 0x0000000084f00000| Untracked 
|   5|0x0000000084f00000, 0x0000000085000000, 0x0000000085000000|100%| O|  |TAMS 0x0000000084fcfc00, 0x0000000085000000| Untracked 
|   6|0x0000000085000000, 0x0000000085100000, 0x0000000085100000|100%| O|  |TAMS 0x0000000085000000, 0x0000000085100000| Untracked 
|   7|0x0000000085100000, 0x0000000085200000, 0x0000000085200000|100%| O|  |TAMS 0x0000000085100000, 0x0000000085200000| Untracked 
|   8|0x0000000085200000, 0x0000000085300000, 0x0000000085300000|100%| O|  |TAMS 0x0000000085200000, 0x0000000085300000| Untracked 
|   9|0x0000000085300000, 0x0000000085400000, 0x0000000085400000|100%| O|  |TAMS 0x0000000085300000, 0x0000000085400000| Untracked 
|  10|0x0000000085400000, 0x0000000085500000, 0x0000000085500000|100%| O|  |TAMS 0x0000000085400000, 0x0000000085500000| Untracked 
|  11|0x0000000085500000, 0x0000000085600000, 0x0000000085600000|100%| O|  |TAMS 0x0000000085500000, 0x0000000085600000| Untracked 
|  12|0x0000000085600000, 0x0000000085700000, 0x0000000085700000|100%| O|  |TAMS 0x0000000085600000, 0x0000000085700000| Untracked 
|  13|0x0000000085700000, 0x0000000085800000, 0x0000000085800000|100%| O|  |TAMS 0x0000000085700000, 0x0000000085800000| Untracked 
|  14|0x0000000085800000, 0x0000000085800000, 0x0000000085900000|  0%| F|  |TAMS 0x0000000085800000, 0x0000000085800000| Untracked 
|  15|0x0000000085900000, 0x0000000085900000, 0x0000000085a00000|  0%| F|  |TAMS 0x0000000085900000, 0x0000000085900000| Untracked 
|  16|0x0000000085a00000, 0x0000000085a00000, 0x0000000085b00000|  0%| F|  |TAMS 0x0000000085a00000, 0x0000000085a00000| Untracked 
|  17|0x0000000085b00000, 0x0000000085b00000, 0x0000000085c00000|  0%| F|  |TAMS 0x0000000085b00000, 0x0000000085b00000| Untracked 
|  18|0x0000000085c00000, 0x0000000085c00000, 0x0000000085d00000|  0%| F|  |TAMS 0x0000000085c00000, 0x0000000085c00000| Untracked 
|  19|0x0000000085d00000, 0x0000000085d00000, 0x0000000085e00000|  0%| F|  |TAMS 0x0000000085d00000, 0x0000000085d00000| Untracked 
|  20|0x0000000085e00000, 0x0000000085e00000, 0x0000000085f00000|  0%| F|  |TAMS 0x0000000085e00000, 0x0000000085e00000| Untracked 
|  21|0x0000000085f00000, 0x0000000085f00000, 0x0000000086000000|  0%| F|  |TAMS 0x0000000085f00000, 0x0000000085f00000| Untracked 
|  22|0x0000000086000000, 0x0000000086000000, 0x0000000086100000|  0%| F|  |TAMS 0x0000000086000000, 0x0000000086000000| Untracked 
|  23|0x0000000086100000, 0x0000000086100000, 0x0000000086200000|  0%| F|  |TAMS 0x0000000086100000, 0x0000000086100000| Untracked 
|  24|0x0000000086200000, 0x0000000086200000, 0x0000000086300000|  0%| F|  |TAMS 0x0000000086200000, 0x0000000086200000| Untracked 
|  25|0x0000000086300000, 0x0000000086300000, 0x0000000086400000|  0%| F|  |TAMS 0x0000000086300000, 0x0000000086300000| Untracked 
|  26|0x0000000086400000, 0x0000000086400000, 0x0000000086500000|  0%| F|  |TAMS 0x0000000086400000, 0x0000000086400000| Untracked 
|  27|0x0000000086500000, 0x0000000086500000, 0x0000000086600000|  0%| F|  |TAMS 0x0000000086500000, 0x0000000086500000| Untracked 
|  28|0x0000000086600000, 0x0000000086600000, 0x0000000086700000|  0%| F|  |TAMS 0x0000000086600000, 0x0000000086600000| Untracked 
|  29|0x0000000086700000, 0x0000000086700000, 0x0000000086800000|  0%| F|  |TAMS 0x0000000086700000, 0x0000000086700000| Untracked 
|  30|0x0000000086800000, 0x0000000086800000, 0x0000000086900000|  0%| F|  |TAMS 0x0000000086800000, 0x0000000086800000| Untracked 
|  31|0x0000000086900000, 0x0000000086900000, 0x0000000086a00000|  0%| F|  |TAMS 0x0000000086900000, 0x0000000086900000| Untracked 
|  32|0x0000000086a00000, 0x0000000086a00000, 0x0000000086b00000|  0%| F|  |TAMS 0x0000000086a00000, 0x0000000086a00000| Untracked 
|  33|0x0000000086b00000, 0x0000000086b00000, 0x0000000086c00000|  0%| F|  |TAMS 0x0000000086b00000, 0x0000000086b00000| Untracked 
|  34|0x0000000086c00000, 0x0000000086c00000, 0x0000000086d00000|  0%| F|  |TAMS 0x0000000086c00000, 0x0000000086c00000| Untracked 
|  35|0x0000000086d00000, 0x0000000086d00000, 0x0000000086e00000|  0%| F|  |TAMS 0x0000000086d00000, 0x0000000086d00000| Untracked 
|  36|0x0000000086e00000, 0x0000000086e00000, 0x0000000086f00000|  0%| F|  |TAMS 0x0000000086e00000, 0x0000000086e00000| Untracked 
|  37|0x0000000086f00000, 0x0000000086f00000, 0x0000000087000000|  0%| F|  |TAMS 0x0000000086f00000, 0x0000000086f00000| Untracked 
|  38|0x0000000087000000, 0x0000000087000000, 0x0000000087100000|  0%| F|  |TAMS 0x0000000087000000, 0x0000000087000000| Untracked 
|  39|0x0000000087100000, 0x0000000087100000, 0x0000000087200000|  0%| F|  |TAMS 0x0000000087100000, 0x0000000087100000| Untracked 
|  40|0x0000000087200000, 0x0000000087200000, 0x0000000087300000|  0%| F|  |TAMS 0x0000000087200000, 0x0000000087200000| Untracked 
|  41|0x0000000087300000, 0x0000000087300000, 0x0000000087400000|  0%| F|  |TAMS 0x0000000087300000, 0x0000000087300000| Untracked 
|  42|0x0000000087400000, 0x0000000087400000, 0x0000000087500000|  0%| F|  |TAMS 0x0000000087400000, 0x0000000087400000| Untracked 
|  43|0x0000000087500000, 0x0000000087500000, 0x0000000087600000|  0%| F|  |TAMS 0x0000000087500000, 0x0000000087500000| Untracked 
|  44|0x0000000087600000, 0x0000000087600000, 0x0000000087700000|  0%| F|  |TAMS 0x0000000087600000, 0x0000000087600000| Untracked 
|  45|0x0000000087700000, 0x0000000087700000, 0x0000000087800000|  0%| F|  |TAMS 0x0000000087700000, 0x0000000087700000| Untracked 
|  46|0x0000000087800000, 0x0000000087800000, 0x0000000087900000|  0%| F|  |TAMS 0x0000000087800000, 0x0000000087800000| Untracked 
|  47|0x0000000087900000, 0x0000000087900000, 0x0000000087a00000|  0%| F|  |TAMS 0x0000000087900000, 0x0000000087900000| Untracked 
|  48|0x0000000087a00000, 0x0000000087a00000, 0x0000000087b00000|  0%| F|  |TAMS 0x0000000087a00000, 0x0000000087a00000| Untracked 
|  49|0x0000000087b00000, 0x0000000087b00000, 0x0000000087c00000|  0%| F|  |TAMS 0x0000000087b00000, 0x0000000087b00000| Untracked 
|  50|0x0000000087c00000, 0x0000000087c00000, 0x0000000087d00000|  0%| F|  |TAMS 0x0000000087c00000, 0x0000000087c00000| Untracked 
|  51|0x0000000087d00000, 0x0000000087d00000, 0x0000000087e00000|  0%| F|  |TAMS 0x0000000087d00000, 0x0000000087d00000| Untracked 
|  52|0x0000000087e00000, 0x0000000087e00000, 0x0000000087f00000|  0%| F|  |TAMS 0x0000000087e00000, 0x0000000087e00000| Untracked 
|  53|0x0000000087f00000, 0x0000000087f00000, 0x0000000088000000|  0%| F|  |TAMS 0x0000000087f00000, 0x0000000087f00000| Untracked 
|  54|0x0000000088000000, 0x0000000088000000, 0x0000000088100000|  0%| F|  |TAMS 0x0000000088000000, 0x0000000088000000| Untracked 
|  55|0x0000000088100000, 0x0000000088100000, 0x0000000088200000|  0%| F|  |TAMS 0x0000000088100000, 0x0000000088100000| Untracked 
|  56|0x0000000088200000, 0x0000000088200000, 0x0000000088300000|  0%| F|  |TAMS 0x0000000088200000, 0x0000000088200000| Untracked 
|  57|0x0000000088300000, 0x0000000088300000, 0x0000000088400000|  0%| F|  |TAMS 0x0000000088300000, 0x0000000088300000| Untracked 
|  58|0x0000000088400000, 0x0000000088400000, 0x0000000088500000|  0%| F|  |TAMS 0x0000000088400000, 0x0000000088400000| Untracked 
|  59|0x0000000088500000, 0x0000000088500000, 0x0000000088600000|  0%| F|  |TAMS 0x0000000088500000, 0x0000000088500000| Untracked 
|  60|0x0000000088600000, 0x0000000088600000, 0x0000000088700000|  0%| F|  |TAMS 0x0000000088600000, 0x0000000088600000| Untracked 
|  61|0x0000000088700000, 0x0000000088700000, 0x0000000088800000|  0%| F|  |TAMS 0x0000000088700000, 0x0000000088700000| Untracked 
|  62|0x0000000088800000, 0x0000000088800000, 0x0000000088900000|  0%| F|  |TAMS 0x0000000088800000, 0x0000000088800000| Untracked 
|  63|0x0000000088900000, 0x0000000088900000, 0x0000000088a00000|  0%| F|  |TAMS 0x0000000088900000, 0x0000000088900000| Untracked 
|  64|0x0000000088a00000, 0x0000000088a00000, 0x0000000088b00000|  0%| F|  |TAMS 0x0000000088a00000, 0x0000000088a00000| Untracked 
|  65|0x0000000088b00000, 0x0000000088b00000, 0x0000000088c00000|  0%| F|  |TAMS 0x0000000088b00000, 0x0000000088b00000| Untracked 
|  66|0x0000000088c00000, 0x0000000088c00000, 0x0000000088d00000|  0%| F|  |TAMS 0x0000000088c00000, 0x0000000088c00000| Untracked 
|  67|0x0000000088d00000, 0x0000000088d00000, 0x0000000088e00000|  0%| F|  |TAMS 0x0000000088d00000, 0x0000000088d00000| Untracked 
|  68|0x0000000088e00000, 0x0000000088e00000, 0x0000000088f00000|  0%| F|  |TAMS 0x0000000088e00000, 0x0000000088e00000| Untracked 
|  69|0x0000000088f00000, 0x0000000088f00000, 0x0000000089000000|  0%| F|  |TAMS 0x0000000088f00000, 0x0000000088f00000| Untracked 
|  70|0x0000000089000000, 0x0000000089000000, 0x0000000089100000|  0%| F|  |TAMS 0x0000000089000000, 0x0000000089000000| Untracked 
|  71|0x0000000089100000, 0x0000000089100000, 0x0000000089200000|  0%| F|  |TAMS 0x0000000089100000, 0x0000000089100000| Untracked 
|  72|0x0000000089200000, 0x0000000089200000, 0x0000000089300000|  0%| F|  |TAMS 0x0000000089200000, 0x0000000089200000| Untracked 
|  73|0x0000000089300000, 0x0000000089300000, 0x0000000089400000|  0%| F|  |TAMS 0x0000000089300000, 0x0000000089300000| Untracked 
|  74|0x0000000089400000, 0x0000000089400000, 0x0000000089500000|  0%| F|  |TAMS 0x0000000089400000, 0x0000000089400000| Untracked 
|  75|0x0000000089500000, 0x0000000089500000, 0x0000000089600000|  0%| F|  |TAMS 0x0000000089500000, 0x0000000089500000| Untracked 
|  76|0x0000000089600000, 0x0000000089600000, 0x0000000089700000|  0%| F|  |TAMS 0x0000000089600000, 0x0000000089600000| Untracked 
|  77|0x0000000089700000, 0x0000000089700000, 0x0000000089800000|  0%| F|  |TAMS 0x0000000089700000, 0x0000000089700000| Untracked 
|  78|0x0000000089800000, 0x0000000089800000, 0x0000000089900000|  0%| F|  |TAMS 0x0000000089800000, 0x0000000089800000| Untracked 
|  79|0x0000000089900000, 0x0000000089900000, 0x0000000089a00000|  0%| F|  |TAMS 0x0000000089900000, 0x0000000089900000| Untracked 
|  80|0x0000000089a00000, 0x0000000089a00000, 0x0000000089b00000|  0%| F|  |TAMS 0x0000000089a00000, 0x0000000089a00000| Untracked 
|  81|0x0000000089b00000, 0x0000000089b00000, 0x0000000089c00000|  0%| F|  |TAMS 0x0000000089b00000, 0x0000000089b00000| Untracked 
|  82|0x0000000089c00000, 0x0000000089c00000, 0x0000000089d00000|  0%| F|  |TAMS 0x0000000089c00000, 0x0000000089c00000| Untracked 
|  83|0x0000000089d00000, 0x0000000089d00000, 0x0000000089e00000|  0%| F|  |TAMS 0x0000000089d00000, 0x0000000089d00000| Untracked 
|  84|0x0000000089e00000, 0x0000000089e00000, 0x0000000089f00000|  0%| F|  |TAMS 0x0000000089e00000, 0x0000000089e00000| Untracked 
|  85|0x0000000089f00000, 0x0000000089f00000, 0x000000008a000000|  0%| F|  |TAMS 0x0000000089f00000, 0x0000000089f00000| Untracked 
|  86|0x000000008a000000, 0x000000008a000000, 0x000000008a100000|  0%| F|  |TAMS 0x000000008a000000, 0x000000008a000000| Untracked 
|  87|0x000000008a100000, 0x000000008a100000, 0x000000008a200000|  0%| F|  |TAMS 0x000000008a100000, 0x000000008a100000| Untracked 
|  88|0x000000008a200000, 0x000000008a200000, 0x000000008a300000|  0%| F|  |TAMS 0x000000008a200000, 0x000000008a200000| Untracked 
|  89|0x000000008a300000, 0x000000008a300000, 0x000000008a400000|  0%| F|  |TAMS 0x000000008a300000, 0x000000008a300000| Untracked 
|  90|0x000000008a400000, 0x000000008a400000, 0x000000008a500000|  0%| F|  |TAMS 0x000000008a400000, 0x000000008a400000| Untracked 
|  91|0x000000008a500000, 0x000000008a500000, 0x000000008a600000|  0%| F|  |TAMS 0x000000008a500000, 0x000000008a500000| Untracked 
|  92|0x000000008a600000, 0x000000008a600000, 0x000000008a700000|  0%| F|  |TAMS 0x000000008a600000, 0x000000008a600000| Untracked 
|  93|0x000000008a700000, 0x000000008a700000, 0x000000008a800000|  0%| F|  |TAMS 0x000000008a700000, 0x000000008a700000| Untracked 
|  94|0x000000008a800000, 0x000000008a800000, 0x000000008a900000|  0%| F|  |TAMS 0x000000008a800000, 0x000000008a800000| Untracked 
|  95|0x000000008a900000, 0x000000008a900000, 0x000000008aa00000|  0%| F|  |TAMS 0x000000008a900000, 0x000000008a900000| Untracked 
|  96|0x000000008aa00000, 0x000000008aa00000, 0x000000008ab00000|  0%| F|  |TAMS 0x000000008aa00000, 0x000000008aa00000| Untracked 
|  97|0x000000008ab00000, 0x000000008ab00000, 0x000000008ac00000|  0%| F|  |TAMS 0x000000008ab00000, 0x000000008ab00000| Untracked 
|  98|0x000000008ac00000, 0x000000008ac00000, 0x000000008ad00000|  0%| F|  |TAMS 0x000000008ac00000, 0x000000008ac00000| Untracked 
|  99|0x000000008ad00000, 0x000000008ad00000, 0x000000008ae00000|  0%| F|  |TAMS 0x000000008ad00000, 0x000000008ad00000| Untracked 
| 100|0x000000008ae00000, 0x000000008ae00000, 0x000000008af00000|  0%| F|  |TAMS 0x000000008ae00000, 0x000000008ae00000| Untracked 
| 101|0x000000008af00000, 0x000000008af00000, 0x000000008b000000|  0%| F|  |TAMS 0x000000008af00000, 0x000000008af00000| Untracked 
| 102|0x000000008b000000, 0x000000008b000000, 0x000000008b100000|  0%| F|  |TAMS 0x000000008b000000, 0x000000008b000000| Untracked 
| 103|0x000000008b100000, 0x000000008b100000, 0x000000008b200000|  0%| F|  |TAMS 0x000000008b100000, 0x000000008b100000| Untracked 
| 104|0x000000008b200000, 0x000000008b200000, 0x000000008b300000|  0%| F|  |TAMS 0x000000008b200000, 0x000000008b200000| Untracked 
| 105|0x000000008b300000, 0x000000008b300000, 0x000000008b400000|  0%| F|  |TAMS 0x000000008b300000, 0x000000008b300000| Untracked 
| 106|0x000000008b400000, 0x000000008b400000, 0x000000008b500000|  0%| F|  |TAMS 0x000000008b400000, 0x000000008b400000| Untracked 
| 107|0x000000008b500000, 0x000000008b500000, 0x000000008b600000|  0%| F|  |TAMS 0x000000008b500000, 0x000000008b500000| Untracked 
| 108|0x000000008b600000, 0x000000008b600000, 0x000000008b700000|  0%| F|  |TAMS 0x000000008b600000, 0x000000008b600000| Untracked 
| 109|0x000000008b700000, 0x000000008b700000, 0x000000008b800000|  0%| F|  |TAMS 0x000000008b700000, 0x000000008b700000| Untracked 
| 110|0x000000008b800000, 0x000000008b800000, 0x000000008b900000|  0%| F|  |TAMS 0x000000008b800000, 0x000000008b800000| Untracked 
| 111|0x000000008b900000, 0x000000008b900000, 0x000000008ba00000|  0%| F|  |TAMS 0x000000008b900000, 0x000000008b900000| Untracked 
| 112|0x000000008ba00000, 0x000000008ba00000, 0x000000008bb00000|  0%| F|  |TAMS 0x000000008ba00000, 0x000000008ba00000| Untracked 
| 113|0x000000008bb00000, 0x000000008bb00000, 0x000000008bc00000|  0%| F|  |TAMS 0x000000008bb00000, 0x000000008bb00000| Untracked 
| 114|0x000000008bc00000, 0x000000008bc00000, 0x000000008bd00000|  0%| F|  |TAMS 0x000000008bc00000, 0x000000008bc00000| Untracked 
| 115|0x000000008bd00000, 0x000000008bd00000, 0x000000008be00000|  0%| F|  |TAMS 0x000000008bd00000, 0x000000008bd00000| Untracked 
| 116|0x000000008be00000, 0x000000008be00000, 0x000000008bf00000|  0%| F|  |TAMS 0x000000008be00000, 0x000000008be00000| Untracked 
| 117|0x000000008bf00000, 0x000000008bf00000, 0x000000008c000000|  0%| F|  |TAMS 0x000000008bf00000, 0x000000008bf00000| Untracked 
| 118|0x000000008c000000, 0x000000008c000000, 0x000000008c100000|  0%| F|  |TAMS 0x000000008c000000, 0x000000008c000000| Untracked 
| 119|0x000000008c100000, 0x000000008c100000, 0x000000008c200000|  0%| F|  |TAMS 0x000000008c100000, 0x000000008c100000| Untracked 
| 120|0x000000008c200000, 0x000000008c200000, 0x000000008c300000|  0%| F|  |TAMS 0x000000008c200000, 0x000000008c200000| Untracked 
| 121|0x000000008c300000, 0x000000008c300000, 0x000000008c400000|  0%| F|  |TAMS 0x000000008c300000, 0x000000008c300000| Untracked 
| 122|0x000000008c400000, 0x000000008c400000, 0x000000008c500000|  0%| F|  |TAMS 0x000000008c400000, 0x000000008c400000| Untracked 
| 123|0x000000008c500000, 0x000000008c500000, 0x000000008c600000|  0%| F|  |TAMS 0x000000008c500000, 0x000000008c500000| Untracked 
| 124|0x000000008c600000, 0x000000008c600000, 0x000000008c700000|  0%| F|  |TAMS 0x000000008c600000, 0x000000008c600000| Untracked 
| 125|0x000000008c700000, 0x000000008c700000, 0x000000008c800000|  0%| F|  |TAMS 0x000000008c700000, 0x000000008c700000| Untracked 
| 126|0x000000008c800000, 0x000000008c800000, 0x000000008c900000|  0%| F|  |TAMS 0x000000008c800000, 0x000000008c800000| Untracked 
| 127|0x000000008c900000, 0x000000008c900000, 0x000000008ca00000|  0%| F|  |TAMS 0x000000008c900000, 0x000000008c900000| Untracked 
| 128|0x000000008ca00000, 0x000000008ca00000, 0x000000008cb00000|  0%| F|  |TAMS 0x000000008ca00000, 0x000000008ca00000| Untracked 
| 129|0x000000008cb00000, 0x000000008cb00000, 0x000000008cc00000|  0%| F|  |TAMS 0x000000008cb00000, 0x000000008cb00000| Untracked 
| 130|0x000000008cc00000, 0x000000008cc00000, 0x000000008cd00000|  0%| F|  |TAMS 0x000000008cc00000, 0x000000008cc00000| Untracked 
| 131|0x000000008cd00000, 0x000000008cd00000, 0x000000008ce00000|  0%| F|  |TAMS 0x000000008cd00000, 0x000000008cd00000| Untracked 
| 132|0x000000008ce00000, 0x000000008ce00000, 0x000000008cf00000|  0%| F|  |TAMS 0x000000008ce00000, 0x000000008ce00000| Untracked 
| 133|0x000000008cf00000, 0x000000008cf00000, 0x000000008d000000|  0%| F|  |TAMS 0x000000008cf00000, 0x000000008cf00000| Untracked 
| 134|0x000000008d000000, 0x000000008d000000, 0x000000008d100000|  0%| F|  |TAMS 0x000000008d000000, 0x000000008d000000| Untracked 
| 135|0x000000008d100000, 0x000000008d100000, 0x000000008d200000|  0%| F|  |TAMS 0x000000008d100000, 0x000000008d100000| Untracked 
| 136|0x000000008d200000, 0x000000008d200000, 0x000000008d300000|  0%| F|  |TAMS 0x000000008d200000, 0x000000008d200000| Untracked 
| 137|0x000000008d300000, 0x000000008d300000, 0x000000008d400000|  0%| F|  |TAMS 0x000000008d300000, 0x000000008d300000| Untracked 
| 138|0x000000008d400000, 0x000000008d4fd190, 0x000000008d500000| 98%| S|CS|TAMS 0x000000008d400000, 0x000000008d400000| Complete 
| 139|0x000000008d500000, 0x000000008d600000, 0x000000008d600000|100%| S|CS|TAMS 0x000000008d500000, 0x000000008d500000| Complete 
| 140|0x000000008d600000, 0x000000008d700000, 0x000000008d700000|100%| S|CS|TAMS 0x000000008d600000, 0x000000008d600000| Complete 
| 141|0x000000008d700000, 0x000000008d800000, 0x000000008d800000|100%| S|CS|TAMS 0x000000008d700000, 0x000000008d700000| Complete 
| 142|0x000000008d800000, 0x000000008d800000, 0x000000008d900000|  0%| F|  |TAMS 0x000000008d800000, 0x000000008d800000| Untracked 
| 143|0x000000008d900000, 0x000000008d900000, 0x000000008da00000|  0%| F|  |TAMS 0x000000008d900000, 0x000000008d900000| Untracked 
| 144|0x000000008da00000, 0x000000008da00000, 0x000000008db00000|  0%| F|  |TAMS 0x000000008da00000, 0x000000008da00000| Untracked 
| 145|0x000000008db00000, 0x000000008db00000, 0x000000008dc00000|  0%| F|  |TAMS 0x000000008db00000, 0x000000008db00000| Untracked 
| 146|0x000000008dc00000, 0x000000008dc00000, 0x000000008dd00000|  0%| F|  |TAMS 0x000000008dc00000, 0x000000008dc00000| Untracked 
| 147|0x000000008dd00000, 0x000000008dd00000, 0x000000008de00000|  0%| F|  |TAMS 0x000000008dd00000, 0x000000008dd00000| Untracked 
| 148|0x000000008de00000, 0x000000008de00000, 0x000000008df00000|  0%| F|  |TAMS 0x000000008de00000, 0x000000008de00000| Untracked 
| 149|0x000000008df00000, 0x000000008df00000, 0x000000008e000000|  0%| F|  |TAMS 0x000000008df00000, 0x000000008df00000| Untracked 
| 150|0x000000008e000000, 0x000000008e000000, 0x000000008e100000|  0%| F|  |TAMS 0x000000008e000000, 0x000000008e000000| Untracked 
| 151|0x000000008e100000, 0x000000008e100000, 0x000000008e200000|  0%| F|  |TAMS 0x000000008e100000, 0x000000008e100000| Untracked 
| 152|0x000000008e200000, 0x000000008e200000, 0x000000008e300000|  0%| F|  |TAMS 0x000000008e200000, 0x000000008e200000| Untracked 
| 153|0x000000008e300000, 0x000000008e300000, 0x000000008e400000|  0%| F|  |TAMS 0x000000008e300000, 0x000000008e300000| Untracked 
| 154|0x000000008e400000, 0x000000008e400000, 0x000000008e500000|  0%| F|  |TAMS 0x000000008e400000, 0x000000008e400000| Untracked 
| 155|0x000000008e500000, 0x000000008e500000, 0x000000008e600000|  0%| F|  |TAMS 0x000000008e500000, 0x000000008e500000| Untracked 
| 156|0x000000008e600000, 0x000000008e600000, 0x000000008e700000|  0%| F|  |TAMS 0x000000008e600000, 0x000000008e600000| Untracked 
| 157|0x000000008e700000, 0x000000008e700000, 0x000000008e800000|  0%| F|  |TAMS 0x000000008e700000, 0x000000008e700000| Untracked 
| 158|0x000000008e800000, 0x000000008e800000, 0x000000008e900000|  0%| F|  |TAMS 0x000000008e800000, 0x000000008e800000| Untracked 
| 159|0x000000008e900000, 0x000000008e900000, 0x000000008ea00000|  0%| F|  |TAMS 0x000000008e900000, 0x000000008e900000| Untracked 
| 160|0x000000008ea00000, 0x000000008ea00000, 0x000000008eb00000|  0%| F|  |TAMS 0x000000008ea00000, 0x000000008ea00000| Untracked 
| 161|0x000000008eb00000, 0x000000008eb00000, 0x000000008ec00000|  0%| F|  |TAMS 0x000000008eb00000, 0x000000008eb00000| Untracked 
| 162|0x000000008ec00000, 0x000000008ec00000, 0x000000008ed00000|  0%| F|  |TAMS 0x000000008ec00000, 0x000000008ec00000| Untracked 
| 163|0x000000008ed00000, 0x000000008ed00000, 0x000000008ee00000|  0%| F|  |TAMS 0x000000008ed00000, 0x000000008ed00000| Untracked 
| 164|0x000000008ee00000, 0x000000008ee00000, 0x000000008ef00000|  0%| F|  |TAMS 0x000000008ee00000, 0x000000008ee00000| Untracked 
| 165|0x000000008ef00000, 0x000000008ef00000, 0x000000008f000000|  0%| F|  |TAMS 0x000000008ef00000, 0x000000008ef00000| Untracked 
| 166|0x000000008f000000, 0x000000008f000000, 0x000000008f100000|  0%| F|  |TAMS 0x000000008f000000, 0x000000008f000000| Untracked 
| 167|0x000000008f100000, 0x000000008f100000, 0x000000008f200000|  0%| F|  |TAMS 0x000000008f100000, 0x000000008f100000| Untracked 
| 168|0x000000008f200000, 0x000000008f200000, 0x000000008f300000|  0%| F|  |TAMS 0x000000008f200000, 0x000000008f200000| Untracked 
| 169|0x000000008f300000, 0x000000008f300000, 0x000000008f400000|  0%| F|  |TAMS 0x000000008f300000, 0x000000008f300000| Untracked 
| 170|0x000000008f400000, 0x000000008f400000, 0x000000008f500000|  0%| F|  |TAMS 0x000000008f400000, 0x000000008f400000| Untracked 
| 171|0x000000008f500000, 0x000000008f500000, 0x000000008f600000|  0%| F|  |TAMS 0x000000008f500000, 0x000000008f500000| Untracked 
| 172|0x000000008f600000, 0x000000008f600000, 0x000000008f700000|  0%| F|  |TAMS 0x000000008f600000, 0x000000008f600000| Untracked 
| 173|0x000000008f700000, 0x000000008f700000, 0x000000008f800000|  0%| F|  |TAMS 0x000000008f700000, 0x000000008f700000| Untracked 
| 174|0x000000008f800000, 0x000000008f800000, 0x000000008f900000|  0%| F|  |TAMS 0x000000008f800000, 0x000000008f800000| Untracked 
| 175|0x000000008f900000, 0x000000008f900000, 0x000000008fa00000|  0%| F|  |TAMS 0x000000008f900000, 0x000000008f900000| Untracked 
| 176|0x000000008fa00000, 0x000000008fa00000, 0x000000008fb00000|  0%| F|  |TAMS 0x000000008fa00000, 0x000000008fa00000| Untracked 
| 177|0x000000008fb00000, 0x000000008fb00000, 0x000000008fc00000|  0%| F|  |TAMS 0x000000008fb00000, 0x000000008fb00000| Untracked 
| 178|0x000000008fc00000, 0x000000008fc00000, 0x000000008fd00000|  0%| F|  |TAMS 0x000000008fc00000, 0x000000008fc00000| Untracked 
| 179|0x000000008fd00000, 0x000000008fd83440, 0x000000008fe00000| 51%| E|  |TAMS 0x000000008fd00000, 0x000000008fd00000| Complete 
| 180|0x000000008fe00000, 0x000000008ff00000, 0x000000008ff00000|100%| E|CS|TAMS 0x000000008fe00000, 0x000000008fe00000| Complete 
|1972|0x00000000ffe00000, 0x00000000ffe47000, 0x00000000fff00000| 27%|OA|  |TAMS 0x00000000ffe47000, 0x00000000ffe47000| Untracked 
|1973|0x00000000fff00000, 0x00000000fff6b000, 0x0000000100000000| 41%|CA|  |TAMS 0x00000000fff6b000, 0x00000000fff6b000| Untracked 

Card table byte_map: [0x00007f5178bc4000,0x00007f5178f9f000] _byte_map_base: 0x00007f517879f000

Marking Bits (Prev, Next): (CMBitMap*) 0x00007f517405b590, (CMBitMap*) 0x00007f517405b558
 Prev Bits: [0x00007f5154250000, 0x00007f5156128000)
 Next Bits: [0x00007f5156128000, 0x00007f5158000000)

Polling page: 0x00007f517b446000

Metaspace:

Usage:
  Non-class:     30,52 MB capacity,    29,88 MB ( 98%) used,   526,70 KB (  2%) free+waste,   134,69 KB ( <1%) overhead. 
      Class:      4,69 MB capacity,     4,22 MB ( 90%) used,   408,49 KB (  9%) free+waste,    64,00 KB (  1%) overhead. 
       Both:     35,21 MB capacity,    34,10 MB ( 97%) used,   935,20 KB (  3%) free+waste,   198,69 KB ( <1%) overhead. 

Virtual space:
  Non-class space:       32,00 MB reserved,      30,65 MB ( 96%) committed 
      Class space:        1,00 GB reserved,       4,75 MB ( <1%) committed 
             Both:        1,03 GB reserved,      35,40 MB (  3%) committed 

Chunk freelists:
   Non-Class:  93,00 KB
       Class:  2,00 KB
        Both:  95,00 KB

MaxMetaspaceSize: unlimited
CompressedClassSpaceSize: 1,00 GB
Initial GC threshold: 20,80 MB
Current GC threshold: 35,40 MB
CDS: on

CodeHeap 'non-profiled nmethods': size=120032Kb used=1601Kb max_used=1601Kb free=118430Kb
 bounds [0x00007f516431b000, 0x00007f516458b000, 0x00007f516b853000]
CodeHeap 'profiled nmethods': size=120032Kb used=8789Kb max_used=8789Kb free=111242Kb
 bounds [0x00007f515cde3000, 0x00007f515d683000, 0x00007f516431b000]
CodeHeap 'non-nmethods': size=5696Kb used=1278Kb max_used=1313Kb free=4417Kb
 bounds [0x00007f515c853000, 0x00007f515cac3000, 0x00007f515cde3000]
 total_blobs=4376 nmethods=3891 adapters=406
 compilation: enabled
              stopped_count=0, restarted_count=0
 full_count=0

Compilation events (20 events):
Event: 7,815 Thread 0x00007f5174122000 3959       2       java.util.zip.ZipCoder$UTF8::toString (12 bytes)
Event: 7,816 Thread 0x00007f5174122000 nmethod 3959 0x00007f515d66ff90 code [0x00007f515d670140, 0x00007f515d670280]
Event: 7,816 Thread 0x00007f5174122000 3960       2       java.lang.System$2::newStringUTF8NoRepl (7 bytes)
Event: 7,816 Thread 0x00007f5174122000 nmethod 3960 0x00007f515d670390 code [0x00007f515d670540, 0x00007f515d670680]
Event: 7,817 Thread 0x00007f5174122000 3961       2       java.util.zip.ZipInputStream::getNextEntry (74 bytes)
Event: 7,817 Thread 0x00007f5174122000 nmethod 3961 0x00007f515d670710 code [0x00007f515d670940, 0x00007f515d670dc0]
Event: 7,817 Thread 0x00007f5174122000 3962       2       java.util.zip.CRC32::reset (6 bytes)
Event: 7,818 Thread 0x00007f5174122000 nmethod 3962 0x00007f515d671010 code [0x00007f515d6711c0, 0x00007f515d6712d0]
Event: 7,818 Thread 0x00007f5174122000 3963       2       java.util.zip.ZipCoder::toStringUTF8 (10 bytes)
Event: 7,818 Thread 0x00007f5174122000 nmethod 3963 0x00007f515d671390 code [0x00007f515d671540, 0x00007f515d671660]
Event: 7,825 Thread 0x00007f5174122000 3965       2       java.util.ArrayList::add (65 bytes)
Event: 7,825 Thread 0x00007f5174122000 nmethod 3965 0x00007f515d671710 code [0x00007f515d671920, 0x00007f515d671e60]
Event: 7,852 Thread 0x00007f5174122000 3966   !   2       jdk.internal.loader.BuiltinClassLoader::loadClassOrNull (143 bytes)
Event: 7,854 Thread 0x00007f5174122000 nmethod 3966 0x00007f515d672190 code [0x00007f515d672420, 0x00007f515d672e60]
Event: 7,873 Thread 0x00007f5174122000 3967 %     3       java.util.zip.ZipFile$Source::getEntryPos @ 33 (206 bytes)
Event: 7,874 Thread 0x00007f5174122000 nmethod 3967% 0x00007f515d673610 code [0x00007f515d6738a0, 0x00007f515d674670]
Event: 7,876 Thread 0x00007f5174122000 3968  s!   2       jdk.internal.loader.URLClassPath::getLoader (194 bytes)
Event: 7,878 Thread 0x00007f5174122000 nmethod 3968 0x00007f515d674d90 code [0x00007f515d675060, 0x00007f515d675fa0]
Event: 7,878 Thread 0x00007f5174122000 3969       3       java.util.zip.ZipFile$Source::getEntryPos (206 bytes)
Event: 7,880 Thread 0x00007f5174122000 nmethod 3969 0x00007f515d676910 code [0x00007f515d676b80, 0x00007f515d677890]

GC Heap History (18 events):
Event: 1,211 GC heap before
{Heap before GC invocations=0 (full 0):
 garbage-first heap   total 129024K, used 15048K [0x0000000084a00000, 0x0000000100000000)
  region size 1024K, 14 young (14336K), 0 survivors (0K)
 Metaspace       used 2077K, capacity 5327K, committed 5376K, reserved 1056768K
  class space    used 191K, capacity 499K, committed 512K, reserved 1048576K
}
Event: 1,251 GC heap after
{Heap after GC invocations=1 (full 0):
 garbage-first heap   total 129024K, used 6339K [0x0000000084a00000, 0x0000000100000000)
  region size 1024K, 2 young (2048K), 2 survivors (2048K)
 Metaspace       used 2077K, capacity 5327K, committed 5376K, reserved 1056768K
  class space    used 191K, capacity 499K, committed 512K, reserved 1048576K
}
Event: 1,612 GC heap before
{Heap before GC invocations=1 (full 0):
 garbage-first heap   total 129024K, used 16579K [0x0000000084a00000, 0x0000000100000000)
  region size 1024K, 12 young (12288K), 2 survivors (2048K)
 Metaspace       used 3776K, capacity 6515K, committed 6656K, reserved 1056768K
  class space    used 401K, capacity 663K, committed 768K, reserved 1048576K
}
Event: 1,619 GC heap after
{Heap after GC invocations=2 (full 0):
 garbage-first heap   total 129024K, used 7139K [0x0000000084a00000, 0x0000000100000000)
  region size 1024K, 1 young (1024K), 1 survivors (1024K)
 Metaspace       used 3776K, capacity 6515K, committed 6656K, reserved 1056768K
  class space    used 401K, capacity 663K, committed 768K, reserved 1048576K
}
Event: 2,628 GC heap before
{Heap before GC invocations=2 (full 0):
 garbage-first heap   total 129024K, used 34787K [0x0000000084a00000, 0x0000000100000000)
  region size 1024K, 29 young (29696K), 1 survivors (1024K)
 Metaspace       used 8261K, capacity 9629K, committed 9728K, reserved 1058816K
  class space    used 1045K, capacity 1267K, committed 1280K, reserved 1048576K
}
Event: 2,637 GC heap after
{Heap after GC invocations=3 (full 0):
 garbage-first heap   total 129024K, used 8682K [0x0000000084a00000, 0x0000000100000000)
  region size 1024K, 2 young (2048K), 2 survivors (2048K)
 Metaspace       used 8261K, capacity 9629K, committed 9728K, reserved 1058816K
  class space    used 1045K, capacity 1267K, committed 1280K, reserved 1048576K
}
Event: 3,159 GC heap before
{Heap before GC invocations=3 (full 0):
 garbage-first heap   total 129024K, used 51690K [0x0000000084a00000, 0x0000000100000000)
  region size 1024K, 45 young (46080K), 2 survivors (2048K)
 Metaspace       used 14083K, capacity 14589K, committed 14848K, reserved 1062912K
  class space    used 1874K, capacity 2045K, committed 2048K, reserved 1048576K
}
Event: 3,168 GC heap after
{Heap after GC invocations=4 (full 0):
 garbage-first heap   total 129024K, used 10122K [0x0000000084a00000, 0x0000000100000000)
  region size 1024K, 4 young (4096K), 4 survivors (4096K)
 Metaspace       used 14083K, capacity 14589K, committed 14848K, reserved 1062912K
  class space    used 1874K, capacity 2045K, committed 2048K, reserved 1048576K
}
Event: 3,737 GC heap before
{Heap before GC invocations=4 (full 0):
 garbage-first heap   total 129024K, used 66442K [0x0000000084a00000, 0x0000000100000000)
  region size 1024K, 60 young (61440K), 4 survivors (4096K)
 Metaspace       used 17947K, capacity 18504K, committed 18944K, reserved 1064960K
  class space    used 2264K, capacity 2471K, committed 2560K, reserved 1048576K
}
Event: 3,749 GC heap after
{Heap after GC invocations=5 (full 0):
 garbage-first heap   total 155648K, used 11332K [0x0000000084a00000, 0x0000000100000000)
  region size 1024K, 5 young (5120K), 5 survivors (5120K)
 Metaspace       used 17947K, capacity 18504K, committed 18944K, reserved 1064960K
  class space    used 2264K, capacity 2471K, committed 2560K, reserved 1048576K
}
Event: 4,105 GC heap before
{Heap before GC invocations=5 (full 0):
 garbage-first heap   total 155648K, used 40004K [0x0000000084a00000, 0x0000000100000000)
  region size 1024K, 35 young (35840K), 5 survivors (5120K)
 Metaspace       used 20434K, capacity 21085K, committed 21296K, reserved 1067008K
  class space    used 2584K, capacity 2843K, committed 2944K, reserved 1048576K
}
Event: 4,118 GC heap after
{Heap after GC invocations=6 (full 0):
 garbage-first heap   total 155648K, used 12585K [0x0000000084a00000, 0x0000000100000000)
  region size 1024K, 6 young (6144K), 6 survivors (6144K)
 Metaspace       used 20434K, capacity 21085K, committed 21296K, reserved 1067008K
  class space    used 2584K, capacity 2843K, committed 2944K, reserved 1048576K
}
Event: 6,215 GC heap before
{Heap before GC invocations=7 (full 0):
 garbage-first heap   total 155648K, used 89385K [0x0000000084a00000, 0x0000000100000000)
  region size 1024K, 81 young (82944K), 6 survivors (6144K)
 Metaspace       used 27530K, capacity 28404K, committed 28720K, reserved 1075200K
  class space    used 3505K, capacity 3849K, committed 3968K, reserved 1048576K
}
Event: 6,234 GC heap after
{Heap after GC invocations=8 (full 0):
 garbage-first heap   total 155648K, used 15517K [0x0000000084a00000, 0x0000000100000000)
  region size 1024K, 9 young (9216K), 9 survivors (9216K)
 Metaspace       used 27530K, capacity 28404K, committed 28720K, reserved 1075200K
  class space    used 3505K, capacity 3849K, committed 3968K, reserved 1048576K
}
Event: 7,304 GC heap before
{Heap before GC invocations=8 (full 0):
 garbage-first heap   total 155648K, used 98461K [0x0000000084a00000, 0x0000000100000000)
  region size 1024K, 91 young (93184K), 9 survivors (9216K)
 Metaspace       used 32256K, capacity 33412K, committed 33712K, reserved 1079296K
  class space    used 4078K, capacity 4537K, committed 4608K, reserved 1048576K
}
Event: 7,331 GC heap after
{Heap after GC invocations=9 (full 0):
 garbage-first heap   total 155648K, used 18059K [0x0000000084a00000, 0x0000000100000000)
  region size 1024K, 9 young (9216K), 9 survivors (9216K)
 Metaspace       used 32256K, capacity 33412K, committed 33712K, reserved 1079296K
  class space    used 4078K, capacity 4537K, committed 4608K, reserved 1048576K
}
Event: 7,855 GC heap before
{Heap before GC invocations=9 (full 0):
 garbage-first heap   total 155648K, used 25227K [0x0000000084a00000, 0x0000000100000000)
  region size 1024K, 17 young (17408K), 9 survivors (9216K)
 Metaspace       used 34556K, capacity 35733K, committed 35888K, reserved 1081344K
  class space    used 4277K, capacity 4734K, committed 4736K, reserved 1048576K
}
Event: 7,871 GC heap after
{Heap after GC invocations=10 (full 0):
 garbage-first heap   total 187392K, used 19132K [0x0000000084a00000, 0x0000000100000000)
  region size 1024K, 4 young (4096K), 4 survivors (4096K)
 Metaspace       used 34556K, capacity 35733K, committed 35888K, reserved 1081344K
  class space    used 4277K, capacity 4734K, committed 4736K, reserved 1048576K
}

Deoptimization events (20 events):
Event: 7,792 Thread 0x00007f517401b000 DEOPT PACKING pc=0x00007f515ceeb384 sp=0x00007f5179c07870
Event: 7,792 Thread 0x00007f517401b000 DEOPT UNPACKING pc=0x00007f515c89d64a sp=0x00007f5179c06d48 mode 1
Event: 7,792 Thread 0x00007f517401b000 DEOPT PACKING pc=0x00007f515d172c04 sp=0x00007f5179c07ff0
Event: 7,792 Thread 0x00007f517401b000 DEOPT UNPACKING pc=0x00007f515c89d64a sp=0x00007f5179c074e0 mode 1
Event: 7,814 Thread 0x00007f517401b000 Uncommon trap: trap_request=0xffffffc6 fr.pc=0x00007f51644a4e1c relative=0x000000000000173c
Event: 7,814 Thread 0x00007f517401b000 Uncommon trap: reason=bimorphic_or_optimized_type_check action=maybe_recompile pc=0x00007f51644a4e1c method=java.util.Properties$LineReader.readLine()I @ 530 c2
Event: 7,814 Thread 0x00007f517401b000 DEOPT PACKING pc=0x00007f51644a4e1c sp=0x00007f5179c07880
Event: 7,814 Thread 0x00007f517401b000 DEOPT UNPACKING pc=0x00007f515c89cea5 sp=0x00007f5179c07800 mode 2
Event: 7,840 Thread 0x00007f517401b000 DEOPT PACKING pc=0x00007f515cef3354 sp=0x00007f5179c07680
Event: 7,840 Thread 0x00007f517401b000 DEOPT UNPACKING pc=0x00007f515c89d64a sp=0x00007f5179c06b38 mode 1
Event: 7,840 Thread 0x00007f517401b000 DEOPT PACKING pc=0x00007f515ceeb384 sp=0x00007f5179c07750
Event: 7,840 Thread 0x00007f517401b000 DEOPT UNPACKING pc=0x00007f515c89d64a sp=0x00007f5179c06c28 mode 1
Event: 7,840 Thread 0x00007f517401b000 DEOPT PACKING pc=0x00007f515d172c04 sp=0x00007f5179c07ed0
Event: 7,840 Thread 0x00007f517401b000 DEOPT UNPACKING pc=0x00007f515c89d64a sp=0x00007f5179c073c0 mode 1
Event: 7,850 Thread 0x00007f517401b000 DEOPT PACKING pc=0x00007f515cee14ec sp=0x00007f5179c060b0
Event: 7,850 Thread 0x00007f517401b000 DEOPT UNPACKING pc=0x00007f515c89d64a sp=0x00007f5179c05618 mode 0
Event: 7,853 Thread 0x00007f517401b000 Uncommon trap: trap_request=0xffffff4d fr.pc=0x00007f51643ce298 relative=0x0000000000000c38
Event: 7,853 Thread 0x00007f517401b000 Uncommon trap: reason=unstable_if action=reinterpret pc=0x00007f51643ce298 method=java.util.zip.ZipFile$Source.getEntryPos([BZ)I @ 68 c2
Event: 7,853 Thread 0x00007f517401b000 DEOPT PACKING pc=0x00007f51643ce298 sp=0x00007f5179c05d70
Event: 7,853 Thread 0x00007f517401b000 DEOPT UNPACKING pc=0x00007f515c89cea5 sp=0x00007f5179c05d20 mode 2

Classes redefined (0 events):
No events

Internal exceptions (20 events):
Event: 6,215 Thread 0x00007f517401b000 Exception <a 'java/lang/ClassNotFoundException'{0x0000000088fef960}: org/springframework/beans/factory/SmartInitializingSingletonCustomizer> (0x0000000088fef960) thrown at [src/hotspot/share/classfile/systemDictionary.cpp, line 231]
Event: 6,234 Thread 0x00007f517401b000 Exception <a 'java/lang/ClassNotFoundException'{0x000000008df04770}: org/springframework/beans/factory/BeanFactoryAwareCustomizer> (0x000000008df04770) thrown at [src/hotspot/share/classfile/systemDictionary.cpp, line 231]
Event: 6,235 Thread 0x00007f517401b000 Exception <a 'java/lang/ClassNotFoundException'{0x000000008df17b10}: org/springframework/beans/factory/AwareCustomizer> (0x000000008df17b10) thrown at [src/hotspot/share/classfile/systemDictionary.cpp, line 231]
Event: 6,254 Thread 0x00007f517401b000 Exception <a 'java/lang/ClassNotFoundException'{0x000000008dfc8160}: java/lang/ObjectCustomizer> (0x000000008dfc8160) thrown at [src/hotspot/share/classfile/systemDictionary.cpp, line 231]
Event: 6,255 Thread 0x00007f517401b000 Exception <a 'java/lang/ClassNotFoundException'{0x000000008dfdf308}: org/springframework/aop/support/AbstractPointcutAdvisorCustomizer> (0x000000008dfdf308) thrown at [src/hotspot/share/classfile/systemDictionary.cpp, line 231]
Event: 6,256 Thread 0x00007f517401b000 Exception <a 'java/lang/ClassNotFoundException'{0x000000008dffd3c0}: org/springframework/security/access/intercept/aopalliance/MethodSecurityMetadataSourceAdvisorCustomizer> (0x000000008dffd3c0) thrown at [src/hotspot/share/classfile/systemDictionary.cpp, line 231]
Event: 6,257 Thread 0x00007f517401b000 Exception <a 'java/lang/ClassNotFoundException'{0x000000008de18670}: org/springframework/beans/factory/BeanFactoryAwareCustomizer> (0x000000008de18670) thrown at [src/hotspot/share/classfile/systemDictionary.cpp, line 231]
Event: 6,258 Thread 0x00007f517401b000 Exception <a 'java/lang/ClassNotFoundException'{0x000000008de2b218}: org/springframework/beans/factory/AwareCustomizer> (0x000000008de2b218) thrown at [src/hotspot/share/classfile/systemDictionary.cpp, line 231]
Event: 6,258 Thread 0x00007f517401b000 Exception <a 'java/lang/ClassNotFoundException'{0x000000008de3cb28}: org/springframework/aop/PointcutAdvisorCustomizer> (0x000000008de3cb28) thrown at [src/hotspot/share/classfile/systemDictionary.cpp, line 231]
Event: 6,259 Thread 0x00007f517401b000 Exception <a 'java/lang/ClassNotFoundException'{0x000000008de4e2b0}: org/springframework/aop/AdvisorCustomizer> (0x000000008de4e2b0) thrown at [src/hotspot/share/classfile/systemDictionary.cpp, line 231]
Event: 6,260 Thread 0x00007f517401b000 Exception <a 'java/lang/ClassNotFoundException'{0x000000008de607b8}: org/springframework/core/OrderedCustomizer> (0x000000008de607b8) thrown at [src/hotspot/share/classfile/systemDictionary.cpp, line 231]
Event: 6,408 Thread 0x00007f517401b000 Exception <a 'java/lang/NoSuchMethodError'{0x000000008d8b9570}: 'void java.lang.invoke.DelegatingMethodHandle$Holder.delegate(java.lang.Object, java.lang.Object, int, java.lang.Object)'> (0x000000008d8b9570) thrown at [src/hotspot/share/interpreter/linkResolver.cpp, line 772]
Event: 6,455 Thread 0x00007f517401b000 Exception <a 'java/lang/NoSuchMethodError'{0x000000008d7ecda8}: 'void java.lang.invoke.DirectMethodHandle$Holder.invokeInterface(java.lang.Object, java.lang.Object, int)'> (0x000000008d7ecda8) thrown at [src/hotspot/share/interpreter/linkResolver.cpp, line 772]
Event: 6,459 Thread 0x00007f517401b000 Exception <a 'java/lang/NoSuchMethodError'{0x000000008d605620}: 'int java.lang.invoke.DirectMethodHandle$Holder.invokeVirtual(java.lang.Object, java.lang.Object)'> (0x000000008d605620) thrown at [src/hotspot/share/interpreter/linkResolver.cpp, line 772]
Event: 6,467 Thread 0x00007f517401b000 Exception <a 'java/lang/IncompatibleClassChangeError'{0x000000008d63b200}: Found class java.lang.Object, but interface was expected> (0x000000008d63b200) thrown at [src/hotspot/share/interpreter/linkResolver.cpp, line 839]
Event: 6,468 Thread 0x00007f517401b000 Exception <a 'java/lang/NoSuchMethodError'{0x000000008d6400a8}: 'void java.lang.invoke.DirectMethodHandle$Holder.invokeStatic(java.lang.Object, int, java.lang.Object)'> (0x000000008d6400a8) thrown at [src/hotspot/share/interpreter/linkResolver.cpp, line 772]
Event: 6,970 Thread 0x00007f517401b000 Implicit null exception at 0x00007f51643ba317 to 0x00007f51643bc318
Event: 7,038 Thread 0x00007f517401b000 Exception <a 'java/io/FileNotFoundException'{0x0000000089738d58}> (0x0000000089738d58) thrown at [src/hotspot/share/prims/jni.cpp, line 616]
Event: 7,039 Thread 0x00007f517401b000 Exception <a 'java/io/FileNotFoundException'{0x000000008973a8b8}> (0x000000008973a8b8) thrown at [src/hotspot/share/prims/jni.cpp, line 616]
Event: 7,085 Thread 0x00007f517401b000 Exception <a 'java/lang/NoSuchMethodError'{0x00000000894c4c48}: 'int java.lang.invoke.DirectMethodHandle$Holder.invokeInterface(java.lang.Object, java.lang.Object, java.lang.Object, java.lang.Object)'> (0x00000000894c4c48) thrown at [src/hotspot/share/interpreter/linkResolver.cpp, line 772]

Events (20 events):
Event: 7,874 loading class org/h2/store/fs/FileChannelOutputStream
Event: 7,874 loading class org/h2/store/fs/FileChannelOutputStream done
Event: 7,875 loading class org/h2/store/fs/FileMemData
Event: 7,875 loading class org/h2/store/fs/FileMemData done
Event: 7,876 loading class org/h2/compress/CompressLZF
Event: 7,876 loading class org/h2/compress/CompressLZF done
Event: 7,877 loading class org/h2/compress/Compressor
Event: 7,877 loading class org/h2/compress/Compressor done
Event: 7,878 loading class org/h2/store/fs/FileMemData$Cache
Event: 7,878 loading class org/h2/store/fs/FileMemData$Cache done
Event: 7,879 loading class org/h2/store/fs/FilePathMemLZF
Event: 7,879 loading class org/h2/store/fs/FilePathMemLZF done
Event: 7,880 loading class org/h2/store/fs/FilePathNioMem
Event: 7,880 loading class org/h2/store/fs/FilePathNioMem done
Event: 7,880 loading class org/h2/store/fs/FileNioMem
Event: 7,880 loading class org/h2/store/fs/FileNioMem done
Event: 7,881 loading class org/h2/store/fs/FilePathNioMemLZF
Event: 7,881 loading class org/h2/store/fs/FilePathNioMemLZF done
Event: 7,881 loading class org/h2/store/fs/FilePathSplit
Event: 7,881 loading class org/h2/store/fs/FilePathSplit done


Dynamic libraries:
84a00000-8ff00000 rw-p 00000000 00:00 0 
8ff00000-ffe00000 ---p 00000000 00:00 0 
ffe00000-ffe47000 rw-p 01114000 08:05 8650790                            /usr/lib/jvm/java-11-openjdk-amd64/lib/server/classes.jsa
ffe47000-fff00000 rw-p 00000000 00:00 0 
fff00000-fff6b000 rw-p 010a9000 08:05 8650790                            /usr/lib/jvm/java-11-openjdk-amd64/lib/server/classes.jsa
fff6b000-100000000 rw-p 00000000 00:00 0 
800000000-800002000 rwxp 00001000 08:05 8650790                          /usr/lib/jvm/java-11-openjdk-amd64/lib/server/classes.jsa
800002000-8010a8000 rw-p 00003000 08:05 8650790                          /usr/lib/jvm/java-11-openjdk-amd64/lib/server/classes.jsa
840000000-8404c0000 rw-p 00000000 00:00 0 
8404c0000-880000000 ---p 00000000 00:00 0 
55b532a04000-55b532a05000 r--p 00000000 08:05 2363934                    /usr/lib/jvm/java-11-openjdk-amd64/bin/java
55b532a05000-55b532a06000 r-xp 00001000 08:05 2363934                    /usr/lib/jvm/java-11-openjdk-amd64/bin/java
55b532a06000-55b532a07000 r--p 00002000 08:05 2363934                    /usr/lib/jvm/java-11-openjdk-amd64/bin/java
55b532a07000-55b532a08000 r--p 00002000 08:05 2363934                    /usr/lib/jvm/java-11-openjdk-amd64/bin/java
55b532a08000-55b532a09000 rw-p 00003000 08:05 2363934                    /usr/lib/jvm/java-11-openjdk-amd64/bin/java
55b533d14000-55b533d35000 rw-p 00000000 00:00 0                          [heap]
7f50f4000000-7f50f4081000 rw-p 00000000 00:00 0 
7f50f4081000-7f50f8000000 ---p 00000000 00:00 0 
7f50fa19c000-7f50fa71a000 rw-p 00000000 00:00 0 
7f50fa71a000-7f50fa85f000 ---p 00000000 00:00 0 
7f50fad14000-7f50fb3d7000 rw-p 00000000 00:00 0 
7f50fb3d7000-7f50fb5d7000 rw-p 00000000 00:00 0 
7f50fb600000-7f50fb800000 rw-p 00000000 00:00 0 
7f50fb800000-7f50fba00000 rw-p 00000000 00:00 0 
7f50fba00000-7f50fbc00000 rw-p 00000000 00:00 0 
7f50fbc00000-7f50fbe00000 rw-p 00000000 00:00 0 
7f50fbe00000-7f50fbfec000 rw-p 00000000 00:00 0 
7f50fbfec000-7f50fc000000 ---p 00000000 00:00 0 
7f50fc000000-7f50fc3e8000 rw-p 00000000 00:00 0 
7f50fc3e8000-7f5100000000 ---p 00000000 00:00 0 
7f5100000000-7f5100021000 rw-p 00000000 00:00 0 
7f5100021000-7f5104000000 ---p 00000000 00:00 0 
7f5104000000-7f5104021000 rw-p 00000000 00:00 0 
7f5104021000-7f5108000000 ---p 00000000 00:00 0 
7f5108000000-7f5108021000 rw-p 00000000 00:00 0 
7f5108021000-7f510c000000 ---p 00000000 00:00 0 
7f510c000000-7f510c021000 rw-p 00000000 00:00 0 
7f510c021000-7f5110000000 ---p 00000000 00:00 0 
7f5110000000-7f5110021000 rw-p 00000000 00:00 0 
7f5110021000-7f5114000000 ---p 00000000 00:00 0 
7f5114000000-7f511408b000 rw-p 00000000 00:00 0 
7f511408b000-7f5118000000 ---p 00000000 00:00 0 
7f5118000000-7f5118021000 rw-p 00000000 00:00 0 
7f5118021000-7f511c000000 ---p 00000000 00:00 0 
7f511c000000-7f511c021000 rw-p 00000000 00:00 0 
7f511c021000-7f5120000000 ---p 00000000 00:00 0 
7f5120000000-7f5120021000 rw-p 00000000 00:00 0 
7f5120021000-7f5124000000 ---p 00000000 00:00 0 
7f5124000000-7f51270b3000 rw-p 00000000 00:00 0 
7f51270b3000-7f5128000000 ---p 00000000 00:00 0 
7f5128000000-7f5128824000 rw-p 00000000 00:00 0 
7f5128824000-7f512c000000 ---p 00000000 00:00 0 
7f512c000000-7f512c021000 rw-p 00000000 00:00 0 
7f512c021000-7f5130000000 ---p 00000000 00:00 0 
7f5130000000-7f5130021000 rw-p 00000000 00:00 0 
7f5130021000-7f5134000000 ---p 00000000 00:00 0 
7f5134000000-7f5134021000 rw-p 00000000 00:00 0 
7f5134021000-7f5138000000 ---p 00000000 00:00 0 
7f5138000000-7f5138021000 rw-p 00000000 00:00 0 
7f5138021000-7f513c000000 ---p 00000000 00:00 0 
7f513c000000-7f513c021000 rw-p 00000000 00:00 0 
7f513c021000-7f5140000000 ---p 00000000 00:00 0 
7f5140000000-7f514009a000 rw-p 00000000 00:00 0 
7f514009a000-7f5144000000 ---p 00000000 00:00 0 
7f5144000000-7f5144021000 rw-p 00000000 00:00 0 
7f5144021000-7f5148000000 ---p 00000000 00:00 0 
7f5148000000-7f5148021000 rw-p 00000000 00:00 0 
7f5148021000-7f514c000000 ---p 00000000 00:00 0 
7f514c07d000-7f514c081000 ---p 00000000 00:00 0 
7f514c081000-7f514c37e000 rw-p 00000000 00:00 0 
7f514c37e000-7f514c57e000 rw-p 00000000 00:00 0 
7f514c57e000-7f514c77e000 rw-p 00000000 00:00 0 
7f514c77e000-7f514c782000 ---p 00000000 00:00 0 
7f514c782000-7f514ca7f000 rw-p 00000000 00:00 0 
7f514ca82000-7f514ca83000 ---p 00000000 00:00 0 
7f514ca83000-7f514cb84000 rw-p 00000000 00:00 0 
7f514cb84000-7f514cb85000 ---p 00000000 00:00 0 
7f514cb85000-7f514cc86000 rw-p 00000000 00:00 0 
7f514cc86000-7f514cc87000 ---p 00000000 00:00 0 
7f514cc87000-7f514cd88000 rw-p 00000000 00:00 0 
7f514cd88000-7f514cd8c000 ---p 00000000 00:00 0 
7f514cd8c000-7f514ce89000 rw-p 00000000 00:00 0 
7f514ce89000-7f514ce8a000 ---p 00000000 00:00 0 
7f514ce8a000-7f514cf8b000 rw-p 00000000 00:00 0 
7f514cf8b000-7f514cf8f000 ---p 00000000 00:00 0 
7f514cf8f000-7f514d08c000 rw-p 00000000 00:00 0 
7f514d08c000-7f514d090000 ---p 00000000 00:00 0 
7f514d090000-7f514d18d000 rw-p 00000000 00:00 0 
7f514d18d000-7f514d191000 ---p 00000000 00:00 0 
7f514d191000-7f514d28e000 rw-p 00000000 00:00 0 
7f514d28e000-7f514d800000 r--p 00000000 08:05 2360242                    /usr/lib/locale/locale-archive
7f514d800000-7f5150000000 rw-p 00000000 00:00 0 
7f5150000000-7f5150021000 rw-p 00000000 00:00 0 
7f5150021000-7f5154000000 ---p 00000000 00:00 0 
7f5154028000-7f515404e000 r--p 00000000 08:05 4590128                    /usr/share/locale-langpack/pt_BR/LC_MESSAGES/libc.mo
7f515404e000-7f5154052000 ---p 00000000 00:00 0 
7f5154052000-7f515414f000 rw-p 00000000 00:00 0 
7f515414f000-7f5154153000 ---p 00000000 00:00 0 
7f5154153000-7f5154524000 rw-p 00000000 00:00 0 
7f5154524000-7f5156120000 ---p 00000000 00:00 0 
7f5156120000-7f51563fc000 rw-p 00000000 00:00 0 
7f51563fc000-7f5157ff8000 ---p 00000000 00:00 0 
7f5157ff8000-7f5158000000 rw-p 00000000 00:00 0 
7f5158000000-7f5158021000 rw-p 00000000 00:00 0 
7f5158021000-7f515c000000 ---p 00000000 00:00 0 
7f515c01b000-7f515c01d000 r--p 00000000 08:05 8650915                    /usr/lib/jvm/java-11-openjdk-amd64/lib/libmanagement_ext.so
7f515c01d000-7f515c020000 r-xp 00002000 08:05 8650915                    /usr/lib/jvm/java-11-openjdk-amd64/lib/libmanagement_ext.so
7f515c020000-7f515c022000 r--p 00005000 08:05 8650915                    /usr/lib/jvm/java-11-openjdk-amd64/lib/libmanagement_ext.so
7f515c022000-7f515c023000 r--p 00006000 08:05 8650915                    /usr/lib/jvm/java-11-openjdk-amd64/lib/libmanagement_ext.so
7f515c023000-7f515c024000 rw-p 00007000 08:05 8650915                    /usr/lib/jvm/java-11-openjdk-amd64/lib/libmanagement_ext.so
7f515c024000-7f515c055000 rw-p 00000000 00:00 0 
7f515c055000-7f515c059000 r--p 00000000 08:05 8650917                    /usr/lib/jvm/java-11-openjdk-amd64/lib/libnet.so
7f515c059000-7f515c068000 r-xp 00004000 08:05 8650917                    /usr/lib/jvm/java-11-openjdk-amd64/lib/libnet.so
7f515c068000-7f515c06c000 r--p 00013000 08:05 8650917                    /usr/lib/jvm/java-11-openjdk-amd64/lib/libnet.so
7f515c06c000-7f515c06d000 r--p 00016000 08:05 8650917                    /usr/lib/jvm/java-11-openjdk-amd64/lib/libnet.so
7f515c06d000-7f515c06e000 rw-p 00017000 08:05 8650917                    /usr/lib/jvm/java-11-openjdk-amd64/lib/libnet.so
7f515c06e000-7f515c072000 ---p 00000000 00:00 0 
7f515c072000-7f515c16f000 rw-p 00000000 00:00 0 
7f515c16f000-7f515c173000 ---p 00000000 00:00 0 
7f515c173000-7f515c270000 rw-p 00000000 00:00 0 
7f515c270000-7f515c274000 ---p 00000000 00:00 0 
7f515c274000-7f515c371000 rw-p 00000000 00:00 0 
7f515c371000-7f515c375000 ---p 00000000 00:00 0 
7f515c375000-7f515c472000 rw-p 00000000 00:00 0 
7f515c472000-7f515c476000 ---p 00000000 00:00 0 
7f515c476000-7f515c573000 rw-p 00000000 00:00 0 
7f515c573000-7f515c574000 ---p 00000000 00:00 0 
7f515c574000-7f515c751000 rw-p 00000000 00:00 0 
7f515c751000-7f515c752000 ---p 00000000 00:00 0 
7f515c752000-7f515c853000 rw-p 00000000 00:00 0 
7f515c853000-7f515cac3000 rwxp 00000000 00:00 0 
7f515cac3000-7f515cde3000 ---p 00000000 00:00 0 
7f515cde3000-7f515d683000 rwxp 00000000 00:00 0 
7f515d683000-7f516431b000 ---p 00000000 00:00 0 
7f516431b000-7f516458b000 rwxp 00000000 00:00 0 
7f516458b000-7f516b853000 ---p 00000000 00:00 0 
7f516b853000-7f5174000000 r--s 00000000 08:05 8650927                    /usr/lib/jvm/java-11-openjdk-amd64/lib/modules
7f5174000000-7f51753b6000 rw-p 00000000 00:00 0 
7f51753b6000-7f5178000000 ---p 00000000 00:00 0 
7f5178008000-7f517800b000 r--p 00000000 08:05 8650913                    /usr/lib/jvm/java-11-openjdk-amd64/lib/libmanagement.so
7f517800b000-7f517800c000 r-xp 00003000 08:05 8650913                    /usr/lib/jvm/java-11-openjdk-amd64/lib/libmanagement.so
7f517800c000-7f517800d000 r--p 00004000 08:05 8650913                    /usr/lib/jvm/java-11-openjdk-amd64/lib/libmanagement.so
7f517800d000-7f517800e000 r--p 00004000 08:05 8650913                    /usr/lib/jvm/java-11-openjdk-amd64/lib/libmanagement.so
7f517800e000-7f517800f000 rw-p 00005000 08:05 8650913                    /usr/lib/jvm/java-11-openjdk-amd64/lib/libmanagement.so
7f517800f000-7f5178016000 r--p 00000000 08:05 8650918                    /usr/lib/jvm/java-11-openjdk-amd64/lib/libnio.so
7f5178016000-7f517801e000 r-xp 00007000 08:05 8650918                    /usr/lib/jvm/java-11-openjdk-amd64/lib/libnio.so
7f517801e000-7f5178021000 r--p 0000f000 08:05 8650918                    /usr/lib/jvm/java-11-openjdk-amd64/lib/libnio.so
7f5178021000-7f5178022000 r--p 00011000 08:05 8650918                    /usr/lib/jvm/java-11-openjdk-amd64/lib/libnio.so
7f5178022000-7f5178023000 rw-p 00012000 08:05 8650918                    /usr/lib/jvm/java-11-openjdk-amd64/lib/libnio.so
7f5178023000-7f5178025000 r--p 00000000 08:05 8650892                    /usr/lib/jvm/java-11-openjdk-amd64/lib/libdt_socket.so
7f5178025000-7f5178028000 r-xp 00002000 08:05 8650892                    /usr/lib/jvm/java-11-openjdk-amd64/lib/libdt_socket.so
7f5178028000-7f5178029000 r--p 00005000 08:05 8650892                    /usr/lib/jvm/java-11-openjdk-amd64/lib/libdt_socket.so
7f5178029000-7f517802a000 ---p 00006000 08:05 8650892                    /usr/lib/jvm/java-11-openjdk-amd64/lib/libdt_socket.so
7f517802a000-7f517802b000 r--p 00006000 08:05 8650892                    /usr/lib/jvm/java-11-openjdk-amd64/lib/libdt_socket.so
7f517802b000-7f517802c000 rw-p 00007000 08:05 8650892                    /usr/lib/jvm/java-11-openjdk-amd64/lib/libdt_socket.so
7f517802c000-7f5178033000 r--s 00000000 08:05 3020613                    /usr/lib/x86_64-linux-gnu/gconv/gconv-modules.cache
7f5178033000-7f517809d000 rw-p 00000000 00:00 0 
7f517809d000-7f517809e000 ---p 00000000 00:00 0 
7f517809e000-7f51785a3000 rw-p 00000000 00:00 0 
7f51785a3000-7f51785a4000 ---p 00000000 00:00 0 
7f51785a4000-7f51786a5000 rw-p 00000000 00:00 0 
7f51786a5000-7f51786a6000 ---p 00000000 00:00 0 
7f51786a6000-7f5178844000 rw-p 00000000 00:00 0 
7f5178844000-7f5178bc3000 ---p 00000000 00:00 0 
7f5178bc3000-7f5178c1f000 rw-p 00000000 00:00 0 
7f5178c1f000-7f5178f9e000 ---p 00000000 00:00 0 
7f5178f9e000-7f5178ffa000 rw-p 00000000 00:00 0 
7f5178ffa000-7f5179379000 ---p 00000000 00:00 0 
7f5179379000-7f517977e000 rw-p 00000000 00:00 0 
7f517977e000-7f517977f000 ---p 00000000 00:00 0 
7f517977f000-7f5179885000 rw-p 00000000 00:00 0 
7f5179885000-7f517996b000 ---p 00000000 00:00 0 
7f517996b000-7f517997d000 rw-p 00000000 00:00 0 
7f517997d000-7f5179a56000 ---p 00000000 00:00 0 
7f5179a56000-7f5179a5b000 rw-p 00000000 00:00 0 
7f5179a5b000-7f5179a62000 ---p 00000000 00:00 0 
7f5179a62000-7f5179a65000 r--p 00000000 08:05 2359419                    /usr/lib/x86_64-linux-gnu/libnss_files-2.31.so
7f5179a65000-7f5179a6c000 r-xp 00003000 08:05 2359419                    /usr/lib/x86_64-linux-gnu/libnss_files-2.31.so
7f5179a6c000-7f5179a6e000 r--p 0000a000 08:05 2359419                    /usr/lib/x86_64-linux-gnu/libnss_files-2.31.so
7f5179a6e000-7f5179a6f000 r--p 0000b000 08:05 2359419                    /usr/lib/x86_64-linux-gnu/libnss_files-2.31.so
7f5179a6f000-7f5179a70000 rw-p 0000c000 08:05 2359419                    /usr/lib/x86_64-linux-gnu/libnss_files-2.31.so
7f5179a70000-7f5179a76000 rw-p 00000000 00:00 0 
7f5179a7a000-7f5179a7c000 r--p 00000000 08:05 8650926                    /usr/lib/jvm/java-11-openjdk-amd64/lib/libzip.so
7f5179a7c000-7f5179a80000 r-xp 00002000 08:05 8650926                    /usr/lib/jvm/java-11-openjdk-amd64/lib/libzip.so
7f5179a80000-7f5179a82000 r--p 00006000 08:05 8650926                    /usr/lib/jvm/java-11-openjdk-amd64/lib/libzip.so
7f5179a82000-7f5179a83000 r--p 00007000 08:05 8650926                    /usr/lib/jvm/java-11-openjdk-amd64/lib/libzip.so
7f5179a83000-7f5179a84000 rw-p 00008000 08:05 8650926                    /usr/lib/jvm/java-11-openjdk-amd64/lib/libzip.so
7f5179a84000-7f5179a8c000 rw-s 00000000 08:05 9047402                    /tmp/hsperfdata_windows/14564
7f5179a8c000-7f5179a8e000 r--p 00000000 08:05 8650908                    /usr/lib/jvm/java-11-openjdk-amd64/lib/libjdwp.so
7f5179a8e000-7f5179aba000 r-xp 00002000 08:05 8650908                    /usr/lib/jvm/java-11-openjdk-amd64/lib/libjdwp.so
7f5179aba000-7f5179ac8000 r--p 0002e000 08:05 8650908                    /usr/lib/jvm/java-11-openjdk-amd64/lib/libjdwp.so
7f5179ac8000-7f5179ac9000 r--p 0003b000 08:05 8650908                    /usr/lib/jvm/java-11-openjdk-amd64/lib/libjdwp.so
7f5179ac9000-7f5179aca000 rw-p 0003c000 08:05 8650908                    /usr/lib/jvm/java-11-openjdk-amd64/lib/libjdwp.so
7f5179aca000-7f5179acc000 r--p 00000000 08:05 8650909                    /usr/lib/jvm/java-11-openjdk-amd64/lib/libjimage.so
7f5179acc000-7f5179acf000 r-xp 00002000 08:05 8650909                    /usr/lib/jvm/java-11-openjdk-amd64/lib/libjimage.so
7f5179acf000-7f5179ad0000 r--p 00005000 08:05 8650909                    /usr/lib/jvm/java-11-openjdk-amd64/lib/libjimage.so
7f5179ad0000-7f5179ad1000 ---p 00006000 08:05 8650909                    /usr/lib/jvm/java-11-openjdk-amd64/lib/libjimage.so
7f5179ad1000-7f5179ad2000 r--p 00006000 08:05 8650909                    /usr/lib/jvm/java-11-openjdk-amd64/lib/libjimage.so
7f5179ad2000-7f5179ad3000 rw-p 00007000 08:05 8650909                    /usr/lib/jvm/java-11-openjdk-amd64/lib/libjimage.so
7f5179ad3000-7f5179ae1000 r--p 00000000 08:05 8650906                    /usr/lib/jvm/java-11-openjdk-amd64/lib/libjava.so
7f5179ae1000-7f5179af7000 r-xp 0000e000 08:05 8650906                    /usr/lib/jvm/java-11-openjdk-amd64/lib/libjava.so
7f5179af7000-7f5179afe000 r--p 00024000 08:05 8650906                    /usr/lib/jvm/java-11-openjdk-amd64/lib/libjava.so
7f5179afe000-7f5179aff000 r--p 0002a000 08:05 8650906                    /usr/lib/jvm/java-11-openjdk-amd64/lib/libjava.so
7f5179aff000-7f5179b00000 rw-p 0002b000 08:05 8650906                    /usr/lib/jvm/java-11-openjdk-amd64/lib/libjava.so
7f5179b00000-7f5179b01000 rw-p 00000000 00:00 0 
7f5179b01000-7f5179b04000 r--p 00000000 08:05 2359463                    /usr/lib/x86_64-linux-gnu/librt-2.31.so
7f5179b04000-7f5179b08000 r-xp 00003000 08:05 2359463                    /usr/lib/x86_64-linux-gnu/librt-2.31.so
7f5179b08000-7f5179b09000 r--p 00007000 08:05 2359463                    /usr/lib/x86_64-linux-gnu/librt-2.31.so
7f5179b09000-7f5179b0a000 ---p 00008000 08:05 2359463                    /usr/lib/x86_64-linux-gnu/librt-2.31.so
7f5179b0a000-7f5179b0b000 r--p 00008000 08:05 2359463                    /usr/lib/x86_64-linux-gnu/librt-2.31.so
7f5179b0b000-7f5179b0c000 rw-p 00009000 08:05 2359463                    /usr/lib/x86_64-linux-gnu/librt-2.31.so
7f5179b0c000-7f5179b10000 ---p 00000000 00:00 0 
7f5179b10000-7f5179c0d000 rw-p 00000000 00:00 0 
7f5179c0d000-7f5179c10000 r--p 00000000 08:05 2361475                    /usr/lib/x86_64-linux-gnu/libgcc_s.so.1
7f5179c10000-7f5179c22000 r-xp 00003000 08:05 2361475                    /usr/lib/x86_64-linux-gnu/libgcc_s.so.1
7f5179c22000-7f5179c26000 r--p 00015000 08:05 2361475                    /usr/lib/x86_64-linux-gnu/libgcc_s.so.1
7f5179c26000-7f5179c27000 r--p 00018000 08:05 2361475                    /usr/lib/x86_64-linux-gnu/libgcc_s.so.1
7f5179c27000-7f5179c28000 rw-p 00019000 08:05 2361475                    /usr/lib/x86_64-linux-gnu/libgcc_s.so.1
7f5179c28000-7f5179c37000 r--p 00000000 08:05 2359396                    /usr/lib/x86_64-linux-gnu/libm-2.31.so
7f5179c37000-7f5179cde000 r-xp 0000f000 08:05 2359396                    /usr/lib/x86_64-linux-gnu/libm-2.31.so
7f5179cde000-7f5179d75000 r--p 000b6000 08:05 2359396                    /usr/lib/x86_64-linux-gnu/libm-2.31.so
7f5179d75000-7f5179d76000 r--p 0014c000 08:05 2359396                    /usr/lib/x86_64-linux-gnu/libm-2.31.so
7f5179d76000-7f5179d77000 rw-p 0014d000 08:05 2359396                    /usr/lib/x86_64-linux-gnu/libm-2.31.so
7f5179d77000-7f5179e0d000 r--p 00000000 08:05 2361076                    /usr/lib/x86_64-linux-gnu/libstdc++.so.6.0.28
7f5179e0d000-7f5179efe000 r-xp 00096000 08:05 2361076                    /usr/lib/x86_64-linux-gnu/libstdc++.so.6.0.28
7f5179efe000-7f5179f47000 r--p 00187000 08:05 2361076                    /usr/lib/x86_64-linux-gnu/libstdc++.so.6.0.28
7f5179f47000-7f5179f48000 ---p 001d0000 08:05 2361076                    /usr/lib/x86_64-linux-gnu/libstdc++.so.6.0.28
7f5179f48000-7f5179f53000 r--p 001d0000 08:05 2361076                    /usr/lib/x86_64-linux-gnu/libstdc++.so.6.0.28
7f5179f53000-7f5179f56000 rw-p 001db000 08:05 2361076                    /usr/lib/x86_64-linux-gnu/libstdc++.so.6.0.28
7f5179f56000-7f5179f59000 rw-p 00000000 00:00 0 
7f5179f59000-7f517a1da000 r--p 00000000 08:05 8650930                    /usr/lib/jvm/java-11-openjdk-amd64/lib/server/libjvm.so
7f517a1da000-7f517ae5a000 r-xp 00281000 08:05 8650930                    /usr/lib/jvm/java-11-openjdk-amd64/lib/server/libjvm.so
7f517ae5a000-7f517b0b5000 r--p 00f01000 08:05 8650930                    /usr/lib/jvm/java-11-openjdk-amd64/lib/server/libjvm.so
7f517b0b5000-7f517b179000 r--p 0115b000 08:05 8650930                    /usr/lib/jvm/java-11-openjdk-amd64/lib/server/libjvm.so
7f517b179000-7f517b1b4000 rw-p 0121f000 08:05 8650930                    /usr/lib/jvm/java-11-openjdk-amd64/lib/server/libjvm.so
7f517b1b4000-7f517b20d000 rw-p 00000000 00:00 0 
7f517b20d000-7f517b214000 r--p 00000000 08:05 2359446                    /usr/lib/x86_64-linux-gnu/libpthread-2.31.so
7f517b214000-7f517b225000 r-xp 00007000 08:05 2359446                    /usr/lib/x86_64-linux-gnu/libpthread-2.31.so
7f517b225000-7f517b22a000 r--p 00018000 08:05 2359446                    /usr/lib/x86_64-linux-gnu/libpthread-2.31.so
7f517b22a000-7f517b22b000 r--p 0001c000 08:05 2359446                    /usr/lib/x86_64-linux-gnu/libpthread-2.31.so
7f517b22b000-7f517b22c000 rw-p 0001d000 08:05 2359446                    /usr/lib/x86_64-linux-gnu/libpthread-2.31.so
7f517b22c000-7f517b230000 rw-p 00000000 00:00 0 
7f517b230000-7f517b231000 r--p 00000000 08:05 2359372                    /usr/lib/x86_64-linux-gnu/libdl-2.31.so
7f517b231000-7f517b233000 r-xp 00001000 08:05 2359372                    /usr/lib/x86_64-linux-gnu/libdl-2.31.so
7f517b233000-7f517b234000 r--p 00003000 08:05 2359372                    /usr/lib/x86_64-linux-gnu/libdl-2.31.so
7f517b234000-7f517b235000 r--p 00003000 08:05 2359372                    /usr/lib/x86_64-linux-gnu/libdl-2.31.so
7f517b235000-7f517b236000 rw-p 00004000 08:05 2359372                    /usr/lib/x86_64-linux-gnu/libdl-2.31.so
7f517b236000-7f517b238000 r--p 00000000 08:05 2359490                    /usr/lib/x86_64-linux-gnu/libz.so.1.2.11
7f517b238000-7f517b249000 r-xp 00002000 08:05 2359490                    /usr/lib/x86_64-linux-gnu/libz.so.1.2.11
7f517b249000-7f517b24f000 r--p 00013000 08:05 2359490                    /usr/lib/x86_64-linux-gnu/libz.so.1.2.11
7f517b24f000-7f517b250000 ---p 00019000 08:05 2359490                    /usr/lib/x86_64-linux-gnu/libz.so.1.2.11
7f517b250000-7f517b251000 r--p 00019000 08:05 2359490                    /usr/lib/x86_64-linux-gnu/libz.so.1.2.11
7f517b251000-7f517b252000 rw-p 0001a000 08:05 2359490                    /usr/lib/x86_64-linux-gnu/libz.so.1.2.11
7f517b252000-7f517b277000 r--p 00000000 08:05 2359371                    /usr/lib/x86_64-linux-gnu/libc-2.31.so
7f517b277000-7f517b3ef000 r-xp 00025000 08:05 2359371                    /usr/lib/x86_64-linux-gnu/libc-2.31.so
7f517b3ef000-7f517b439000 r--p 0019d000 08:05 2359371                    /usr/lib/x86_64-linux-gnu/libc-2.31.so
7f517b439000-7f517b43a000 ---p 001e7000 08:05 2359371                    /usr/lib/x86_64-linux-gnu/libc-2.31.so
7f517b43a000-7f517b43d000 r--p 001e7000 08:05 2359371                    /usr/lib/x86_64-linux-gnu/libc-2.31.so
7f517b43d000-7f517b440000 rw-p 001ea000 08:05 2359371                    /usr/lib/x86_64-linux-gnu/libc-2.31.so
7f517b440000-7f517b444000 rw-p 00000000 00:00 0 
7f517b444000-7f517b446000 r--s 0000c000 08:05 3155171                    /usr/share/java/java-atk-wrapper.jar
7f517b446000-7f517b447000 ---p 00000000 00:00 0 
7f517b447000-7f517b448000 r--p 00000000 00:00 0 
7f517b448000-7f517b44d000 r--p 00000000 08:05 8650925                    /usr/lib/jvm/java-11-openjdk-amd64/lib/libverify.so
7f517b44d000-7f517b454000 r-xp 00005000 08:05 8650925                    /usr/lib/jvm/java-11-openjdk-amd64/lib/libverify.so
7f517b454000-7f517b456000 r--p 0000c000 08:05 8650925                    /usr/lib/jvm/java-11-openjdk-amd64/lib/libverify.so
7f517b456000-7f517b457000 ---p 0000e000 08:05 8650925                    /usr/lib/jvm/java-11-openjdk-amd64/lib/libverify.so
7f517b457000-7f517b459000 r--p 0000e000 08:05 8650925                    /usr/lib/jvm/java-11-openjdk-amd64/lib/libverify.so
7f517b459000-7f517b45a000 rw-p 00010000 08:05 8650925                    /usr/lib/jvm/java-11-openjdk-amd64/lib/libverify.so
7f517b45a000-7f517b45d000 r--p 00000000 08:05 8650878                    /usr/lib/jvm/java-11-openjdk-amd64/lib/jli/libjli.so
7f517b45d000-7f517b467000 r-xp 00003000 08:05 8650878                    /usr/lib/jvm/java-11-openjdk-amd64/lib/jli/libjli.so
7f517b467000-7f517b46a000 r--p 0000d000 08:05 8650878                    /usr/lib/jvm/java-11-openjdk-amd64/lib/jli/libjli.so
7f517b46a000-7f517b46b000 ---p 00010000 08:05 8650878                    /usr/lib/jvm/java-11-openjdk-amd64/lib/jli/libjli.so
7f517b46b000-7f517b46c000 r--p 00010000 08:05 8650878                    /usr/lib/jvm/java-11-openjdk-amd64/lib/jli/libjli.so
7f517b46c000-7f517b46d000 rw-p 00011000 08:05 8650878                    /usr/lib/jvm/java-11-openjdk-amd64/lib/jli/libjli.so
7f517b46d000-7f517b46f000 rw-p 00000000 00:00 0 
7f517b46f000-7f517b470000 r--p 00000000 08:05 2359348                    /usr/lib/x86_64-linux-gnu/ld-2.31.so
7f517b470000-7f517b493000 r-xp 00001000 08:05 2359348                    /usr/lib/x86_64-linux-gnu/ld-2.31.so
7f517b493000-7f517b49b000 r--p 00024000 08:05 2359348                    /usr/lib/x86_64-linux-gnu/ld-2.31.so
7f517b49c000-7f517b49d000 r--p 0002c000 08:05 2359348                    /usr/lib/x86_64-linux-gnu/ld-2.31.so
7f517b49d000-7f517b49e000 rw-p 0002d000 08:05 2359348                    /usr/lib/x86_64-linux-gnu/ld-2.31.so
7f517b49e000-7f517b49f000 rw-p 00000000 00:00 0 
7ffcae149000-7ffcae16e000 rw-p 00000000 00:00 0                          [stack]
7ffcae170000-7ffcae174000 r--p 00000000 00:00 0                          [vvar]
7ffcae174000-7ffcae176000 r-xp 00000000 00:00 0                          [vdso]
ffffffffff600000-ffffffffff601000 --xp 00000000 00:00 0                  [vsyscall]


VM Arguments:
jvm_args: -agentlib:jdwp=transport=dt_socket,server=n,suspend=y,address=127.0.0.1:39733 -Dfile.encoding=UTF-8 -Duser.country=BR -Duser.language=pt -Duser.variant 
java_command: com.bruno.bdb.BasicDigitalBankApplication
java_class_path (initial): /home/windows/Vídeos/Criando um Banco Digital com Java e Orientação a Objetos/projeto/bdb/build/classes/java/main:/home/windows/Vídeos/Criando um Banco Digital com Java e Orientação a Objetos/projeto/bdb/build/resources/main:/home/windows/.gradle/caches/modules-2/files-2.1/org.springframework.boot/spring-boot-starter-data-jpa/2.6.2/3eb637ccd03194f1d639b9efed1ff7d73c8592e3/spring-boot-starter-data-jpa-2.6.2.jar:/home/windows/.gradle/caches/modules-2/files-2.1/org.springframework.boot/spring-boot-starter-hateoas/2.6.2/38a43417f6f12b75a6b7ea71762dbfb38d94a629/spring-boot-starter-hateoas-2.6.2.jar:/home/windows/.gradle/caches/modules-2/files-2.1/org.springframework.boot/spring-boot-starter-security/2.6.2/43ee0478a25124223e4bc0300d94239f96086253/spring-boot-starter-security-2.6.2.jar:/home/windows/.gradle/caches/modules-2/files-2.1/org.springframework.boot/spring-boot-starter-validation/2.6.2/3380b0ca1276496b2af424138db70c621e4a4d5/spring-boot-starter-validation-2.6.2.jar:/home/windows/.gradle/caches/modules-2/files-2.1/org.springframework.boot/spring-boot-starter-web/2.6.2/685b236afc0144a52383cd2c52731dd016f9badd/spring-boot-starter-web-2.6.2.jar:/home/windows/.gradle/caches/modules-2/files-2.1/io.jsonwebtoken/jjwt/0.9.1/54d2abfc3e63a28824d35bf600d6a5d627da681a/jjwt-0.9.1.jar:/home/windows/.gradle/caches/modules-2/files-2.1/org.springdoc/springdoc-openapi-ui/1.6.3/a5d0b3220c59c70b9c3cd4579886e758ec0d1e36/springdoc-openapi-ui-1.6.3.jar:/home/windows/.gradle/caches/modules-2/files-2.1/com.h2database/h2/1.4.200/f7533fe7cb8e99c87a43d325a77b4b678ad9031a/h2-1.4.200.jar:/home/windows/.gradle/caches/modules-2/files-2.1/com.microsoft.sqlserver/mssql-jdbc/9.4.1.jre8/add1e80b29faaf3daef2ff503b572bd2b41c0439/mssql-jdbc-9.4.1.jre8.jar:/home/windows/.gradle/caches/modules-2/files-2.1/org.springframework.boot/spring-boot-starter-aop/2.6.2/af16c0de56462ef8a6a9ac63cff30bf5120fc5b3/spring-boot-starter-aop-2.6.2.jar:/home/windows/.gradle/caches/modules-2
Launcher Type: SUN_STANDARD

[Global flags]
     intx CICompilerCount                          = 3                                         {product} {ergonomic}
     uint ConcGCThreads                            = 1                                         {product} {ergonomic}
     uint G1ConcRefinementThreads                  = 4                                         {product} {ergonomic}
   size_t G1HeapRegionSize                         = 1048576                                   {product} {ergonomic}
    uintx GCDrainStackTargetSize                   = 64                                        {product} {ergonomic}
   size_t InitialHeapSize                          = 130023424                                 {product} {ergonomic}
   size_t MarkStackSize                            = 4194304                                   {product} {ergonomic}
   size_t MaxHeapSize                              = 2069889024                                {product} {ergonomic}
   size_t MaxNewSize                               = 1241513984                                {product} {ergonomic}
   size_t MinHeapDeltaBytes                        = 1048576                                   {product} {ergonomic}
    uintx NonNMethodCodeHeapSize                   = 5830732                                {pd product} {ergonomic}
    uintx NonProfiledCodeHeapSize                  = 122913754                              {pd product} {ergonomic}
    uintx ProfiledCodeHeapSize                     = 122913754                              {pd product} {ergonomic}
    uintx ReservedCodeCacheSize                    = 251658240                              {pd product} {ergonomic}
     bool SegmentedCodeCache                       = true                                      {product} {ergonomic}
     bool UseCompressedClassPointers               = true                                 {lp64_product} {ergonomic}
     bool UseCompressedOops                        = true                                 {lp64_product} {ergonomic}
     bool UseG1GC                                  = true                                      {product} {ergonomic}

Logging:
Log output configuration:
 #0: stdout all=warning uptime,level,tags
 #1: stderr all=off uptime,level,tags

Environment Variables:
JAVA_HOME=/usr/lib/jvm/java-11-openjdk-amd64
PATH=/usr/lib/jvm/java-11-openjdk-amd64/bin:/opt/apache-maven-3.8.1/bin:/home/windows/.local/bin:/usr/local/sbin:/usr/local/bin:/usr/sbin:/usr/bin:/sbin:/bin:/usr/games:/usr/local/games:/snap/bin:/usr/lib/jvm/java-16-oracle/bin:/usr/lib/jvm/java-16-oracle/db/bin
USERNAME=windows
SHELL=/bin/bash
DISPLAY=:0
LANG=pt_BR.UTF-8

Signal Handlers:
SIGSEGV: [libjvm.so+0xe8e8d0], sa_mask[0]=11111111011111111101111111111110, sa_flags=SA_RESTART|SA_SIGINFO
SIGBUS: [libjvm.so+0xe8e8d0], sa_mask[0]=11111111011111111101111111111110, sa_flags=SA_RESTART|SA_SIGINFO
SIGFPE: [libjvm.so+0xe8e8d0], sa_mask[0]=11111111011111111101111111111110, sa_flags=SA_RESTART|SA_SIGINFO
SIGPIPE: [libjvm.so+0xbd6910], sa_mask[0]=11111111011111111101111111111110, sa_flags=SA_RESTART|SA_SIGINFO
SIGXFSZ: [libjvm.so+0xbd6910], sa_mask[0]=11111111011111111101111111111110, sa_flags=SA_RESTART|SA_SIGINFO
SIGILL: [libjvm.so+0xe8e8d0], sa_mask[0]=11111111011111111101111111111110, sa_flags=SA_RESTART|SA_SIGINFO
SIGUSR2: [libjvm.so+0xbd67b0], sa_mask[0]=00100000000000000000000000000000, sa_flags=SA_RESTART|SA_SIGINFO
SIGHUP: [libjvm.so+0xbd6c50], sa_mask[0]=11111111011111111101111111111110, sa_flags=SA_RESTART|SA_SIGINFO
SIGINT: [libjvm.so+0xbd6c50], sa_mask[0]=11111111011111111101111111111110, sa_flags=SA_RESTART|SA_SIGINFO
SIGTERM: [libjvm.so+0xbd6c50], sa_mask[0]=11111111011111111101111111111110, sa_flags=SA_RESTART|SA_SIGINFO
SIGQUIT: [libjvm.so+0xbd6c50], sa_mask[0]=11111111011111111101111111111110, sa_flags=SA_RESTART|SA_SIGINFO


---------------  S Y S T E M  ---------------

OS:DISTRIB_ID=Ubuntu
DISTRIB_RELEASE=20.04
DISTRIB_CODENAME=focal
DISTRIB_DESCRIPTION="Ubuntu 20.04.3 LTS"
uname:Linux 5.11.0-38-generic #42~20.04.1-Ubuntu SMP Tue Sep 28 20:41:07 UTC 2021 x86_64
OS uptime: 0 days 2:18 hours
libc:glibc 2.31 NPTL 2.31 
rlimit (soft/hard): STACK 8192k/infinity , CORE 0k/infinity , NPROC 31356/31356 , NOFILE 1048576/1048576 , AS infinity/infinity , CPU infinity/infinity , DATA infinity/infinity , FSIZE infinity/infinity , MEMLOCK 65536k/65536k
load average:2,77 1,29 0,98

/proc/meminfo:
MemTotal:        8082052 kB
MemFree:          141392 kB
MemAvailable:    1296628 kB
Buffers:          124236 kB
Cached:          1562776 kB
SwapCached:        18768 kB
Active:          1954728 kB
Inactive:        5542108 kB
Active(anon):    1075600 kB
Inactive(anon):  5118784 kB
Active(file):     879128 kB
Inactive(file):   423324 kB
Unevictable:        6568 kB
Mlocked:               0 kB
SwapTotal:       2097148 kB
SwapFree:        1207036 kB
Dirty:              2628 kB
Writeback:           128 kB
AnonPages:       5801348 kB
Mapped:           423508 kB
Shmem:            387672 kB
KReclaimable:     147328 kB
Slab:             279884 kB
SReclaimable:     147328 kB
SUnreclaim:       132556 kB
KernelStack:       25584 kB
PageTables:        61304 kB
NFS_Unstable:          0 kB
Bounce:                0 kB
WritebackTmp:          0 kB
CommitLimit:     6138172 kB
Committed_AS:   14845516 kB
VmallocTotal:   34359738367 kB
VmallocUsed:       50548 kB
VmallocChunk:          0 kB
Percpu:             8352 kB
HardwareCorrupted:     0 kB
AnonHugePages:         0 kB
ShmemHugePages:        0 kB
ShmemPmdMapped:        0 kB
FileHugePages:         0 kB
FilePmdMapped:         0 kB
HugePages_Total:       0
HugePages_Free:        0
HugePages_Rsvd:        0
HugePages_Surp:        0
Hugepagesize:       2048 kB
Hugetlb:               0 kB
DirectMap4k:      361212 kB
DirectMap2M:     7960576 kB

/sys/kernel/mm/transparent_hugepage/enabled:
always [madvise] never
/sys/kernel/mm/transparent_hugepage/defrag (defrag/compaction efforts parameter):
always defer defer+madvise [madvise] never

Process Memory:
Virtual Size: 5263672K (peak: 13452628K)
Resident Set Size: 292712K (peak: 292712K) (anon: 264264K, file: 28448K, shmem: 0K)
Swapped out: 0K
C-Heap outstanding allocations: 81734K

/proc/sys/kernel/threads-max (system-wide limit on the number of threads):
62713
/proc/sys/vm/max_map_count (maximum number of memory map areas a process may have):
65530
/proc/sys/kernel/pid_max (system-wide limit on number of process identifiers):
4194304

container (cgroup) information:
container_type: cgroupv1
cpu_cpuset_cpus: 0-3
cpu_memory_nodes: 0
active_processor_count: 4
cpu_quota: -1
cpu_period: 100000
cpu_shares: -1
memory_limit_in_bytes: -1
memory_and_swap_limit_in_bytes: -1
memory_soft_limit_in_bytes: -1
memory_usage_in_bytes: 7085862912
memory_max_usage_in_bytes: 7192588288

Steal ticks since vm start: 0
Steal ticks percentage since vm start:  0,000

CPU:total 4 (initial active 4) (2 cores per cpu, 2 threads per core) family 6 model 42 stepping 7 microcode 0x14, cmov, cx8, fxsr, mmx, sse, sse2, sse3, ssse3, sse4.1, sse4.2, popcnt, avx, aes, clmul, ht, tsc, tscinvbit
CPU Model and flags from /proc/cpuinfo:
model name	: Intel(R) Core(TM) i5-2520M CPU @ 2.50GHz
flags		: fpu vme de pse tsc msr pae mce cx8 apic sep mtrr pge mca cmov pat pse36 clflush dts acpi mmx fxsr sse sse2 ht tm pbe syscall nx rdtscp lm constant_tsc arch_perfmon pebs bts rep_good nopl xtopology nonstop_tsc cpuid aperfmperf pni pclmulqdq dtes64 monitor ds_cpl vmx smx est tm2 ssse3 cx16 xtpr pdcm pcid sse4_1 sse4_2 x2apic popcnt tsc_deadline_timer aes xsave avx lahf_lm epb pti tpr_shadow vnmi flexpriority ept vpid xsaveopt dtherm ida arat pln pts
Online cpus:
0-3
Offline cpus:
4-7
BIOS frequency limitation:
<Not Available>
Frequency switch latency (ns):
20000
Available cpu frequencies:
<Not Available>
Current governor:
ondemand
Core performance/turbo boost:
<Not Available>

Memory: 4k page, physical 8082052k(141392k free), swap 2097148k(1207036k free)

vm_info: OpenJDK 64-Bit Server VM (11.0.13+8-Ubuntu-0ubuntu1.20.04) for linux-amd64 JRE (11.0.13+8-Ubuntu-0ubuntu1.20.04), built on Oct 29 2021 09:11:30 by "unknown" with gcc 9.3.0

END.
